This file contains any messages produced by compilers while
running configure, to aid debugging if configure makes a mistake.

It was created by Warmux configure 11.04, which was
generated by GNU Autoconf 2.69.  Invocation command line was

  $ ./configure 

## --------- ##
## Platform. ##
## --------- ##

hostname = arnaud-M14xR1
uname -m = x86_64
uname -r = 3.11.0-12-generic
uname -s = Linux
uname -v = #19-Ubuntu SMP Wed Oct 9 16:20:46 UTC 2013

/usr/bin/uname -p = unknown
/bin/uname -X     = unknown

/bin/arch              = unknown
/usr/bin/arch -k       = unknown
/usr/convex/getsysinfo = unknown
/usr/bin/hostinfo      = unknown
/bin/machine           = unknown
/usr/bin/oslevel       = unknown
/bin/universe          = unknown

PATH: /usr/lib/lightdm/lightdm
PATH: /usr/local/sbin
PATH: /usr/local/bin
PATH: /usr/sbin
PATH: /usr/bin
PATH: /sbin
PATH: /bin
PATH: /usr/games
PATH: /usr/local/games


## ----------- ##
## Core tests. ##
## ----------- ##

configure:2389: checking build system type
configure:2403: result: x86_64-unknown-linux-gnu
configure:2423: checking host system type
configure:2436: result: x86_64-unknown-linux-gnu
configure:2456: checking target system type
configure:2469: result: x86_64-unknown-linux-gnu
configure:2513: checking for a BSD-compatible install
configure:2581: result: /usr/bin/install -c
configure:2592: checking whether build environment is sane
configure:2642: result: yes
configure:2783: checking for a thread-safe mkdir -p
configure:2822: result: /bin/mkdir -p
configure:2835: checking for gawk
configure:2865: result: no
configure:2835: checking for mawk
configure:2851: found /usr/bin/mawk
configure:2862: result: mawk
configure:2873: checking whether make sets $(MAKE)
configure:2895: result: yes
configure:2977: checking whether NLS is requested
configure:2986: result: yes
configure:3027: checking for msgfmt
configure: trying /usr/bin/msgfmt...
0 translated messages.
configure:3059: result: /usr/bin/msgfmt
configure:3068: checking for gmsgfmt
configure:3099: result: /usr/bin/msgfmt
configure:3150: checking for xgettext
configure: trying /usr/bin/xgettext...
/usr/bin/xgettext: warning: file `/dev/null' extension `' is unknown; will try C
configure:3182: result: /usr/bin/xgettext
configure:3228: checking for msgmerge
configure: trying /usr/bin/msgmerge...
configure:3259: result: /usr/bin/msgmerge
configure:3304: checking for style of include used by make
configure:3332: result: GNU
configure:3403: checking for gcc
configure:3419: found /usr/bin/gcc
configure:3430: result: gcc
configure:3659: checking for C compiler version
configure:3668: gcc --version >&5
gcc (Ubuntu/Linaro 4.8.1-10ubuntu8) 4.8.1
Copyright (C) 2013 Free Software Foundation, Inc.
This is free software; see the source for copying conditions.  There is NO
warranty; not even for MERCHANTABILITY or FITNESS FOR A PARTICULAR PURPOSE.

configure:3679: $? = 0
configure:3668: gcc -v >&5
Using built-in specs.
COLLECT_GCC=gcc
COLLECT_LTO_WRAPPER=/usr/lib/gcc/x86_64-linux-gnu/4.8/lto-wrapper
Target: x86_64-linux-gnu
Configured with: ../src/configure -v --with-pkgversion='Ubuntu/Linaro 4.8.1-10ubuntu8' --with-bugurl=file:///usr/share/doc/gcc-4.8/README.Bugs --enable-languages=c,c++,java,go,d,fortran,objc,obj-c++ --prefix=/usr --program-suffix=-4.8 --enable-shared --enable-linker-build-id --libexecdir=/usr/lib --without-included-gettext --enable-threads=posix --with-gxx-include-dir=/usr/include/c++/4.8 --libdir=/usr/lib --enable-nls --with-sysroot=/ --enable-clocale=gnu --enable-libstdcxx-debug --enable-libstdcxx-time=yes --enable-gnu-unique-object --enable-plugin --with-system-zlib --disable-browser-plugin --enable-java-awt=gtk --enable-gtk-cairo --with-java-home=/usr/lib/jvm/java-1.5.0-gcj-4.8-amd64/jre --enable-java-home --with-jvm-root-dir=/usr/lib/jvm/java-1.5.0-gcj-4.8-amd64 --with-jvm-jar-dir=/usr/lib/jvm-exports/java-1.5.0-gcj-4.8-amd64 --with-arch-directory=amd64 --with-ecj-jar=/usr/share/java/eclipse-ecj.jar --enable-objc-gc --enable-multiarch --disable-werror --with-arch-32=i686 --with-abi=m64 --with-multilib-list=m32,m64,mx32 --with-tune=generic --enable-checking=release --build=x86_64-linux-gnu --host=x86_64-linux-gnu --target=x86_64-linux-gnu
Thread model: posix
gcc version 4.8.1 (Ubuntu/Linaro 4.8.1-10ubuntu8) 
configure:3679: $? = 0
configure:3668: gcc -V >&5
gcc: error: unrecognized command line option '-V'
gcc: fatal error: no input files
compilation terminated.
configure:3679: $? = 4
configure:3668: gcc -qversion >&5
gcc: error: unrecognized command line option '-qversion'
gcc: fatal error: no input files
compilation terminated.
configure:3679: $? = 4
configure:3699: checking whether the C compiler works
configure:3721: gcc    conftest.c  >&5
configure:3725: $? = 0
configure:3773: result: yes
configure:3776: checking for C compiler default output file name
configure:3778: result: a.out
configure:3784: checking for suffix of executables
configure:3791: gcc -o conftest    conftest.c  >&5
configure:3795: $? = 0
configure:3817: result: 
configure:3839: checking whether we are cross compiling
configure:3847: gcc -o conftest    conftest.c  >&5
configure:3851: $? = 0
configure:3858: ./conftest
configure:3862: $? = 0
configure:3877: result: no
configure:3882: checking for suffix of object files
configure:3904: gcc -c   conftest.c >&5
configure:3908: $? = 0
configure:3929: result: o
configure:3933: checking whether we are using the GNU C compiler
configure:3952: gcc -c   conftest.c >&5
configure:3952: $? = 0
configure:3961: result: yes
configure:3970: checking whether gcc accepts -g
configure:3990: gcc -c -g  conftest.c >&5
configure:3990: $? = 0
configure:4031: result: yes
configure:4048: checking for gcc option to accept ISO C89
configure:4111: gcc  -c -g -O2  conftest.c >&5
configure:4111: $? = 0
configure:4124: result: none needed
configure:4146: checking dependency style of gcc
configure:4257: result: gcc3
configure:4296: checking for ld used by GCC
configure:4360: result: /usr/bin/ld
configure:4367: checking if the linker (/usr/bin/ld) is GNU ld
configure:4380: result: yes
configure:4387: checking for shared library run path origin
configure:4400: result: done
configure:4425: checking how to run the C preprocessor
configure:4456: gcc -E  conftest.c
configure:4456: $? = 0
configure:4470: gcc -E  conftest.c
conftest.c:11:28: fatal error: ac_nonexistent.h: No such file or directory
 #include <ac_nonexistent.h>
                            ^
compilation terminated.
configure:4470: $? = 1
configure: failed program was:
| /* confdefs.h */
| #define PACKAGE_NAME "Warmux"
| #define PACKAGE_TARNAME "warmux"
| #define PACKAGE_VERSION "11.04"
| #define PACKAGE_STRING "Warmux 11.04"
| #define PACKAGE_BUGREPORT "warmux-dev@gna.org"
| #define PACKAGE_URL ""
| #define PACKAGE "warmux"
| #define VERSION "11.04"
| /* end confdefs.h.  */
| #include <ac_nonexistent.h>
configure:4495: result: gcc -E
configure:4515: gcc -E  conftest.c
configure:4515: $? = 0
configure:4529: gcc -E  conftest.c
conftest.c:11:28: fatal error: ac_nonexistent.h: No such file or directory
 #include <ac_nonexistent.h>
                            ^
compilation terminated.
configure:4529: $? = 1
configure: failed program was:
| /* confdefs.h */
| #define PACKAGE_NAME "Warmux"
| #define PACKAGE_TARNAME "warmux"
| #define PACKAGE_VERSION "11.04"
| #define PACKAGE_STRING "Warmux 11.04"
| #define PACKAGE_BUGREPORT "warmux-dev@gna.org"
| #define PACKAGE_URL ""
| #define PACKAGE "warmux"
| #define VERSION "11.04"
| /* end confdefs.h.  */
| #include <ac_nonexistent.h>
configure:4558: checking for grep that handles long lines and -e
configure:4616: result: /bin/grep
configure:4621: checking for egrep
configure:4683: result: /bin/grep -E
configure:5241: checking for CFPreferencesCopyAppValue
configure:5259: gcc -o conftest -g -O2   conftest.c  -Wl,-framework -Wl,CoreFoundation >&5
conftest.c:11:42: fatal error: CoreFoundation/CFPreferences.h: No such file or directory
 #include <CoreFoundation/CFPreferences.h>
                                          ^
compilation terminated.
configure:5259: $? = 1
configure: failed program was:
| /* confdefs.h */
| #define PACKAGE_NAME "Warmux"
| #define PACKAGE_TARNAME "warmux"
| #define PACKAGE_VERSION "11.04"
| #define PACKAGE_STRING "Warmux 11.04"
| #define PACKAGE_BUGREPORT "warmux-dev@gna.org"
| #define PACKAGE_URL ""
| #define PACKAGE "warmux"
| #define VERSION "11.04"
| /* end confdefs.h.  */
| #include <CoreFoundation/CFPreferences.h>
| int
| main ()
| {
| CFPreferencesCopyAppValue(NULL, NULL)
|   ;
|   return 0;
| }
configure:5268: result: no
configure:5275: checking for CFLocaleCopyCurrent
configure:5293: gcc -o conftest -g -O2   conftest.c  -Wl,-framework -Wl,CoreFoundation >&5
conftest.c:11:37: fatal error: CoreFoundation/CFLocale.h: No such file or directory
 #include <CoreFoundation/CFLocale.h>
                                     ^
compilation terminated.
configure:5293: $? = 1
configure: failed program was:
| /* confdefs.h */
| #define PACKAGE_NAME "Warmux"
| #define PACKAGE_TARNAME "warmux"
| #define PACKAGE_VERSION "11.04"
| #define PACKAGE_STRING "Warmux 11.04"
| #define PACKAGE_BUGREPORT "warmux-dev@gna.org"
| #define PACKAGE_URL ""
| #define PACKAGE "warmux"
| #define VERSION "11.04"
| /* end confdefs.h.  */
| #include <CoreFoundation/CFLocale.h>
| int
| main ()
| {
| CFLocaleCopyCurrent();
|   ;
|   return 0;
| }
configure:5302: result: no
configure:5351: checking for GNU gettext in libc
configure:5371: gcc -o conftest -g -O2   conftest.c  >&5
configure:5371: $? = 0
configure:5380: result: yes
configure:6171: checking whether to use NLS
configure:6173: result: yes
configure:6176: checking where the gettext function comes from
configure:6187: result: libc
configure:6254: checking whether make sets $(MAKE)
configure:6276: result: yes
configure:6333: checking for gcc
configure:6360: result: gcc
configure:6589: checking for C compiler version
configure:6598: gcc --version >&5
gcc (Ubuntu/Linaro 4.8.1-10ubuntu8) 4.8.1
Copyright (C) 2013 Free Software Foundation, Inc.
This is free software; see the source for copying conditions.  There is NO
warranty; not even for MERCHANTABILITY or FITNESS FOR A PARTICULAR PURPOSE.

configure:6609: $? = 0
configure:6598: gcc -v >&5
Using built-in specs.
COLLECT_GCC=gcc
COLLECT_LTO_WRAPPER=/usr/lib/gcc/x86_64-linux-gnu/4.8/lto-wrapper
Target: x86_64-linux-gnu
Configured with: ../src/configure -v --with-pkgversion='Ubuntu/Linaro 4.8.1-10ubuntu8' --with-bugurl=file:///usr/share/doc/gcc-4.8/README.Bugs --enable-languages=c,c++,java,go,d,fortran,objc,obj-c++ --prefix=/usr --program-suffix=-4.8 --enable-shared --enable-linker-build-id --libexecdir=/usr/lib --without-included-gettext --enable-threads=posix --with-gxx-include-dir=/usr/include/c++/4.8 --libdir=/usr/lib --enable-nls --with-sysroot=/ --enable-clocale=gnu --enable-libstdcxx-debug --enable-libstdcxx-time=yes --enable-gnu-unique-object --enable-plugin --with-system-zlib --disable-browser-plugin --enable-java-awt=gtk --enable-gtk-cairo --with-java-home=/usr/lib/jvm/java-1.5.0-gcj-4.8-amd64/jre --enable-java-home --with-jvm-root-dir=/usr/lib/jvm/java-1.5.0-gcj-4.8-amd64 --with-jvm-jar-dir=/usr/lib/jvm-exports/java-1.5.0-gcj-4.8-amd64 --with-arch-directory=amd64 --with-ecj-jar=/usr/share/java/eclipse-ecj.jar --enable-objc-gc --enable-multiarch --disable-werror --with-arch-32=i686 --with-abi=m64 --with-multilib-list=m32,m64,mx32 --with-tune=generic --enable-checking=release --build=x86_64-linux-gnu --host=x86_64-linux-gnu --target=x86_64-linux-gnu
Thread model: posix
gcc version 4.8.1 (Ubuntu/Linaro 4.8.1-10ubuntu8) 
configure:6609: $? = 0
configure:6598: gcc -V >&5
gcc: error: unrecognized command line option '-V'
gcc: fatal error: no input files
compilation terminated.
configure:6609: $? = 4
configure:6598: gcc -qversion >&5
gcc: error: unrecognized command line option '-qversion'
gcc: fatal error: no input files
compilation terminated.
configure:6609: $? = 4
configure:6613: checking whether we are using the GNU C compiler
configure:6641: result: yes
configure:6650: checking whether gcc accepts -g
configure:6711: result: yes
configure:6728: checking for gcc option to accept ISO C89
configure:6804: result: none needed
configure:6826: checking dependency style of gcc
configure:6937: result: gcc3
configure:7010: checking for g++
configure:7026: found /usr/bin/g++
configure:7037: result: g++
configure:7064: checking for C++ compiler version
configure:7073: g++ --version >&5
g++ (Ubuntu/Linaro 4.8.1-10ubuntu8) 4.8.1
Copyright (C) 2013 Free Software Foundation, Inc.
This is free software; see the source for copying conditions.  There is NO
warranty; not even for MERCHANTABILITY or FITNESS FOR A PARTICULAR PURPOSE.

configure:7084: $? = 0
configure:7073: g++ -v >&5
Using built-in specs.
COLLECT_GCC=g++
COLLECT_LTO_WRAPPER=/usr/lib/gcc/x86_64-linux-gnu/4.8/lto-wrapper
Target: x86_64-linux-gnu
Configured with: ../src/configure -v --with-pkgversion='Ubuntu/Linaro 4.8.1-10ubuntu8' --with-bugurl=file:///usr/share/doc/gcc-4.8/README.Bugs --enable-languages=c,c++,java,go,d,fortran,objc,obj-c++ --prefix=/usr --program-suffix=-4.8 --enable-shared --enable-linker-build-id --libexecdir=/usr/lib --without-included-gettext --enable-threads=posix --with-gxx-include-dir=/usr/include/c++/4.8 --libdir=/usr/lib --enable-nls --with-sysroot=/ --enable-clocale=gnu --enable-libstdcxx-debug --enable-libstdcxx-time=yes --enable-gnu-unique-object --enable-plugin --with-system-zlib --disable-browser-plugin --enable-java-awt=gtk --enable-gtk-cairo --with-java-home=/usr/lib/jvm/java-1.5.0-gcj-4.8-amd64/jre --enable-java-home --with-jvm-root-dir=/usr/lib/jvm/java-1.5.0-gcj-4.8-amd64 --with-jvm-jar-dir=/usr/lib/jvm-exports/java-1.5.0-gcj-4.8-amd64 --with-arch-directory=amd64 --with-ecj-jar=/usr/share/java/eclipse-ecj.jar --enable-objc-gc --enable-multiarch --disable-werror --with-arch-32=i686 --with-abi=m64 --with-multilib-list=m32,m64,mx32 --with-tune=generic --enable-checking=release --build=x86_64-linux-gnu --host=x86_64-linux-gnu --target=x86_64-linux-gnu
Thread model: posix
gcc version 4.8.1 (Ubuntu/Linaro 4.8.1-10ubuntu8) 
configure:7084: $? = 0
configure:7073: g++ -V >&5
g++: error: unrecognized command line option '-V'
g++: fatal error: no input files
compilation terminated.
configure:7084: $? = 4
configure:7073: g++ -qversion >&5
g++: error: unrecognized command line option '-qversion'
g++: fatal error: no input files
compilation terminated.
configure:7084: $? = 4
configure:7088: checking whether we are using the GNU C++ compiler
configure:7107: g++ -c   conftest.cpp >&5
configure:7107: $? = 0
configure:7116: result: yes
configure:7125: checking whether g++ accepts -g
configure:7145: g++ -c -g  conftest.cpp >&5
configure:7145: $? = 0
configure:7186: result: yes
configure:7211: checking dependency style of g++
configure:7322: result: gcc3
configure:7342: checking how to run the C preprocessor
configure:7412: result: gcc -E
configure:7432: gcc -E  conftest.c
configure:7432: $? = 0
configure:7446: gcc -E  conftest.c
conftest.c:14:28: fatal error: ac_nonexistent.h: No such file or directory
 #include <ac_nonexistent.h>
                            ^
compilation terminated.
configure:7446: $? = 1
configure: failed program was:
| /* confdefs.h */
| #define PACKAGE_NAME "Warmux"
| #define PACKAGE_TARNAME "warmux"
| #define PACKAGE_VERSION "11.04"
| #define PACKAGE_STRING "Warmux 11.04"
| #define PACKAGE_BUGREPORT "warmux-dev@gna.org"
| #define PACKAGE_URL ""
| #define PACKAGE "warmux"
| #define VERSION "11.04"
| #define ENABLE_NLS 1
| #define HAVE_GETTEXT 1
| #define HAVE_DCGETTEXT 1
| /* end confdefs.h.  */
| #include <ac_nonexistent.h>
configure:7518: checking for ranlib
configure:7534: found /usr/bin/ranlib
configure:7545: result: ranlib
configure:7610: checking for strip
configure:7626: found /usr/bin/strip
configure:7637: result: strip
configure:7702: checking for windres
configure:7732: result: no
configure:7754: checking for g++
configure:7770: found /usr/bin/g++
configure:7782: result: yes
configure:7844: WARNING: Building of servers is disabled. If you want build the index and servers, please use configure with this option : --enable-servers
configure:7953: checking gcc version
configure:7959: result: 4.8
configure:8037: checking for sdl-config
configure:8055: found /usr/bin/sdl-config
configure:8068: result: /usr/bin/sdl-config
configure:8078: checking for SDL - version >= 1.2.6
configure:8165: gcc -o conftest -Wall -Wextra -g -O2 -I/usr/include/SDL -D_GNU_SOURCE=1 -D_REENTRANT   conftest.c  -L/usr/lib/x86_64-linux-gnu -lSDL >&5
conftest.c: In function 'main':
conftest.c:36:15: warning: unused parameter 'argc' [-Wunused-parameter]
 int main (int argc, char *argv[])
               ^
conftest.c:36:27: warning: unused parameter 'argv' [-Wunused-parameter]
 int main (int argc, char *argv[])
                           ^
configure:8165: $? = 0
configure:8165: ./conftest
configure:8165: $? = 0
configure:8180: result: yes
configure:8255: checking for ANSI C header files
configure:8275: gcc -c -Wall -Wextra -g -O2 -I/usr/include/SDL -D_GNU_SOURCE=1 -D_REENTRANT  -I/usr/include/SDL -D_GNU_SOURCE=1 -D_REENTRANT conftest.c >&5
configure:8275: $? = 0
configure:8348: gcc -o conftest -Wall -Wextra -g -O2 -I/usr/include/SDL -D_GNU_SOURCE=1 -D_REENTRANT  -I/usr/include/SDL -D_GNU_SOURCE=1 -D_REENTRANT  conftest.c  -L/usr/lib/x86_64-linux-gnu -lSDL >&5
configure:8348: $? = 0
configure:8348: ./conftest
configure:8348: $? = 0
configure:8359: result: yes
configure:8372: checking for sys/types.h
configure:8372: gcc -c -Wall -Wextra -g -O2 -I/usr/include/SDL -D_GNU_SOURCE=1 -D_REENTRANT  -I/usr/include/SDL -D_GNU_SOURCE=1 -D_REENTRANT conftest.c >&5
configure:8372: $? = 0
configure:8372: result: yes
configure:8372: checking for sys/stat.h
configure:8372: gcc -c -Wall -Wextra -g -O2 -I/usr/include/SDL -D_GNU_SOURCE=1 -D_REENTRANT  -I/usr/include/SDL -D_GNU_SOURCE=1 -D_REENTRANT conftest.c >&5
configure:8372: $? = 0
configure:8372: result: yes
configure:8372: checking for stdlib.h
configure:8372: gcc -c -Wall -Wextra -g -O2 -I/usr/include/SDL -D_GNU_SOURCE=1 -D_REENTRANT  -I/usr/include/SDL -D_GNU_SOURCE=1 -D_REENTRANT conftest.c >&5
configure:8372: $? = 0
configure:8372: result: yes
configure:8372: checking for string.h
configure:8372: gcc -c -Wall -Wextra -g -O2 -I/usr/include/SDL -D_GNU_SOURCE=1 -D_REENTRANT  -I/usr/include/SDL -D_GNU_SOURCE=1 -D_REENTRANT conftest.c >&5
configure:8372: $? = 0
configure:8372: result: yes
configure:8372: checking for memory.h
configure:8372: gcc -c -Wall -Wextra -g -O2 -I/usr/include/SDL -D_GNU_SOURCE=1 -D_REENTRANT  -I/usr/include/SDL -D_GNU_SOURCE=1 -D_REENTRANT conftest.c >&5
configure:8372: $? = 0
configure:8372: result: yes
configure:8372: checking for strings.h
configure:8372: gcc -c -Wall -Wextra -g -O2 -I/usr/include/SDL -D_GNU_SOURCE=1 -D_REENTRANT  -I/usr/include/SDL -D_GNU_SOURCE=1 -D_REENTRANT conftest.c >&5
configure:8372: $? = 0
configure:8372: result: yes
configure:8372: checking for inttypes.h
configure:8372: gcc -c -Wall -Wextra -g -O2 -I/usr/include/SDL -D_GNU_SOURCE=1 -D_REENTRANT  -I/usr/include/SDL -D_GNU_SOURCE=1 -D_REENTRANT conftest.c >&5
configure:8372: $? = 0
configure:8372: result: yes
configure:8372: checking for stdint.h
configure:8372: gcc -c -Wall -Wextra -g -O2 -I/usr/include/SDL -D_GNU_SOURCE=1 -D_REENTRANT  -I/usr/include/SDL -D_GNU_SOURCE=1 -D_REENTRANT conftest.c >&5
configure:8372: $? = 0
configure:8372: result: yes
configure:8372: checking for unistd.h
configure:8372: gcc -c -Wall -Wextra -g -O2 -I/usr/include/SDL -D_GNU_SOURCE=1 -D_REENTRANT  -I/usr/include/SDL -D_GNU_SOURCE=1 -D_REENTRANT conftest.c >&5
configure:8372: $? = 0
configure:8372: result: yes
configure:8384: checking X11/Xlib.h usability
configure:8384: gcc -c -Wall -Wextra -g -O2 -I/usr/include/SDL -D_GNU_SOURCE=1 -D_REENTRANT  -I/usr/include/SDL -D_GNU_SOURCE=1 -D_REENTRANT conftest.c >&5
configure:8384: $? = 0
configure:8384: result: yes
configure:8384: checking X11/Xlib.h presence
configure:8384: gcc -E  -I/usr/include/SDL -D_GNU_SOURCE=1 -D_REENTRANT conftest.c
configure:8384: $? = 0
configure:8384: result: yes
configure:8384: checking for X11/Xlib.h
configure:8384: result: yes
configure:8404: checking for XOpenDisplay in -lX11
configure:8429: gcc -o conftest -Wall -Wextra -g -O2 -I/usr/include/SDL -D_GNU_SOURCE=1 -D_REENTRANT  -I/usr/include/SDL -D_GNU_SOURCE=1 -D_REENTRANT  conftest.c -lX11   -L/usr/lib/x86_64-linux-gnu -lSDL >&5
configure:8429: $? = 0
configure:8438: result: yes
configure:8504: checking for pkg-config
configure:8522: found /usr/bin/pkg-config
configure:8534: result: /usr/bin/pkg-config
configure:8559: checking pkg-config is at least version 0.9.0
configure:8562: result: yes
configure:8572: checking for LIBXML2
configure:8579: $PKG_CONFIG --exists --print-errors "libxml-2.0"
configure:8582: $? = 0
configure:8596: $PKG_CONFIG --exists --print-errors "libxml-2.0"
configure:8599: $? = 0
configure:8643: result: yes
configure:8649: checking for LIBPNG
configure:8656: $PKG_CONFIG --exists --print-errors "libpng"
configure:8659: $? = 0
configure:8673: $PKG_CONFIG --exists --print-errors "libpng"
configure:8676: $? = 0
configure:8720: result: yes
configure:8823: WARNING: fribidi is disabled. If you want bi-directional text rendering, please use configure with this option : --enable-fribidi
configure:8844: checking SDL_rotozoom.h usability
configure:8844: gcc -c -Wall -Wextra -g -O2 -I/usr/include/SDL -D_GNU_SOURCE=1 -D_REENTRANT -I/usr/include/libpng12   -I/usr/include/libxml2    -I/usr/include/SDL -D_GNU_SOURCE=1 -D_REENTRANT conftest.c >&5
configure:8844: $? = 0
configure:8844: result: yes
configure:8844: checking SDL_rotozoom.h presence
configure:8844: gcc -E  -I/usr/include/SDL -D_GNU_SOURCE=1 -D_REENTRANT conftest.c
configure:8844: $? = 0
configure:8844: result: yes
configure:8844: checking for SDL_rotozoom.h
configure:8844: result: yes
configure:8852: checking for rotozoomSurfaceXY in -lSDL_gfx
configure:8877: gcc -o conftest -Wall -Wextra -g -O2 -I/usr/include/SDL -D_GNU_SOURCE=1 -D_REENTRANT -I/usr/include/libpng12   -I/usr/include/libxml2    -I/usr/include/SDL -D_GNU_SOURCE=1 -D_REENTRANT  conftest.c -lSDL_gfx   -L/usr/lib/x86_64-linux-gnu -lSDL -lX11 -lpng12   -lxml2   >&5
configure:8877: $? = 0
configure:8886: result: yes
configure:8899: checking whether SDL_gfx - version >= 2.0.22 
configure:8923: gcc -o conftest -Wall -Wextra -g -O2 -I/usr/include/SDL -D_GNU_SOURCE=1 -D_REENTRANT -I/usr/include/libpng12   -I/usr/include/libxml2    -I/usr/include/SDL -D_GNU_SOURCE=1 -D_REENTRANT  conftest.c -lSDL_gfx  -L/usr/lib/x86_64-linux-gnu -lSDL -lX11 -lpng12   -lxml2   >&5
configure:8923: $? = 0
configure:8923: ./conftest
configure:8923: $? = 0
configure:8974: checking for gawk
configure:9001: result: mawk
configure:9063: checking for curl-config
configure:9081: found /usr/bin/curl-config
configure:9093: result: /usr/bin/curl-config
configure:9104: checking for the version of libcurl
configure:9111: result: 7.32.0
configure:9118: checking for libcurl >= version 7.0
configure:9131: result: yes
configure:9172: checking whether libcurl is usable
configure:9206: gcc -o conftest -Wall -Wextra -g -O2 -I/usr/include/SDL -D_GNU_SOURCE=1 -D_REENTRANT -I/usr/include/libpng12   -I/usr/include/libxml2     -I/usr/include/SDL -D_GNU_SOURCE=1 -D_REENTRANT  conftest.c -L/usr/lib/x86_64-linux-gnu -lcurl -lSDL_gfx  -L/usr/lib/x86_64-linux-gnu -lSDL -lX11 -lpng12   -lxml2   >&5
conftest.c: In function 'main':
conftest.c:41:8: warning: suggest braces around empty body in an 'if' statement [-Wempty-body]
 if (x) ;
        ^
configure:9206: $? = 0
configure:9220: result: yes
configure:9233: checking for curl_free
configure:9233: gcc -o conftest -Wall -Wextra -g -O2 -I/usr/include/SDL -D_GNU_SOURCE=1 -D_REENTRANT -I/usr/include/libpng12   -I/usr/include/libxml2    -I/usr/include/SDL -D_GNU_SOURCE=1 -D_REENTRANT   conftest.c -lSDL_gfx  -L/usr/lib/x86_64-linux-gnu -lSDL -lX11 -lpng12   -lxml2   -L/usr/lib/x86_64-linux-gnu -lcurl >&5
configure:9233: $? = 0
configure:9233: result: yes
configure:9573: checking for IMG_Load in -lSDL_image
configure:9598: gcc -o conftest -Wall -Wextra -g -O2 -I/usr/include/SDL -D_GNU_SOURCE=1 -D_REENTRANT -I/usr/include/libpng12   -I/usr/include/libxml2    -I/usr/include/SDL -D_GNU_SOURCE=1 -D_REENTRANT  conftest.c -lSDL_image  -lSDL_gfx  -L/usr/lib/x86_64-linux-gnu -lSDL -lX11 -lpng12   -lxml2   >&5
configure:9598: $? = 0
configure:9607: result: yes
configure:9620: checking for Mix_OpenAudio in -lSDL_mixer
configure:9645: gcc -o conftest -Wall -Wextra -g -O2 -I/usr/include/SDL -D_GNU_SOURCE=1 -D_REENTRANT -I/usr/include/libpng12   -I/usr/include/libxml2    -I/usr/include/SDL -D_GNU_SOURCE=1 -D_REENTRANT  conftest.c -lSDL_mixer  -lSDL_image -lSDL_gfx  -L/usr/lib/x86_64-linux-gnu -lSDL -lX11 -lpng12   -lxml2   >&5
configure:9645: $? = 0
configure:9654: result: yes
configure:9667: checking for TTF_OpenFont in -lSDL_ttf
configure:9692: gcc -o conftest -Wall -Wextra -g -O2 -I/usr/include/SDL -D_GNU_SOURCE=1 -D_REENTRANT -I/usr/include/libpng12   -I/usr/include/libxml2    -I/usr/include/SDL -D_GNU_SOURCE=1 -D_REENTRANT  conftest.c -lSDL_ttf  -lSDL_mixer -lSDL_image -lSDL_gfx  -L/usr/lib/x86_64-linux-gnu -lSDL -lX11 -lpng12   -lxml2   >&5
configure:9692: $? = 0
configure:9701: result: yes
configure:9714: checking for SDLNet_Init in -lSDL_net
configure:9739: gcc -o conftest -Wall -Wextra -g -O2 -I/usr/include/SDL -D_GNU_SOURCE=1 -D_REENTRANT -I/usr/include/libpng12   -I/usr/include/libxml2    -I/usr/include/SDL -D_GNU_SOURCE=1 -D_REENTRANT  conftest.c -lSDL_net  -lSDL_ttf -lSDL_mixer -lSDL_image -lSDL_gfx  -L/usr/lib/x86_64-linux-gnu -lSDL -lX11 -lpng12   -lxml2   >&5
configure:9739: $? = 0
configure:9748: result: yes
configure:9813: checking for dirent.h that defines DIR
configure:9832: gcc -c -Wall -Wextra -g -O2 -I/usr/include/SDL -D_GNU_SOURCE=1 -D_REENTRANT -I/usr/include/libpng12   -I/usr/include/libxml2    -I/usr/include/SDL -D_GNU_SOURCE=1 -D_REENTRANT conftest.c >&5
configure:9832: $? = 0
configure:9840: result: yes
configure:9853: checking for library containing opendir
configure:9884: gcc -o conftest -Wall -Wextra -g -O2 -I/usr/include/SDL -D_GNU_SOURCE=1 -D_REENTRANT -I/usr/include/libpng12   -I/usr/include/libxml2    -I/usr/include/SDL -D_GNU_SOURCE=1 -D_REENTRANT  conftest.c -lSDL_net -lSDL_ttf -lSDL_mixer -lSDL_image -lSDL_gfx  -L/usr/lib/x86_64-linux-gnu -lSDL -lX11 -lpng12   -lxml2   >&5
configure:9884: $? = 0
configure:9901: result: none required
configure:9968: checking for ANSI C header files
configure:10072: result: yes
configure:10258: creating ./config.status

## ---------------------- ##
## Running config.status. ##
## ---------------------- ##

This file was extended by Warmux config.status 11.04, which was
generated by GNU Autoconf 2.69.  Invocation command line was

  CONFIG_FILES    = 
  CONFIG_HEADERS  = 
  CONFIG_LINKS    = 
  CONFIG_COMMANDS = 
  $ ./config.status 

on arnaud-M14xR1

config.status:1300: creating Makefile
config.status:1300: creating data/Makefile
config.status:1300: creating src/Makefile
config.status:1300: creating lib/Makefile
config.status:1300: creating lib/fixedpoint/Makefile
config.status:1300: creating lib/warmux/Makefile
config.status:1300: creating po/Makefile
config.status:1300: creating lib/warmux-server/Makefile
config.status:1300: creating doc/Makefile
config.status:1300: creating tools/Makefile
config.status:1300: creating tools/list_games/Makefile
config.status:1300: creating tools/servers/Makefile
config.status:1300: creating tools/servers/game_server/Makefile
config.status:1300: creating tools/servers/index_server/Makefile
config.status:1300: creating lib/warmux/include/config_autotools.h
config.status:1481: lib/warmux/include/config_autotools.h is unchanged
config.status:1529: executing po-directories commands
config.status:1529: executing depfiles commands

## ---------------- ##
## Cache variables. ##
## ---------------- ##

ac_cv_build=x86_64-unknown-linux-gnu
ac_cv_c_compiler_gnu=yes
ac_cv_cxx_compiler_gnu=yes
ac_cv_env_CCC_set=
ac_cv_env_CCC_value=
ac_cv_env_CC_set=
ac_cv_env_CC_value=
ac_cv_env_CFLAGS_set=
ac_cv_env_CFLAGS_value=
ac_cv_env_CPPFLAGS_set=
ac_cv_env_CPPFLAGS_value=
ac_cv_env_CPP_set=
ac_cv_env_CPP_value=
ac_cv_env_CXXFLAGS_set=
ac_cv_env_CXXFLAGS_value=
ac_cv_env_CXX_set=
ac_cv_env_CXX_value=
ac_cv_env_FRIBIDI_CFLAGS_set=
ac_cv_env_FRIBIDI_CFLAGS_value=
ac_cv_env_FRIBIDI_LIBS_set=
ac_cv_env_FRIBIDI_LIBS_value=
ac_cv_env_LDFLAGS_set=
ac_cv_env_LDFLAGS_value=
ac_cv_env_LIBDBUS_CFLAGS_set=
ac_cv_env_LIBDBUS_CFLAGS_value=
ac_cv_env_LIBDBUS_LIBS_set=
ac_cv_env_LIBDBUS_LIBS_value=
ac_cv_env_LIBGLIB_CFLAGS_set=
ac_cv_env_LIBGLIB_CFLAGS_value=
ac_cv_env_LIBGLIB_LIBS_set=
ac_cv_env_LIBGLIB_LIBS_value=
ac_cv_env_LIBPNG_CFLAGS_set=
ac_cv_env_LIBPNG_CFLAGS_value=
ac_cv_env_LIBPNG_LIBS_set=
ac_cv_env_LIBPNG_LIBS_value=
ac_cv_env_LIBS_set=
ac_cv_env_LIBS_value=
ac_cv_env_LIBXML2_CFLAGS_set=
ac_cv_env_LIBXML2_CFLAGS_value=
ac_cv_env_LIBXML2_LIBS_set=
ac_cv_env_LIBXML2_LIBS_value=
ac_cv_env_PKG_CONFIG_LIBDIR_set=
ac_cv_env_PKG_CONFIG_LIBDIR_value=
ac_cv_env_PKG_CONFIG_PATH_set=
ac_cv_env_PKG_CONFIG_PATH_value=
ac_cv_env_PKG_CONFIG_set=
ac_cv_env_PKG_CONFIG_value=
ac_cv_env_build_alias_set=
ac_cv_env_build_alias_value=
ac_cv_env_host_alias_set=
ac_cv_env_host_alias_value=
ac_cv_env_osso_CFLAGS_set=
ac_cv_env_osso_CFLAGS_value=
ac_cv_env_osso_LIBS_set=
ac_cv_env_osso_LIBS_value=
ac_cv_env_target_alias_set=
ac_cv_env_target_alias_value=
ac_cv_func_curl_free=yes
ac_cv_header_SDL_rotozoom_h=yes
ac_cv_header_X11_Xlib_h=yes
ac_cv_header_dirent_dirent_h=yes
ac_cv_header_inttypes_h=yes
ac_cv_header_memory_h=yes
ac_cv_header_stdc=yes
ac_cv_header_stdint_h=yes
ac_cv_header_stdlib_h=yes
ac_cv_header_string_h=yes
ac_cv_header_strings_h=yes
ac_cv_header_sys_stat_h=yes
ac_cv_header_sys_types_h=yes
ac_cv_header_unistd_h=yes
ac_cv_host=x86_64-unknown-linux-gnu
ac_cv_lib_SDL_gfx_rotozoomSurfaceXY=yes
ac_cv_lib_SDL_image_IMG_Load=yes
ac_cv_lib_SDL_mixer_Mix_OpenAudio=yes
ac_cv_lib_SDL_net_SDLNet_Init=yes
ac_cv_lib_SDL_ttf_TTF_OpenFont=yes
ac_cv_lib_X11_XOpenDisplay=yes
ac_cv_objext=o
ac_cv_path_EGREP='/bin/grep -E'
ac_cv_path_GMSGFMT=/usr/bin/msgfmt
ac_cv_path_GREP=/bin/grep
ac_cv_path_MSGFMT=/usr/bin/msgfmt
ac_cv_path_MSGMERGE=/usr/bin/msgmerge
ac_cv_path_SDL_CONFIG=/usr/bin/sdl-config
ac_cv_path_XGETTEXT=/usr/bin/xgettext
ac_cv_path__libcurl_config=/usr/bin/curl-config
ac_cv_path_ac_pt_PKG_CONFIG=/usr/bin/pkg-config
ac_cv_path_install='/usr/bin/install -c'
ac_cv_path_mkdir=/bin/mkdir
ac_cv_prog_AWK=mawk
ac_cv_prog_CPP='gcc -E'
ac_cv_prog_ac_ct_CC=gcc
ac_cv_prog_ac_ct_CXX=g++
ac_cv_prog_ac_ct_RANLIB=ranlib
ac_cv_prog_ac_ct_STRIP=strip
ac_cv_prog_cc_c89=
ac_cv_prog_cc_g=yes
ac_cv_prog_cxx_g=yes
ac_cv_prog_cxx_present=yes
ac_cv_prog_make_make_set=yes
ac_cv_search_opendir='none required'
ac_cv_target=x86_64-unknown-linux-gnu
acl_cv_path_LD=/usr/bin/ld
acl_cv_prog_gnu_ld=yes
acl_cv_rpath=done
am_cv_CC_dependencies_compiler_type=gcc3
am_cv_CXX_dependencies_compiler_type=gcc3
gt_cv_func_CFLocaleCopyCurrent=no
gt_cv_func_CFPreferencesCopyAppValue=no
gt_cv_func_gnugettext2_libc=yes
libcurl_cv_lib_curl_usable=yes
libcurl_cv_lib_curl_version=7.32.0
libcurl_cv_lib_version_ok=yes
pkg_cv_LIBPNG_CFLAGS='-I/usr/include/libpng12  '
pkg_cv_LIBPNG_LIBS='-lpng12  '
pkg_cv_LIBXML2_CFLAGS='-I/usr/include/libxml2  '
pkg_cv_LIBXML2_LIBS='-lxml2  '

## ----------------- ##
## Output variables. ##
## ----------------- ##

ACLOCAL='${SHELL} /home/arnaud/Desktop/git/Warmux/warmux-11.04.1+repack/missing --run aclocal-1.11'
AMDEPBACKSLASH='\'
AMDEP_FALSE='#'
AMDEP_TRUE=''
AMTAR='$${TAR-tar}'
AUTOCONF='${SHELL} /home/arnaud/Desktop/git/Warmux/warmux-11.04.1+repack/missing --run autoconf'
AUTOHEADER='${SHELL} /home/arnaud/Desktop/git/Warmux/warmux-11.04.1+repack/missing --run autoheader'
AUTOMAKE='${SHELL} /home/arnaud/Desktop/git/Warmux/warmux-11.04.1+repack/missing --run automake-1.11'
AWK='mawk'
BUILD_ENV=''
BUILD_SERVERS_FALSE=''
BUILD_SERVERS_TRUE='#'
CC='gcc'
CCDEPMODE='depmode=gcc3'
CFLAGS='-Wall -Wextra -g -O2 -I/usr/include/SDL -D_GNU_SOURCE=1 -D_REENTRANT -I/usr/include/libpng12   -I/usr/include/libxml2  '
CPP='gcc -E'
CPPFLAGS=' -I/usr/include/SDL -D_GNU_SOURCE=1 -D_REENTRANT'
CXX='g++'
CXXDEPMODE='depmode=gcc3'
CXXFLAGS='-Wall -Wextra -Wall -Wextra -g -O2 -I/usr/include/SDL -D_GNU_SOURCE=1 -D_REENTRANT -I/usr/include/libpng12   -I/usr/include/libxml2   -fno-rtti -fno-exceptions'
CYGPATH_W='echo'
DATADIR='/usr/local/share/warmux/'
DATA_FILES='./.nomedia ./sound/default/profile.xml~ ./sound/default/weapons/m16_cartridge.ogg ./sound/default/weapons/riot_bomb_exp.ogg ./sound/default/weapons/footbomb_bounce.ogg ./sound/default/weapons/jetpack.ogg ./sound/default/weapons/embers2.ogg ./sound/default/weapons/syringe.ogg ./sound/default/weapons/embers3.ogg ./sound/default/weapons/airhammer_selected.ogg ./sound/default/weapons/ricoche2.ogg ./sound/default/weapons/ricoche3.ogg ./sound/default/weapons/shotgun.ogg ./sound/default/weapons/grapple_attaching.ogg ./sound/default/weapons/teleport_start.ogg ./sound/default/weapons/cluzooka_hit.ogg ./sound/default/weapons/polecat.ogg ./sound/default/weapons/dynamite_exp.ogg ./sound/default/weapons/cluzooka_shot.ogg ./sound/default/weapons/slap.ogg ./sound/default/weapons/rocket_flying.ogg ./sound/default/weapons/explosion7.ogg ./sound/default/weapons/load.ogg ./sound/default/weapons/explosion6.ogg ./sound/default/weapons/baseball.ogg ./sound/default/weapons/explosion1.ogg ./sound/default/weapons/teleport_land.ogg ./sound/default/weapons/auto_rocket_flying.ogg ./sound/default/weapons/explosion4.ogg ./sound/default/weapons/explosion2.ogg ./sound/default/weapons/anvil_fall.ogg ./sound/default/weapons/suicide.ogg ./sound/default/weapons/aircraft_flying.ogg ./sound/default/weapons/anvil_collision.ogg ./sound/default/weapons/embers1.ogg ./sound/default/weapons/flame.ogg ./sound/default/weapons/m16.ogg ./sound/default/weapons/explosion9.ogg ./sound/default/weapons/gun.ogg ./sound/default/weapons/explosion5.ogg ./sound/default/weapons/grapple_detaching.ogg ./sound/default/weapons/disco_grenade_music.ogg ./sound/default/weapons/dynamite_fuze.ogg ./sound/default/weapons/explosion8.ogg ./sound/default/weapons/grapple_cable.ogg ./sound/default/weapons/homerun.ogg ./sound/default/weapons/ricoche1.ogg ./sound/default/weapons/aircraft_bomb_falling.ogg ./sound/default/weapons/riot_flying.ogg ./sound/default/weapons/gnu_bounce.ogg ./sound/default/weapons/mine_beep.ogg ./sound/default/weapons/blowtorch.ogg ./sound/default/weapons/supertux_swimming.ogg ./sound/default/weapons/explosion3.ogg ./sound/default/weapons/grenade_bounce.ogg ./sound/default/weapons/lowgravity.ogg ./sound/default/weapons/construct.ogg ./sound/default/weapons/supertux_flying.ogg ./sound/default/weapons/airhammer_used.ogg ./sound/default/profile.xml ./sound/default/misc/error.ogg ./sound/default/misc/weapon_hide.ogg ./sound/default/misc/character_change.ogg ./sound/default/misc/end_turn.ogg ./sound/default/misc/newcomer.ogg ./sound/default/misc/change_weapon.ogg ./sound/default/misc/box_falling.ogg ./sound/default/misc/sherif.ogg ./sound/default/misc/weapon_show.ogg ./sound/default/misc/victory.ogg ./sound/default/misc/step.ogg ./sound/default/misc/countdown-endturn.ogg ./sound/default/misc/box_picking_up.ogg ./sound/default/misc/cancel.ogg ./sound/default/misc/start_turn.ogg ./sound/default/misc/frog_music.ogg ./sound/default/misc/box_hitting_ground.ogg ./sound/default/misc/clic.ogg ./sound/default/misc/skip_turn.ogg ./sound/default/misc/ok.ogg ./sound/default/misc/sink.ogg ./sound/default/voices/injured_medium4.ogg ./sound/default/voices/jump.ogg ./sound/default/voices/superjump.ogg ./sound/default/voices/injured_light2.ogg ./sound/default/voices/fire2.ogg ./sound/default/voices/injured_medium2.ogg ./sound/default/voices/injured_medium5.ogg ./sound/default/voices/theme6.ogg ./sound/default/voices/death1.ogg ./sound/default/voices/out.ogg ./sound/default/voices/injured_light5.ogg ./sound/default/voices/theme3.ogg ./sound/default/voices/theme1.ogg ./sound/default/voices/suicide.ogg ./sound/default/voices/injured_light3.ogg ./sound/default/voices/backjump.ogg ./sound/default/voices/injured_medium3.ogg ./sound/default/voices/fire1.ogg ./sound/default/voices/injured_high2.ogg ./sound/default/voices/fire4.ogg ./sound/default/voices/happy1.ogg ./sound/default/voices/death5.ogg ./sound/default/voices/fire5.ogg ./sound/default/voices/death4.ogg ./sound/default/voices/injured_medium1.ogg ./sound/default/voices/injured_high4.ogg ./sound/default/voices/friendly_fire1.ogg ./sound/default/voices/theme7.ogg ./sound/default/voices/theme9.ogg ./sound/default/voices/death2.ogg ./sound/default/voices/theme5.ogg ./sound/default/voices/injured_high5.ogg ./sound/default/voices/theme2.ogg ./sound/default/voices/fire3.ogg ./sound/default/voices/friendly_fire3.ogg ./sound/default/voices/injured_high1.ogg ./sound/default/voices/injured_light1.ogg ./sound/default/voices/theme8.ogg ./sound/default/voices/theme4.ogg ./sound/default/voices/injured_high3.ogg ./sound/default/voices/death3.ogg ./sound/default/voices/injured_light4.ogg ./sound/default/voices/fire6.ogg ./sound/default/voices/friendly_fire2.ogg ./sound/profile.dtd ./weapons.xml ./warmux_default_config.xml ./menu.xml ./cursors.xml ./cursors.dtd ./weapon/construct/construct_icon.png ./weapon/construct/construct_spr.png ./weapon/construct/construct_icon_mini.png ./weapon/syringe/syringe.png ./weapon/syringe/syringe_ico.png ./weapon/footbomb/footbomb_ico.png ./weapon/footbomb/bilson.png ./weapon/shotgun/buckshot.png ./weapon/shotgun/shotgun_ico.png ./weapon/shotgun/shotgun.png ./weapon/anvil/anvil_ico.png ./weapon/anvil/anvil.png ./weapon/anvil/anvil_launcher.png ./weapon/bounce_ball/bounce_ball_ico.png ./weapon/bounce_ball/bounce_ball.png ./weapon/snipe_rifle/snipe_rifle.png ./weapon/snipe_rifle/snipe_rifle_laser.png ./weapon/snipe_rifle/gun_fire.png ./weapon/snipe_rifle/snipe_rifle_ico.png ./weapon/air_attack/obus.png ./weapon/air_attack/air_attack_plane.png ./weapon/air_attack/air_attack.png ./weapon/air_attack/air_attack_ico.png ./weapon/supertux/supertux_ico.png ./weapon/supertux/superman.png ./weapon/supertux/supertux.png ./weapon/dynamite/dynamite_ico.png ./weapon/dynamite/dynamite_ani.png ./weapon/dynamite/dynamite.png ./weapon/mine/mine.png ./weapon/mine/mine_ico.png ./weapon/mine/mine_anim.png ./weapon/mine/mine_impact.png ./weapon/airhammer/airhammer.png ./weapon/airhammer/airhammer_impact.png ./weapon/airhammer/airhammer_ico.png ./weapon/cluster_bomb/clusterbomb.png ./weapon/cluster_bomb/cluster.png ./weapon/cluster_bomb/clusterbomb_ico.png ./weapon/parachute/parachute.png ./weapon/parachute/parachute_ico.png ./weapon/rail_gun/rail_gun_ico.png ./weapon/rail_gun/rail_bullet.png ./weapon/rail_gun/gun_fire.png ./weapon/rail_gun/rail_gun.png ./weapon/rail_gun/rail_gun_laser.png ./weapon/bazooka/missile.png ./weapon/bazooka/green_bazooka.png ./weapon/bazooka/baz_cible.png ./weapon/bazooka/bazooka_auto_ico.png ./weapon/bazooka/brown_bazooka.png ./weapon/bazooka/yellow_bazooka.png ./weapon/bazooka/bazooka_ico.png ./weapon/blowtorch/blowtorch_ico.png ./weapon/blowtorch/fire.png ./weapon/blowtorch/blowtorch.png ./weapon/teleportation/teleportation.png ./weapon/teleportation/teleportation_ico.png ./weapon/m16/m16.png ./weapon/m16/m16_ico.png ./weapon/baseball/baseball_ico.png ./weapon/baseball/baseball.png ./weapon/baseball/baseball_hit.png ./weapon/polecat/polecatlauncher.png ./weapon/polecat/polecat.png ./weapon/polecat/polecat_fart.png ./weapon/polecat/polecat_ico.png ./weapon/jet_pack/jet_pack_ico.png ./weapon/slap/slap.png ./weapon/slap/slap_ico.png ./weapon/cluzooka/missile.png ./weapon/cluzooka/dark_bazooka.png ./weapon/cluzooka/cluster.png ./weapon/cluzooka/cluz_ico.png ./weapon/flamethrower/flame_ico.png ./weapon/flamethrower/flame.png ./weapon/flamethrower/flame_bullet.png ./weapon/gnu/gnulauncher.png ./weapon/gnu/gnu_ico.png ./weapon/gnu/gnu.png ./weapon/disco_grenade/disco_grenade_ico.png ./weapon/disco_grenade/disco_grenade.png ./weapon/lowgrav/lowgrav_ico.png ./weapon/suicide/suicide.png ./weapon/suicide/suicide_ico.png ./weapon/grapple/grapple_node.png ./weapon/grapple/grapple.png ./weapon/grapple/grapple_ico.png ./weapon/grapple/grapple_hook.png ./weapon/skip_turn/skipturn_ico.png ./weapon/skip_turn/skipturn.png ./weapon/grenade/grenade_ico.png ./weapon/grenade/grenade.png ./weapon/gun/gun.png ./weapon/gun/gun_ico.png ./weapon/gun/gun_fire.png ./weapon/gun/gun_bullet.png ./weapon/riot_bomb/missile.png ./weapon/riot_bomb/riot_ico.png ./team/tux/team.xml ./team/tux/dead.png ./team/tux/flag.png ./team/tux/flag64.png ./team/beastie/team.xml ./team/beastie/dead.png ./team/beastie/flag.png ./team/beastie/flag64.png ./team/badassgoat/team.xml ./team/badassgoat/dead.png ./team/badassgoat/flag.png ./team/badassgoat/team.xml~ ./team/badassgoat/flag64.png ./team/snort/team.xml ./team/snort/dead.png ./team/snort/flag.png ./team/snort/flag64.png ./team/konqi/team.xml ./team/konqi/dead.png ./team/konqi/flag.png ./team/konqi/flag64.png ./team/postfix/team.xml ./team/postfix/dead.png ./team/postfix/flag.png ./team/postfix/flag64.png ./team/workrave/team.xml ./team/workrave/dead.png ./team/workrave/flag.png ./team/workrave/flag64.png ./team/team.dtd ./team/firefox/team.xml ./team/firefox/dead.png ./team/firefox/flag.png ./team/firefox/flag64.png ./team/thunderbird/team.xml ./team/thunderbird/dead.png ./team/thunderbird/flag.png ./team/thunderbird/flag64.png ./team/suse/team.xml ./team/suse/dead.png ./team/suse/flag.png ./team/suse/flag64.png ./team/spip/team.xml ./team/spip/dead.png ./team/spip/flag.png ./team/spip/flag64.png ./team/hexley/team.xml ./team/hexley/dead.png ./team/hexley/flag.png ./team/hexley/flag64.png ./team/php/team.xml ./team/php/dead.png ./team/php/flag.png ./team/php/flag64.png ./team/gnu/team.xml ./team/gnu/dead.png ./team/gnu/flag.png ./team/gnu/flag64.png ./team/pidgin/team.xml ./team/pidgin/dead.png ./team/pidgin/flag.png ./team/pidgin/flag64.png ./team/bugzilla/team.xml ./team/bugzilla/dead.png ./team/bugzilla/flag.png ./team/bugzilla/flag64.png ./team/wilber/team.xml ./team/wilber/dead.png ./team/wilber/flag.png ./team/wilber/flag64.png ./map/banquise/background.jpg ./map/banquise/banquise.png ./map/banquise/preview.jpg ./map/banquise/flocon.png ./map/banquise/config.xml ./map/crystal/sky.jpg ./map/crystal/crystal.png ./map/crystal/preview.jpg ./map/crystal/config.xml ./map/tic-tac-toe/fg.png ./map/tic-tac-toe/preview.jpg ./map/tic-tac-toe/bg.jpg ./map/tic-tac-toe/config.xml ./map/tic-tac-toe/part_effect_strip.png ./map/urbanheights/radar_fg.png ./map/urbanheights/radar_pr.jpg ./map/urbanheights/radar_bg.jpg ./map/urbanheights/earthstrip.png ./map/urbanheights/config.xml ./map/pirates/pirates.png ./map/pirates/preview.jpg ./map/pirates/islands.jpg ./map/pirates/config.xml ./map/construction/sky.jpg ./map/construction/sky2.png ./map/construction/raindrop.png ./map/construction/sky1.png ./map/construction/preview.jpg ./map/construction/sky0.png ./map/construction/map.png ./map/construction/config.xml ./map/leafs/birds.png ./map/leafs/preview.jpg ./map/leafs/front.png ./map/leafs/config.xml ./map/leafs/back.jpg ./map/desert/desert_preview.jpg ./map/desert/desert.png ./map/desert/config.xml ./map/desert/desert_bg.jpg ./map/monkeybubble/sky_layer-0.jpg ./map/monkeybubble/one_layer_sky.jpg ./map/monkeybubble/feuille.png ./map/monkeybubble/preview.jpg ./map/monkeybubble/sky_layer-3.png ./map/monkeybubble/map.png ./map/monkeybubble/config.xml ./map/monkeybubble/sky_layer-2.png ./map/monkeybubble/sky_layer-1.png ./map/randomamoebas/sky.jpg ./map/randomamoebas/texture.png ./map/randomamoebas/preview.jpg ./map/randomamoebas/config.xml ./map/chess/sky.jpg ./map/chess/sky1.png ./map/chess/preview.jpg ./map/chess/sky0.png ./map/chess/map.png ./map/chess/config.xml ./map/montagnes/sky.jpg ./map/montagnes/preview.jpg ./map/montagnes/map.png ./map/montagnes/flocon.png ./map/montagnes/config.xml ./map/apocalypse/mini.jpg ./map/apocalypse/apocalypse.png ./map/apocalypse/apocalypse.jpg ./map/apocalypse/vent.png ./map/apocalypse/config.xml ./map/ninja/sky_layer-5.png ./map/ninja/particule.png ./map/ninja/sky_layer-0.jpg ./map/ninja/one_layer_sky.jpg ./map/ninja/preview.jpg ./map/ninja/sky_layer-3.png ./map/ninja/map.png ./map/ninja/sky_layer-4.png ./map/ninja/config.xml ./map/ninja/sky_layer-2.png ./map/ninja/sky_layer-1.png ./map/paint/preview.jpg ./map/paint/map.png ./map/paint/sky.png ./map/paint/config.xml ./map/birds/particule.png ./map/birds/sky_layer-0.jpg ./map/birds/one_layer_sky.jpg ./map/birds/preview.jpg ./map/birds/map.png ./map/birds/config.xml ./map/birds/sky_layer-2.png ./map/birds/sky_layer-1.png ./map/space2/sky.jpg ./map/space2/preview.jpg ./map/space2/map.png ./map/space2/config.xml ./map/greehills/greenhills_sky.jpg ./map/greehills/preview.jpg ./map/greehills/greenhills.png ./map/greehills/star.png ./map/greehills/config.xml ./map/bankiz/sky.jpg ./map/bankiz/bankiz.png ./map/bankiz/preview.jpg ./map/bankiz/flocon.png ./map/bankiz/config.xml ./map/paradis/decor_paradis.png ./map/paradis/paradis_preview.jpg ./map/paradis/decor_paradis_bg.jpg ./map/paradis/config.xml ./map/frog/sky.jpg ./map/frog/preview.jpg ./map/frog/map.png ./map/frog/config.xml ./map/goodandevil/sky.jpg ./map/goodandevil/preview.jpg ./map/goodandevil/goodandevil.png ./map/goodandevil/config.xml ./map/lonely_island/sky.jpg ./map/lonely_island/preview.jpg ./map/lonely_island/map.png ./map/lonely_island/wind_particules.png ./map/lonely_island/config.xml ./map/arbre/fond.jpg ./map/arbre/preview.jpg ./map/arbre/gland-anim.png ./map/arbre/arbre.png ./map/arbre/config.xml ./map/hive/fg.png ./map/hive/preview.jpg ./map/hive/bg.jpg ./map/hive/config.xml ./map/hive/part_effect_strip.png ./map/island/sky.jpg ./map/island/island.png ./map/island/preview.jpg ./map/island/config.xml ./map/halloween/sky.jpg ./map/halloween/preview.jpg ./map/halloween/map.png ./map/halloween/config.xml ./map/halloween/wp.png ./map/pillars/fg.png ./map/pillars/preview.jpg ./map/pillars/bg.jpg ./map/pillars/config.xml ./map/country/sky.jpg ./map/country/preview.jpg ./map/country/map.png ./map/country/config.xml ./map/champignon/sky.jpg ./map/champignon/preview.jpg ./map/champignon/config.xml ./map/champignon/background.png ./map/arcaderoom/wind_particle.png ./map/arcaderoom/background.jpg ./map/arcaderoom/preview.jpg ./map/arcaderoom/map.png ./map/arcaderoom/config.xml ./map/moon-4m/sky.jpg ./map/moon-4m/preview.jpg ./map/moon-4m/map.png ./map/moon-4m/config.xml ./map/icebergs/sky.jpg ./map/icebergs/preview.jpg ./map/icebergs/map.png ./map/icebergs/config.xml ./map/icebergs/wp.png ./map/aquarium/sky.jpg ./map/aquarium/preview.jpg ./map/aquarium/config.xml ./map/aquarium/background.png ./map/battlenight/battlenight-bg.jpg ./map/battlenight/battlenight-all.jpg ./map/battlenight/battlenight-fg.png ./map/battlenight/config.xml ./map/easterisland/sky.jpg ./map/easterisland/preview.jpg ./map/easterisland/map.png ./map/easterisland/config.xml ./map/easterisland/wp.png ./map/catacombes/preview.jpg ./map/catacombes/config.xml ./map/catacombes/sky1.jpg ./map/catacombes/background1.png ./map/pumpkins/sky.jpg ./map/pumpkins/feuille.png ./map/pumpkins/preview.jpg ./map/pumpkins/map.png ./map/pumpkins/config.xml ./map/hell/bones.png ./map/hell/preview.jpg ./map/hell/config.xml ./map/hell/hell.png ./map/hell/hellsky.jpg ./map/junglemountain/drseuss.jpg ./map/junglemountain/goo_drop.png ./map/junglemountain/preview.jpg ./map/junglemountain/config.xml ./map/junglemountain/dseuss_fg.png ./map/prehistorik/fond.jpg ./map/prehistorik/prehistorik.png ./map/prehistorik/preview.jpg ./map/prehistorik/config.xml ./map/electronik/sky.jpg ./map/electronik/preview.jpg ./map/electronik/config.xml ./map/electronik/background.png ./map/randomisland/tresor2.png ./map/randomisland/sky.jpg ./map/randomisland/texture.png ./map/randomisland/palm-tree.png ./map/randomisland/preview.jpg ./map/randomisland/config.xml ./map/randomisland/tresor1.png ./map/oktopus/sky.jpg ./map/oktopus/bulle.png ./map/oktopus/preview.jpg ./map/oktopus/map.png ./map/oktopus/config.xml ./map/map.dtd ./map/snow/particule.png ./map/snow/one_layer_sky.jpg ./map/snow/preview.jpg ./map/snow/map.png ./map/snow/config.xml ./map/vulcano/preview.jpg ./map/vulcano/sky2.jpg ./map/vulcano/config.xml ./map/vulcano/background.png ./map/random_map.jpg ./map/abyss/bubble.png ./map/abyss/background.jpg ./map/abyss/foreground.png ./map/abyss/preview.jpg ./map/abyss/config.xml ./map/towers/sky.jpg ./map/towers/preview.jpg ./map/towers/map.png ./map/towers/config.xml ./map/farm/particule.png ./map/farm/sky_layer-0.jpg ./map/farm/one_layer_sky.jpg ./map/farm/preview.jpg ./map/farm/sky_layer-3.png ./map/farm/map.png ./map/farm/config.xml ./map/farm/sky_layer-2.png ./map/farm/sky_layer-1.png ./map/qingqong/sky.jpg ./map/qingqong/preview.jpg ./map/qingqong/config.xml ./map/qingqong/qingqong.png ./map/wildwestdv/sky.jpg ./map/wildwestdv/preview.jpg ./map/wildwestdv/map.png ./map/wildwestdv/config.xml ./map/cheese/sky.jpg ./map/cheese/emmental.png ./map/cheese/preview.jpg ./map/cheese/minicheese.png ./map/cheese/config.xml ./map/funky_island/island_bg.jpg ./map/funky_island/clouds.png ./map/funky_island/island.png ./map/funky_island/preview.jpg ./map/funky_island/config.xml ./menu/timing_switch.png ./menu/background_loading.jpg ./menu/check.png ./menu/sound_frequency.png ./menu/background_network.jpg ./menu/team_number.png ./menu/player_local_ai.png ./menu/help_replay.png ./menu/right.png ./menu/ico_maps.png ./menu/ico_sounds.png ./menu/save.png ./menu/display_energy.png ./menu/left-right_mouse.png ./menu/help_shortkeys.png ./menu/i_credits.png ./menu/gravity.png ./menu/enabled.png ./menu/display_wind_particles.png ./menu/sound_effects_enable.png ./menu/player_remote_human.png ./menu/timing_end_turn.png ./menu/i_benchmark.png ./menu/warning.png ./menu/annulus_background.png ./menu/background.jpg ./menu/i_quit.png ./menu/ico_skins.png ./menu/i_replay.png ./menu/timing_death.png ./menu/fullscreen.png ./menu/i_backtobattle.png ./menu/help_team_selection.jpg ./menu/cancel.png ./menu/key_alt.png ./menu/help_touch_interface.png ./menu/help_ingame.jpg ./menu/quit.png ./menu/big_right.png ./menu/init_energy.png ./menu/max_energy.png ./menu/left.png ./menu/display_name.png ./menu/validate.png ./menu/big_left.png ./menu/key_shift.png ./menu/button.png ./menu/fps.png ./menu/music_enable.png ./menu/down.png ./menu/player_local_human.png ./menu/disabled_back.png ./menu/i_network.png ./menu/bip.png ./menu/i_update.png ./menu/death_energy.png ./menu/del_custom_team.png ./menu/minus.png ./menu/i_help.png ./menu/help_game_mode.jpg ./menu/padlock.png ./menu/disabled_front.png ./menu/game_mode.png ./menu/annulus_foreground.png ./menu/refresh.png ./menu/timing_turn.png ./menu/ico_weapons.png ./menu/player_remote_ai.png ./menu/up.png ./menu/help_minimap.png ./menu/help_interface.png ./menu/resolution.png ./menu/ico_network.png ./menu/background_main.jpg ./menu/send_txt.png ./menu/key_ctrl.png ./menu/podium.png ./menu/scroll_on_border.png ./menu/plus.png ./menu/i_options.png ./menu/i_play.png ./menu/multisky.png ./menu/add_custom_team.png ./warmux_default_maemo_config.xml ./warmux_default_android_config.xml ./authors.dtd ./weapons.dtd ./music/profile.xml~ ./music/ingame/circux.m3u ./music/ingame/circux.ogg ./music/ingame/diabolicux.ogg ./music/ingame/construction.ogg ./music/ingame/Olivier_Militon.-.Etrange_epouvantable.ogg ./music/ingame/Olivier_Militon.-.Vers_solitaire.ogg ./music/ingame/diabolicux.m3u ./music/ingame/woodlux.m3u ./music/ingame/exoticux.m3u ./music/ingame/Olivier_Militon.-.Apnee.ogg ./music/ingame/ingame.m3u ./music/ingame/exoticux.ogg ./music/ingame/Olivier_Militon.-.Vogue_a_lame.ogg ./music/ingame/fear.m3u ./music/ingame/sea.m3u ./music/ingame/monkey.m3u ./music/ingame/woodlux.ogg ./music/ingame/Olivier_Militon.-.Like_a_rock.ogg ./music/ingame/construction.m3u ./music/ingame/funfair.m3u ./music/ingame/Mike_Errecart.-.Monkey-bubble.ogg ./music/ingame/Olivier_Militon.-.Apnee2.ogg ./music/menu/menu.m3u ./music/menu/main_menu_theme.mp3 ./music/menu/Divertissement_pour_flute.ogg ./music/menu/menu.m3u~ ./music/profile.xml ./graphism.dtd ./interface/whitetheme/cursors/arrow-down.left.png ./interface/whitetheme/cursors/arrow-down.right.png ./interface/whitetheme/cursors/hand-fire.png ./interface/whitetheme/cursors/arrow-right.png ./interface/whitetheme/cursors/arrow-down.png ./interface/whitetheme/cursors/arrow-left.png ./interface/whitetheme/cursors/here-from-left.png ./interface/whitetheme/cursors/arrow-top.png ./interface/whitetheme/cursors/arrow-top.left.png ./interface/whitetheme/cursors/arrow-top.right.png ./interface/whitetheme/cursors/here-from-right.png ./interface/whitetheme/cursors/hand-cursor.png ./interface/whitetheme/cursors/hand-move.png ./interface/whitetheme/lastfire.png ./interface/whitetheme/box_little_hide.png ./interface/whitetheme/pointer.png ./interface/whitetheme/wind_indicator.png ./interface/whitetheme/wind.png ./interface/whitetheme/box_big_hide.png ./interface/whitetheme/box_big.png ./interface/whitetheme/box_little.png ./interface/whitetheme/hourglass.png ./interface/whitetheme/clock.png ./interface/whitetheme/arrow_turn.png ./interface/whitetheme/clock_emergency.png ./interface/whitetheme/arrow_jump.png ./interface/not_skin/readme.txt ./interface/not_skin/background_help.png ./interface/not_skin/background_replay.png ./interface/not_skin/small_background_interface.png ./interface/not_skin/background_control_interface.png ./interface/not_skin/background_interface.png ./game_mode/blitz.xml ./game_mode/game_mode.dtd ./game_mode/classic.xml ./game_mode/unlimited.xml ./game_mode/default_objects.xml ./game_mode/objects.dtd ./game_mode/benchmark.xml ./game_mode/skin_viewer.xml ./icon/uninstall.svg ./icon/uninstall_128x128.png ./icon/install.xpm ./icon/warmux_256x256.png ./icon/warmux_128x128.xpm ./icon/install_128x128.png ./icon/warmux.ico ./icon/warmux_512x512.png ./icon/warmux.svg ./icon/install.svg ./icon/warmux.xpm ./icon/warmux.mif ./icon/uninstall.ico ./icon/install_32x32.png ./icon/warmux_32x32.png ./icon/install.ico ./icon/warmux.mbm ./icon/install_64x64.png ./icon/warmux.icns ./icon/uninstall.xpm ./icon/warmux_128x128.png ./icon/uninstall_32x32.png ./icon/uninstall_64x64.png ./icon/warmux_64x64.png ./warmux_default_symbian_config.xml ./authors.xml ./body/aliases.xml ./body/tux/black_eyes.png ./body/tux/black_hornoverleft.png ./body/tux/black_tail.png ./body/tux/sick_head.png ./body/tux/black_arm1left.png ./body/tux/black_arm3right.png ./body/tux/hornoverleft.png ./body/tux/body.png ./body/tux/eyes.png ./body/tux/dead.png ./body/tux/black_head.png ./body/tux/footleft.png ./body/tux/footright.png ./body/tux/black_hornunderright.png ./body/tux/head.png ./body/tux/hornoverright.png ./body/tux/black_footleft.png ./body/tux/eyelid.png ./body/tux/black_hornunderleft.png ./body/tux/back.png ./body/tux/arm1left.png ./body/tux/black_arm2right.png ./body/tux/arm1right.png ./body/tux/arm2right.png ./body/tux/black_arm2left.png ./body/tux/black_arm3left.png ./body/tux/noze.png ./body/tux/black_footright.png ./body/tux/hornunderleft.png ./body/tux/black_hornoverright.png ./body/tux/black_back.png ./body/tux/arm3left.png ./body/tux/black_eyelid.png ./body/tux/black_pupil.png ./body/tux/pupil.png ./body/tux/hornunderright.png ./body/tux/black_body.png ./body/tux/black_hat.png ./body/tux/hat.png ./body/tux/tail.png ./body/tux/arm3right.png ./body/tux/config.xml ./body/tux/black_noze.png ./body/tux/arm2left.png ./body/tux/black_arm1right.png ./body/beastie/black_eyes.png ./body/beastie/black_hornoverleft.png ./body/beastie/black_tail.png ./body/beastie/sick_head.png ./body/beastie/black_arm1left.png ./body/beastie/black_arm3right.png ./body/beastie/hornoverleft.png ./body/beastie/body.png ./body/beastie/eyes.png ./body/beastie/dead.png ./body/beastie/black_head.png ./body/beastie/footleft.png ./body/beastie/footright.png ./body/beastie/black_hornunderright.png ./body/beastie/head.png ./body/beastie/hornoverright.png ./body/beastie/black_footleft.png ./body/beastie/eyelid.png ./body/beastie/black_hornunderleft.png ./body/beastie/back.png ./body/beastie/arm1left.png ./body/beastie/black_arm2right.png ./body/beastie/arm1right.png ./body/beastie/arm2right.png ./body/beastie/black_arm2left.png ./body/beastie/black_arm3left.png ./body/beastie/noze.png ./body/beastie/black_footright.png ./body/beastie/hornunderleft.png ./body/beastie/black_hornoverright.png ./body/beastie/black_back.png ./body/beastie/arm3left.png ./body/beastie/black_eyelid.png ./body/beastie/black_pupil.png ./body/beastie/pupil.png ./body/beastie/hornunderright.png ./body/beastie/black_body.png ./body/beastie/black_hat.png ./body/beastie/hat.png ./body/beastie/tail.png ./body/beastie/arm3right.png ./body/beastie/config.xml ./body/beastie/black_noze.png ./body/beastie/arm2left.png ./body/beastie/black_arm1right.png ./body/badassgoat/black_eyes.png ./body/badassgoat/black_hornoverleft.png ./body/badassgoat/black_tail.png ./body/badassgoat/sick_head.png ./body/badassgoat/black_arm1left.png ./body/badassgoat/black_arm3right.png ./body/badassgoat/black_hornleft.png ./body/badassgoat/hornoverleft.png ./body/badassgoat/body.png ./body/badassgoat/eyes.png ./body/badassgoat/dead.png ./body/badassgoat/black_head.png ./body/badassgoat/footleft.png ./body/badassgoat/footright.png ./body/badassgoat/black_hornunderright.png ./body/badassgoat/black_hornright.png ./body/badassgoat/hornright.png ./body/badassgoat/head.png ./body/badassgoat/hornoverright.png ./body/badassgoat/black_footleft.png ./body/badassgoat/eyelid.png ./body/badassgoat/black_hornunderleft.png ./body/badassgoat/back.png ./body/badassgoat/arm1left.png ./body/badassgoat/black_arm2right.png ./body/badassgoat/arm1right.png ./body/badassgoat/arm2right.png ./body/badassgoat/black_arm2left.png ./body/badassgoat/black_arm3left.png ./body/badassgoat/noze.png ./body/badassgoat/black_footright.png ./body/badassgoat/hornunderleft.png ./body/badassgoat/black_hornoverright.png ./body/badassgoat/black_back.png ./body/badassgoat/arm3left.png ./body/badassgoat/black_eyelid.png ./body/badassgoat/black_pupil.png ./body/badassgoat/pupil.png ./body/badassgoat/hornunderright.png ./body/badassgoat/black_body.png ./body/badassgoat/black_hat.png ./body/badassgoat/hat.png ./body/badassgoat/tail.png ./body/badassgoat/arm3right.png ./body/badassgoat/config.xml ./body/badassgoat/black_noze.png ./body/badassgoat/arm2left.png ./body/badassgoat/hornleft.png ./body/badassgoat/black_arm1right.png ./body/snort/black_eyes.png ./body/snort/black_hornoverleft.png ./body/snort/black_tail.png ./body/snort/sick_head.png ./body/snort/black_arm1left.png ./body/snort/black_arm3right.png ./body/snort/hornoverleft.png ./body/snort/body.png ./body/snort/eyes.png ./body/snort/dead.png ./body/snort/black_head.png ./body/snort/footleft.png ./body/snort/footright.png ./body/snort/black_hornunderright.png ./body/snort/head.png ./body/snort/hornoverright.png ./body/snort/black_footleft.png ./body/snort/eyelid.png ./body/snort/black_hornunderleft.png ./body/snort/back.png ./body/snort/arm1left.png ./body/snort/black_arm2right.png ./body/snort/arm1right.png ./body/snort/arm2right.png ./body/snort/black_arm2left.png ./body/snort/black_arm3left.png ./body/snort/noze.png ./body/snort/black_footright.png ./body/snort/hornunderleft.png ./body/snort/black_hornoverright.png ./body/snort/black_back.png ./body/snort/arm3left.png ./body/snort/black_eyelid.png ./body/snort/black_pupil.png ./body/snort/pupil.png ./body/snort/hornunderright.png ./body/snort/black_body.png ./body/snort/black_hat.png ./body/snort/hat.png ./body/snort/tail.png ./body/snort/arm3right.png ./body/snort/config.xml ./body/snort/black_noze.png ./body/snort/arm2left.png ./body/snort/black_arm1right.png ./body/konqi/black_eyes.png ./body/konqi/black_hornoverleft.png ./body/konqi/black_tail.png ./body/konqi/sick_head.png ./body/konqi/black_arm1left.png ./body/konqi/black_arm3right.png ./body/konqi/hornoverleft.png ./body/konqi/body.png ./body/konqi/eyes.png ./body/konqi/dead.png ./body/konqi/black_head.png ./body/konqi/footleft.png ./body/konqi/footright.png ./body/konqi/black_hornunderright.png ./body/konqi/head.png ./body/konqi/hornoverright.png ./body/konqi/black_footleft.png ./body/konqi/eyelid.png ./body/konqi/black_hornunderleft.png ./body/konqi/back.png ./body/konqi/arm1left.png ./body/konqi/black_arm2right.png ./body/konqi/arm1right.png ./body/konqi/arm2right.png ./body/konqi/black_arm2left.png ./body/konqi/black_arm3left.png ./body/konqi/noze.png ./body/konqi/black_footright.png ./body/konqi/hornunderleft.png ./body/konqi/black_hornoverright.png ./body/konqi/black_back.png ./body/konqi/arm3left.png ./body/konqi/black_eyelid.png ./body/konqi/black_pupil.png ./body/konqi/pupil.png ./body/konqi/hornunderright.png ./body/konqi/black_body.png ./body/konqi/black_hat.png ./body/konqi/hat.png ./body/konqi/tail.png ./body/konqi/arm3right.png ./body/konqi/config.xml ./body/konqi/black_noze.png ./body/konqi/arm2left.png ./body/konqi/black_arm1right.png ./body/postfix/black_eyes.png ./body/postfix/black_hornoverleft.png ./body/postfix/black_tail.png ./body/postfix/sick_head.png ./body/postfix/black_arm1left.png ./body/postfix/black_arm3right.png ./body/postfix/black_hornleft.png ./body/postfix/hornoverleft.png ./body/postfix/body.png ./body/postfix/eyes.png ./body/postfix/dead.png ./body/postfix/black_head.png ./body/postfix/footleft.png ./body/postfix/footright.png ./body/postfix/black_hornunderright.png ./body/postfix/black_hornright.png ./body/postfix/hornright.png ./body/postfix/head.png ./body/postfix/hornoverright.png ./body/postfix/black_footleft.png ./body/postfix/eyelid.png ./body/postfix/black_hornunderleft.png ./body/postfix/back.png ./body/postfix/arm1left.png ./body/postfix/black_arm2right.png ./body/postfix/arm1right.png ./body/postfix/arm2right.png ./body/postfix/black_arm2left.png ./body/postfix/black_arm3left.png ./body/postfix/noze.png ./body/postfix/black_footright.png ./body/postfix/hornunderleft.png ./body/postfix/black_hornoverright.png ./body/postfix/black_back.png ./body/postfix/arm3left.png ./body/postfix/black_eyelid.png ./body/postfix/black_pupil.png ./body/postfix/pupil.png ./body/postfix/hornunderright.png ./body/postfix/black_body.png ./body/postfix/black_hat.png ./body/postfix/hat.png ./body/postfix/tail.png ./body/postfix/arm3right.png ./body/postfix/config.xml ./body/postfix/black_noze.png ./body/postfix/arm2left.png ./body/postfix/hornleft.png ./body/postfix/black_arm1right.png ./body/skeletons.xml ./body/movements.xml ./body/workrave/black_eyes.png ./body/workrave/black_hornoverleft.png ./body/workrave/black_tail.png ./body/workrave/sick_head.png ./body/workrave/black_arm1left.png ./body/workrave/black_arm3right.png ./body/workrave/black_hornleft.png ./body/workrave/hornoverleft.png ./body/workrave/body.png ./body/workrave/eyes.png ./body/workrave/dead.png ./body/workrave/black_head.png ./body/workrave/footleft.png ./body/workrave/footright.png ./body/workrave/black_hornunderright.png ./body/workrave/black_hornright.png ./body/workrave/hornright.png ./body/workrave/head.png ./body/workrave/hornoverright.png ./body/workrave/black_footleft.png ./body/workrave/eyelid.png ./body/workrave/black_hornunderleft.png ./body/workrave/back.png ./body/workrave/arm1left.png ./body/workrave/black_arm2right.png ./body/workrave/arm1right.png ./body/workrave/arm2right.png ./body/workrave/black_arm2left.png ./body/workrave/black_arm3left.png ./body/workrave/noze.png ./body/workrave/black_footright.png ./body/workrave/hornunderleft.png ./body/workrave/black_hornoverright.png ./body/workrave/black_back.png ./body/workrave/arm3left.png ./body/workrave/black_eyelid.png ./body/workrave/black_pupil.png ./body/workrave/pupil.png ./body/workrave/hornunderright.png ./body/workrave/black_body.png ./body/workrave/black_hat.png ./body/workrave/hat.png ./body/workrave/tail.png ./body/workrave/arm3right.png ./body/workrave/config.xml ./body/workrave/black_noze.png ./body/workrave/arm2left.png ./body/workrave/hornleft.png ./body/workrave/black_arm1right.png ./body/firefox/black_eyes.png ./body/firefox/black_hornoverleft.png ./body/firefox/black_tail.png ./body/firefox/sick_head.png ./body/firefox/black_arm1left.png ./body/firefox/black_arm3right.png ./body/firefox/hornoverleft.png ./body/firefox/body.png ./body/firefox/eyes.png ./body/firefox/dead.png ./body/firefox/black_head.png ./body/firefox/footleft.png ./body/firefox/footright.png ./body/firefox/black_hornunderright.png ./body/firefox/head.png ./body/firefox/hornoverright.png ./body/firefox/black_footleft.png ./body/firefox/eyelid.png ./body/firefox/black_hornunderleft.png ./body/firefox/back.png ./body/firefox/arm1left.png ./body/firefox/black_arm2right.png ./body/firefox/arm1right.png ./body/firefox/arm2right.png ./body/firefox/black_arm2left.png ./body/firefox/black_arm3left.png ./body/firefox/noze.png ./body/firefox/black_footright.png ./body/firefox/hornunderleft.png ./body/firefox/black_hornoverright.png ./body/firefox/black_back.png ./body/firefox/arm3left.png ./body/firefox/black_eyelid.png ./body/firefox/black_pupil.png ./body/firefox/pupil.png ./body/firefox/hornunderright.png ./body/firefox/black_body.png ./body/firefox/black_hat.png ./body/firefox/hat.png ./body/firefox/tail.png ./body/firefox/arm3right.png ./body/firefox/config.xml ./body/firefox/black_noze.png ./body/firefox/arm2left.png ./body/firefox/black_arm1right.png ./body/thunderbird/black_eyes.png ./body/thunderbird/black_hornoverleft.png ./body/thunderbird/black_tail.png ./body/thunderbird/sick_head.png ./body/thunderbird/black_arm1left.png ./body/thunderbird/black_arm3right.png ./body/thunderbird/black_hornleft.png ./body/thunderbird/hornoverleft.png ./body/thunderbird/body.png ./body/thunderbird/eyes.png ./body/thunderbird/dead.png ./body/thunderbird/black_head.png ./body/thunderbird/footleft.png ./body/thunderbird/footright.png ./body/thunderbird/black_hornunderright.png ./body/thunderbird/black_hornright.png ./body/thunderbird/hornright.png ./body/thunderbird/head.png ./body/thunderbird/hornoverright.png ./body/thunderbird/black_footleft.png ./body/thunderbird/eyelid.png ./body/thunderbird/black_hornunderleft.png ./body/thunderbird/back.png ./body/thunderbird/arm1left.png ./body/thunderbird/black_arm2right.png ./body/thunderbird/arm1right.png ./body/thunderbird/arm2right.png ./body/thunderbird/black_arm2left.png ./body/thunderbird/black_arm3left.png ./body/thunderbird/noze.png ./body/thunderbird/black_footright.png ./body/thunderbird/hornunderleft.png ./body/thunderbird/black_hornoverright.png ./body/thunderbird/black_back.png ./body/thunderbird/arm3left.png ./body/thunderbird/black_eyelid.png ./body/thunderbird/black_pupil.png ./body/thunderbird/pupil.png ./body/thunderbird/hornunderright.png ./body/thunderbird/black_body.png ./body/thunderbird/black_hat.png ./body/thunderbird/hat.png ./body/thunderbird/tail.png ./body/thunderbird/arm3right.png ./body/thunderbird/config.xml ./body/thunderbird/black_noze.png ./body/thunderbird/arm2left.png ./body/thunderbird/hornleft.png ./body/thunderbird/black_arm1right.png ./body/clothes.xml ./body/suse/black_eyes.png ./body/suse/black_hornoverleft.png ./body/suse/black_tail.png ./body/suse/sick_head.png ./body/suse/black_arm1left.png ./body/suse/black_arm3right.png ./body/suse/hornoverleft.png ./body/suse/body.png ./body/suse/eyes.png ./body/suse/dead.png ./body/suse/black_head.png ./body/suse/footleft.png ./body/suse/footright.png ./body/suse/black_hornunderright.png ./body/suse/head.png ./body/suse/hornoverright.png ./body/suse/black_footleft.png ./body/suse/eyelid.png ./body/suse/black_hornunderleft.png ./body/suse/back.png ./body/suse/arm1left.png ./body/suse/black_arm2right.png ./body/suse/arm1right.png ./body/suse/arm2right.png ./body/suse/black_arm2left.png ./body/suse/black_arm3left.png ./body/suse/noze.png ./body/suse/black_footright.png ./body/suse/hornunderleft.png ./body/suse/black_hornoverright.png ./body/suse/black_back.png ./body/suse/arm3left.png ./body/suse/black_eyelid.png ./body/suse/black_pupil.png ./body/suse/pupil.png ./body/suse/hornunderright.png ./body/suse/black_body.png ./body/suse/black_hat.png ./body/suse/hat.png ./body/suse/tail.png ./body/suse/arm3right.png ./body/suse/config.xml ./body/suse/black_noze.png ./body/suse/arm2left.png ./body/suse/black_arm1right.png ./body/spip/black_eyes.png ./body/spip/black_hornoverleft.png ./body/spip/black_tail.png ./body/spip/sick_head.png ./body/spip/black_arm1left.png ./body/spip/black_arm3right.png ./body/spip/hornoverleft.png ./body/spip/body.png ./body/spip/eyes.png ./body/spip/dead.png ./body/spip/black_head.png ./body/spip/footleft.png ./body/spip/footright.png ./body/spip/black_hornunderright.png ./body/spip/head.png ./body/spip/hornoverright.png ./body/spip/black_footleft.png ./body/spip/eyelid.png ./body/spip/black_hornunderleft.png ./body/spip/back.png ./body/spip/arm1left.png ./body/spip/black_arm2right.png ./body/spip/arm1right.png ./body/spip/arm2right.png ./body/spip/black_arm2left.png ./body/spip/black_arm3left.png ./body/spip/noze.png ./body/spip/black_footright.png ./body/spip/hornunderleft.png ./body/spip/black_hornoverright.png ./body/spip/black_back.png ./body/spip/arm3left.png ./body/spip/black_eyelid.png ./body/spip/black_pupil.png ./body/spip/pupil.png ./body/spip/hornunderright.png ./body/spip/black_body.png ./body/spip/black_hat.png ./body/spip/hat.png ./body/spip/tail.png ./body/spip/arm3right.png ./body/spip/config.xml ./body/spip/black_noze.png ./body/spip/arm2left.png ./body/spip/black_arm1right.png ./body/hexley/black_eyes.png ./body/hexley/black_hornoverleft.png ./body/hexley/black_tail.png ./body/hexley/sick_head.png ./body/hexley/black_arm1left.png ./body/hexley/black_arm3right.png ./body/hexley/black_hornleft.png ./body/hexley/hornoverleft.png ./body/hexley/body.png ./body/hexley/eyes.png ./body/hexley/dead.png ./body/hexley/black_head.png ./body/hexley/footleft.png ./body/hexley/footright.png ./body/hexley/black_hornunderright.png ./body/hexley/black_hornright.png ./body/hexley/hornright.png ./body/hexley/head.png ./body/hexley/hornoverright.png ./body/hexley/black_footleft.png ./body/hexley/eyelid.png ./body/hexley/black_hornunderleft.png ./body/hexley/back.png ./body/hexley/arm1left.png ./body/hexley/black_arm2right.png ./body/hexley/arm1right.png ./body/hexley/arm2right.png ./body/hexley/black_arm2left.png ./body/hexley/black_arm3left.png ./body/hexley/noze.png ./body/hexley/black_footright.png ./body/hexley/hornunderleft.png ./body/hexley/black_hornoverright.png ./body/hexley/black_back.png ./body/hexley/arm3left.png ./body/hexley/black_eyelid.png ./body/hexley/black_pupil.png ./body/hexley/pupil.png ./body/hexley/hornunderright.png ./body/hexley/black_body.png ./body/hexley/black_hat.png ./body/hexley/hat.png ./body/hexley/hornoveleft.png ./body/hexley/tail.png ./body/hexley/arm3right.png ./body/hexley/config.xml ./body/hexley/black_noze.png ./body/hexley/arm2left.png ./body/hexley/hornleft.png ./body/hexley/black_arm1right.png ./body/php/black_eyes.png ./body/php/black_hornoverleft.png ./body/php/black_tail.png ./body/php/sick_head.png ./body/php/black_arm1left.png ./body/php/black_arm3right.png ./body/php/black_hornleft.png ./body/php/hornoverleft.png ./body/php/body.png ./body/php/eyes.png ./body/php/dead.png ./body/php/black_head.png ./body/php/hornrightright.png ./body/php/footleft.png ./body/php/footright.png ./body/php/black_hornunderright.png ./body/php/black_hornright.png ./body/php/head.png ./body/php/hornoverright.png ./body/php/black_footleft.png ./body/php/eyelid.png ./body/php/black_hornunderleft.png ./body/php/back.png ./body/php/arm1left.png ./body/php/black_arm2right.png ./body/php/arm1right.png ./body/php/arm2right.png ./body/php/black_arm2left.png ./body/php/black_arm3left.png ./body/php/noze.png ./body/php/black_footright.png ./body/php/hornunderleft.png ./body/php/black_hornoverright.png ./body/php/black_back.png ./body/php/arm3left.png ./body/php/black_eyelid.png ./body/php/black_pupil.png ./body/php/pupil.png ./body/php/hornunderright.png ./body/php/black_body.png ./body/php/black_hat.png ./body/php/hat.png ./body/php/tail.png ./body/php/arm3right.png ./body/php/config.xml ./body/php/black_noze.png ./body/php/arm2left.png ./body/php/black_arm1right.png ./body/gnu/black_eyes.png ./body/gnu/black_hornoverleft.png ./body/gnu/black_tail.png ./body/gnu/sick_head.png ./body/gnu/black_arm1left.png ./body/gnu/black_arm3right.png ./body/gnu/hornoverleft.png ./body/gnu/body.png ./body/gnu/eyes.png ./body/gnu/dead.png ./body/gnu/black_head.png ./body/gnu/footleft.png ./body/gnu/footright.png ./body/gnu/black_hornunderright.png ./body/gnu/head.png ./body/gnu/hornoverright.png ./body/gnu/black_footleft.png ./body/gnu/eyelid.png ./body/gnu/black_hornunderleft.png ./body/gnu/back.png ./body/gnu/arm1left.png ./body/gnu/black_arm2right.png ./body/gnu/arm1right.png ./body/gnu/arm2right.png ./body/gnu/black_arm2left.png ./body/gnu/black_arm3left.png ./body/gnu/noze.png ./body/gnu/black_footright.png ./body/gnu/hornunderleft.png ./body/gnu/black_hornoverright.png ./body/gnu/black_back.png ./body/gnu/arm3left.png ./body/gnu/black_eyelid.png ./body/gnu/black_pupil.png ./body/gnu/pupil.png ./body/gnu/hornunderright.png ./body/gnu/black_body.png ./body/gnu/black_hat.png ./body/gnu/hat.png ./body/gnu/tail.png ./body/gnu/arm3right.png ./body/gnu/config.xml ./body/gnu/black_noze.png ./body/gnu/arm2left.png ./body/gnu/black_arm1right.png ./body/body.dtd ./body/all_skins_objects/hoop.png ./body/all_skins_objects/jetpack.png ./body/all_skins_objects/c2.png ./body/all_skins_objects/baseball_tshirt.png ./body/all_skins_objects/hula.png ./body/all_skins_objects/c1.png ./body/all_skins_objects/foothelmet2.png ./body/all_skins_objects/foothelmet1.png ./body/all_skins_objects/cowboy_hat.png ./body/all_skins_objects/baseball_cap.png ./body/all_skins_objects/helmet.png ./body/all_skins_objects/yoyo.png ./body/all_skins_objects/belt.png ./body/all_skins_objects/jetpack-fire.png ./body/pidgin/black_eyes.png ./body/pidgin/black_hornoverleft.png ./body/pidgin/black_tail.png ./body/pidgin/sick_head.png ./body/pidgin/black_arm1left.png ./body/pidgin/black_arm3right.png ./body/pidgin/hornoverleft.png ./body/pidgin/body.png ./body/pidgin/eyes.png ./body/pidgin/dead.png ./body/pidgin/black_head.png ./body/pidgin/footleft.png ./body/pidgin/footright.png ./body/pidgin/black_hornunderright.png ./body/pidgin/head.png ./body/pidgin/hornoverright.png ./body/pidgin/black_footleft.png ./body/pidgin/eyelid.png ./body/pidgin/black_hornunderleft.png ./body/pidgin/back.png ./body/pidgin/arm1left.png ./body/pidgin/black_arm2right.png ./body/pidgin/arm1right.png ./body/pidgin/arm2right.png ./body/pidgin/black_arm2left.png ./body/pidgin/black_arm3left.png ./body/pidgin/noze.png ./body/pidgin/black_footright.png ./body/pidgin/hornunderleft.png ./body/pidgin/black_hornoverright.png ./body/pidgin/black_back.png ./body/pidgin/arm3left.png ./body/pidgin/black_eyelid.png ./body/pidgin/black_pupil.png ./body/pidgin/pupil.png ./body/pidgin/hornunderright.png ./body/pidgin/black_body.png ./body/pidgin/black_hat.png ./body/pidgin/hat.png ./body/pidgin/tail.png ./body/pidgin/arm3right.png ./body/pidgin/config.xml ./body/pidgin/black_noze.png ./body/pidgin/arm2left.png ./body/pidgin/black_arm1right.png ./body/bugzilla/black_eyes.png ./body/bugzilla/black_hornoverleft.png ./body/bugzilla/black_tail.png ./body/bugzilla/sick_head.png ./body/bugzilla/black_arm1left.png ./body/bugzilla/black_arm3right.png ./body/bugzilla/hornoverleft.png ./body/bugzilla/body.png ./body/bugzilla/eyes.png ./body/bugzilla/dead.png ./body/bugzilla/black_head.png ./body/bugzilla/footleft.png ./body/bugzilla/footright.png ./body/bugzilla/black_hornunderright.png ./body/bugzilla/head.png ./body/bugzilla/hornoverright.png ./body/bugzilla/black_footleft.png ./body/bugzilla/eyelid.png ./body/bugzilla/black_hornunderleft.png ./body/bugzilla/back.png ./body/bugzilla/arm1left.png ./body/bugzilla/black_arm2right.png ./body/bugzilla/arm1right.png ./body/bugzilla/arm2right.png ./body/bugzilla/black_arm2left.png ./body/bugzilla/black_arm3left.png ./body/bugzilla/noze.png ./body/bugzilla/black_footright.png ./body/bugzilla/hornunderleft.png ./body/bugzilla/black_hornoverright.png ./body/bugzilla/black_back.png ./body/bugzilla/arm3left.png ./body/bugzilla/black_eyelid.png ./body/bugzilla/black_pupil.png ./body/bugzilla/pupil.png ./body/bugzilla/hornunderright.png ./body/bugzilla/black_body.png ./body/bugzilla/black_hat.png ./body/bugzilla/hat.png ./body/bugzilla/tail.png ./body/bugzilla/arm3right.png ./body/bugzilla/config.xml ./body/bugzilla/black_noze.png ./body/bugzilla/arm2left.png ./body/bugzilla/black_arm1right.png ./body/wilber/black_eyes.png ./body/wilber/black_hornoverleft.png ./body/wilber/black_tail.png ./body/wilber/sick_head.png ./body/wilber/black_arm1left.png ./body/wilber/black_arm3right.png ./body/wilber/hornoverleft.png ./body/wilber/body.png ./body/wilber/eyes.png ./body/wilber/dead.png ./body/wilber/black_head.png ./body/wilber/footleft.png ./body/wilber/footright.png ./body/wilber/black_hornunderright.png ./body/wilber/head.png ./body/wilber/hornoverright.png ./body/wilber/black_footleft.png ./body/wilber/eyelid.png ./body/wilber/black_hornunderleft.png ./body/wilber/back.png ./body/wilber/arm1left.png ./body/wilber/black_arm2right.png ./body/wilber/arm1right.png ./body/wilber/arm2right.png ./body/wilber/black_arm2left.png ./body/wilber/black_arm3left.png ./body/wilber/noze.png ./body/wilber/black_footright.png ./body/wilber/hornunderleft.png ./body/wilber/black_hornoverright.png ./body/wilber/black_back.png ./body/wilber/arm3left.png ./body/wilber/black_eyelid.png ./body/wilber/black_pupil.png ./body/wilber/pupil.png ./body/wilber/hornunderright.png ./body/wilber/black_body.png ./body/wilber/black_hat.png ./body/wilber/hat.png ./body/wilber/tail.png ./body/wilber/arm3right.png ./body/wilber/config.xml ./body/wilber/black_noze.png ./body/wilber/arm2left.png ./body/wilber/black_arm1right.png ./water/dirtywater/dirtywater.png ./water/dirtywater/dirtywater_drop.png ./water/radioactive/radioactive_drop.png ./water/radioactive/radioactive.png ./water/wine/wine_drop.png ./water/wine/wine.png ./water/lava/lava.png ./water/lava/lava_drop.png ./water/water/water_drop.png ./water/water/water.png ./water/chocolate/chocolate.png ./water/chocolate/chocolate_drop.png ./font/VL-Gothic-Regular.ttf ./font/wqy-microhei-lite.ttc ./object/smokea.png ./object/pink_star.png ./object/blue_star.png ./object/barrel.png ./object/kaboom.png ./object/smoke.png ./object/yellow_star.png ./object/ill_bubble.png ./object/smoke2.png ./object/kaboomk.png ./object/dark_smoke.png ./object/smoke3.png ./object/star.png ./object/fire.png ./object/medkit.png ./object/bonus_box.png ./graphism.xml'
DEFS='-DHAVE_CONFIG_H'
DEPDIR='.deps'
ECHO_C=''
ECHO_N='-n'
ECHO_T=''
EGREP='/bin/grep -E'
EXEEXT=''
FONTFILE='${DATADIR}/font/Ubuntu-R.ttf'
FRIBIDI_CFLAGS=''
FRIBIDI_LIBS=''
GCC_FALSE='#'
GCC_TRUE=''
GETTEXT_MACRO_VERSION='0.18'
GMSGFMT='/usr/bin/msgfmt'
GMSGFMT_015='/usr/bin/msgfmt'
GREP='/bin/grep'
INSTALL_DATA='${INSTALL} -m 644'
INSTALL_PROGRAM='${INSTALL}'
INSTALL_SCRIPT='${INSTALL}'
INSTALL_STRIP_PROGRAM='$(install_sh) -c -s'
INTLLIBS=''
INTL_MACOSX_LIBS=''
LDFLAGS=''
LIBCURL='-L/usr/lib/x86_64-linux-gnu -lcurl'
LIBCURL_CPPFLAGS=''
LIBDBUS_CFLAGS=''
LIBDBUS_LIBS=''
LIBGLIB_CFLAGS=''
LIBGLIB_LIBS=''
LIBICONV='-liconv'
LIBINTL=''
LIBOBJS=''
LIBPNG_CFLAGS='-I/usr/include/libpng12  '
LIBPNG_LIBS='-lpng12  '
LIBS='-lSDL_net -lSDL_ttf -lSDL_mixer -lSDL_image -lSDL_gfx  -L/usr/lib/x86_64-linux-gnu -lSDL -lX11 -lpng12   -lxml2  '
LIBXML2_CFLAGS='-I/usr/include/libxml2  '
LIBXML2_LIBS='-lxml2  '
LOCALEDIR='/usr/local/share/locale'
LTLIBICONV='-liconv'
LTLIBINTL=''
LTLIBOBJS=''
MAEMO_FALSE=''
MAEMO_TRUE='#'
MAKEINFO='${SHELL} /home/arnaud/Desktop/git/Warmux/warmux-11.04.1+repack/missing --run makeinfo'
MKDIR_P='/bin/mkdir -p'
MSGFMT='/usr/bin/msgfmt'
MSGFMT_015='/usr/bin/msgfmt'
MSGMERGE='/usr/bin/msgmerge'
NLS_FALSE='#'
NLS_TRUE=''
OBJEXT='o'
PACKAGE='warmux'
PACKAGE_BUGREPORT='warmux-dev@gna.org'
PACKAGE_NAME='Warmux'
PACKAGE_STRING='Warmux 11.04'
PACKAGE_TARNAME='warmux'
PACKAGE_URL=''
PACKAGE_VERSION='11.04'
PATH_SEPARATOR=':'
PKG_CONFIG='/usr/bin/pkg-config'
PKG_CONFIG_LIBDIR=''
PKG_CONFIG_PATH=''
POSUB='po'
RANLIB='ranlib'
SDL_CFLAGS='-I/usr/include/SDL -D_GNU_SOURCE=1 -D_REENTRANT'
SDL_CONFIG='/usr/bin/sdl-config'
SDL_GFX_PREFIX=''
SDL_LIBS='-L/usr/lib/x86_64-linux-gnu -lSDL'
SET_MAKE=''
SHELL='/bin/bash'
STATIC_FALSE=''
STATIC_TRUE='#'
STRIP='strip'
USE_NLS='yes'
VERSION='11.04'
WIN32_FALSE=''
WIN32_TRUE='#'
WINDRES=''
XGETTEXT='/usr/bin/xgettext'
XGETTEXT_015='/usr/bin/xgettext'
XGETTEXT_EXTRA_OPTIONS=''
_libcurl_config=''
ac_ct_CC='gcc'
ac_ct_CXX='g++'
am__EXEEXT_FALSE=''
am__EXEEXT_TRUE='#'
am__fastdepCC_FALSE='#'
am__fastdepCC_TRUE=''
am__fastdepCXX_FALSE='#'
am__fastdepCXX_TRUE=''
am__include='include'
am__isrc=''
am__leading_dot='.'
am__nodep='_no'
am__quote=''
am__tar='$${TAR-tar} chof - "$$tardir"'
am__untar='$${TAR-tar} xf -'
bindir='${exec_prefix}/bin'
build='x86_64-unknown-linux-gnu'
build_alias=''
build_cpu='x86_64'
build_os='linux-gnu'
build_vendor='unknown'
cxx_present='yes'
datadir='${datarootdir}'
datarootdir='${prefix}/share'
docdir='${datarootdir}/doc/${PACKAGE_TARNAME}'
dvidir='${docdir}'
exec_prefix='${prefix}'
host='x86_64-unknown-linux-gnu'
host_alias=''
host_cpu='x86_64'
host_os='linux-gnu'
host_vendor='unknown'
htmldir='${docdir}'
includedir='${prefix}/include'
infodir='${datarootdir}/info'
install_sh='${SHELL} /home/arnaud/Desktop/git/Warmux/warmux-11.04.1+repack/install-sh'
libdir='${exec_prefix}/lib'
libexecdir='${exec_prefix}/libexec'
localedir='${datarootdir}/locale'
localstatedir='${prefix}/var'
mandir='${datarootdir}/man'
mkdir_p='/bin/mkdir -p'
oldincludedir='/usr/include'
osso_CFLAGS=''
osso_LIBS=''
pdfdir='${docdir}'
prefix='/usr/local'
program_transform_name='s,x,x,'
psdir='${docdir}'
sbindir='${exec_prefix}/sbin'
sharedstatedir='${prefix}/com'
sysconfdir='${prefix}/etc'
target='x86_64-unknown-linux-gnu'
target_alias=''
target_cpu='x86_64'
target_os='linux-gnu'
target_vendor='unknown'

## ----------- ##
## confdefs.h. ##
## ----------- ##

/* confdefs.h */
#define PACKAGE_NAME "Warmux"
#define PACKAGE_TARNAME "warmux"
#define PACKAGE_VERSION "11.04"
#define PACKAGE_STRING "Warmux 11.04"
#define PACKAGE_BUGREPORT "warmux-dev@gna.org"
#define PACKAGE_URL ""
#define PACKAGE "warmux"
#define VERSION "11.04"
#define ENABLE_NLS 1
#define HAVE_GETTEXT 1
#define HAVE_DCGETTEXT 1
#define STDC_HEADERS 1
#define HAVE_SYS_TYPES_H 1
#define HAVE_SYS_STAT_H 1
#define HAVE_STDLIB_H 1
#define HAVE_STRING_H 1
#define HAVE_MEMORY_H 1
#define HAVE_STRINGS_H 1
#define HAVE_INTTYPES_H 1
#define HAVE_STDINT_H 1
#define HAVE_UNISTD_H 1
#define USE_X11 1
#define HAVE_LIBSDL_GFX 1
#define HAVE_LIBCURL 1
#define LIBCURL_FEATURE_SSL 1
#define LIBCURL_FEATURE_IPV6 1
#define LIBCURL_FEATURE_LIBZ 1
#define LIBCURL_FEATURE_ASYNCHDNS 1
#define LIBCURL_FEATURE_IDN 1
#define LIBCURL_FEATURE_NTLM 1
#define LIBCURL_FEATURE_NTLM_WB 1
#define LIBCURL_FEATURE_TLS_SRP 1
#define LIBCURL_PROTOCOL_DICT 1
#define LIBCURL_PROTOCOL_FILE 1
#define LIBCURL_PROTOCOL_FTP 1
#define LIBCURL_PROTOCOL_FTPS 1
#define LIBCURL_PROTOCOL_GOPHER 1
#define LIBCURL_PROTOCOL_HTTP 1
#define LIBCURL_PROTOCOL_HTTPS 1
#define LIBCURL_PROTOCOL_IMAP 1
#define LIBCURL_PROTOCOL_IMAPS 1
#define LIBCURL_PROTOCOL_LDAP 1
#define LIBCURL_PROTOCOL_LDAPS 1
#define LIBCURL_PROTOCOL_POP3 1
#define LIBCURL_PROTOCOL_POP3S 1
#define LIBCURL_PROTOCOL_RTMP 1
#define LIBCURL_PROTOCOL_RTSP 1
#define LIBCURL_PROTOCOL_SMTP 1
#define LIBCURL_PROTOCOL_SMTPS 1
#define LIBCURL_PROTOCOL_TELNET 1
#define LIBCURL_PROTOCOL_TFTP 1
#define HAVE_LIBSDL_IMAGE 1
#define HAVE_LIBSDL_MIXER 1
#define HAVE_LIBSDL_TTF 1
#define HAVE_LIBSDL_NET 1
#define HAVE_DIRENT_H 1
#define STDC_HEADERS 1

configure: exit 0
