CDPATH="${ZSH_VERSION+.}:" && cd . && /bin/bash /home/moi/Warmux/warmux-11.04.1+repack/missing --run aclocal-1.11 
 cd . && /bin/bash /home/moi/Warmux/warmux-11.04.1+repack/missing --run automake-1.11 --foreign
CDPATH="${ZSH_VERSION+.}:" && cd . && /bin/bash /home/moi/Warmux/warmux-11.04.1+repack/missing --run autoconf
/bin/bash ./config.status --recheck
running CONFIG_SHELL=/bin/bash /bin/bash ./configure --no-create --no-recursion
checking build system type... i686-pc-linux-gnu
checking host system type... i686-pc-linux-gnu
checking target system type... i686-pc-linux-gnu
checking for a BSD-compatible install... /usr/bin/install -c
checking whether build environment is sane... yes
checking for a thread-safe mkdir -p... /bin/mkdir -p
checking for gawk... no
checking for mawk... mawk
checking whether make sets $(MAKE)... yes
checking whether NLS is requested... yes
checking for msgfmt... /usr/bin/msgfmt
checking for gmsgfmt... /usr/bin/msgfmt
checking for xgettext... /usr/bin/xgettext
checking for msgmerge... /usr/bin/msgmerge
checking for style of include used by make... GNU
checking for gcc... gcc
checking whether the C compiler works... yes
checking for C compiler default output file name... a.out
checking for suffix of executables... 
checking whether we are cross compiling... no
checking for suffix of object files... o
checking whether we are using the GNU C compiler... yes
checking whether gcc accepts -g... yes
checking for gcc option to accept ISO C89... none needed
checking dependency style of gcc... gcc3
checking for ld used by GCC... /usr/bin/ld
checking if the linker (/usr/bin/ld) is GNU ld... yes
checking for shared library run path origin... done
checking how to run the C preprocessor... gcc -E
checking for grep that handles long lines and -e... /bin/grep
checking for egrep... /bin/grep -E
checking for CFPreferencesCopyAppValue... no
checking for CFLocaleCopyCurrent... no
checking for GNU gettext in libc... yes
checking whether to use NLS... yes
checking where the gettext function comes from... libc
checking whether make sets $(MAKE)... (cached) yes
checking for gcc... (cached) gcc
checking whether we are using the GNU C compiler... (cached) yes
checking whether gcc accepts -g... (cached) yes
checking for gcc option to accept ISO C89... (cached) none needed
checking dependency style of gcc... (cached) gcc3
checking for g++... g++
checking whether we are using the GNU C++ compiler... yes
checking whether g++ accepts -g... yes
checking dependency style of g++... gcc3
checking how to run the C preprocessor... gcc -E
checking for ranlib... ranlib
checking for strip... strip
checking for windres... no
checking for g++... yes
checking CXXFLAGS for maximum warnings... -Wall
checking gcc version... 4.7
checking for sdl-config... /usr/bin/sdl-config
checking for SDL - version >= 1.2.6... yes
checking for ANSI C header files... yes
checking for sys/types.h... yes
checking for sys/stat.h... yes
checking for stdlib.h... yes
checking for string.h... yes
checking for memory.h... yes
checking for strings.h... yes
checking for inttypes.h... yes
checking for stdint.h... yes
checking for unistd.h... yes
checking X11/Xlib.h usability... yes
checking X11/Xlib.h presence... yes
checking for X11/Xlib.h... yes
checking for XOpenDisplay in -lX11... yes
checking for pkg-config... /usr/bin/pkg-config
checking pkg-config is at least version 0.9.0... yes
checking for LIBXML2... yes
checking for LIBPNG... yes
checking SDL_rotozoom.h usability... yes
checking SDL_rotozoom.h presence... yes
checking for SDL_rotozoom.h... yes
checking for rotozoomSurfaceXY in -lSDL_gfx... yes
checking whether SDL_gfx - version >= 2.0.22 ... 2.0.23, OK
checking for gawk... (cached) mawk
checking for curl-config... no
checking whether libcurl is usable... no
checking for IMG_Load in -lSDL_image... yes
checking for Mix_OpenAudio in -lSDL_mixer... yes
checking for TTF_OpenFont in -lSDL_ttf... yes
checking for SDLNet_Init in -lSDL_net... yes
checking for dirent.h that defines DIR... yes
checking for library containing opendir... none required
checking for ANSI C header files... (cached) yes
configure: creating ./config.status
***********************************************************
Configuration complete

* Game data will be installed into /usr/local/share/warmux/
* Game locale will be installed into /usr/local/share/locale
* Font file will be ${DATADIR}/font/Ubuntu-R.ttf

* [Optional] DEBUG                              : no
* [Optional] LOGGING feature                    : no

* [Optional] Bi-directional rendering (fribidi) : no
* [Optional] Internationalisation (gettext)     : yes
* [Optional] Index and game servers             : no
***********************************************************

Execute make to compile then execute make install to install...
 /bin/bash ./config.status
config.status: creating Makefile
config.status: creating data/Makefile
config.status: creating src/Makefile
config.status: creating lib/Makefile
config.status: creating lib/fixedpoint/Makefile
config.status: creating lib/warmux/Makefile
config.status: creating po/Makefile
config.status: creating lib/warmux-server/Makefile
config.status: creating doc/Makefile
config.status: creating tools/Makefile
config.status: creating tools/list_games/Makefile
config.status: creating tools/servers/Makefile
config.status: creating tools/servers/game_server/Makefile
config.status: creating tools/servers/index_server/Makefile
config.status: creating lib/warmux/include/config_autotools.h
config.status: lib/warmux/include/config_autotools.h is unchanged
config.status: executing po-directories commands
config.status: executing depfiles commands
CDPATH="${ZSH_VERSION+.}:" && cd . && /bin/bash /home/moi/Warmux/warmux-11.04.1+repack/missing --run aclocal-1.11 
 cd . && /bin/bash /home/moi/Warmux/warmux-11.04.1+repack/missing --run automake-1.11 --foreign
CDPATH="${ZSH_VERSION+.}:" && cd . && /bin/bash /home/moi/Warmux/warmux-11.04.1+repack/missing --run autoconf
/bin/bash ./config.status --recheck
running CONFIG_SHELL=/bin/bash /bin/bash ./configure --no-create --no-recursion
checking build system type... i686-pc-linux-gnu
checking host system type... i686-pc-linux-gnu
checking target system type... i686-pc-linux-gnu
checking for a BSD-compatible install... /usr/bin/install -c
checking whether build environment is sane... yes
checking for a thread-safe mkdir -p... /bin/mkdir -p
checking for gawk... no
checking for mawk... mawk
checking whether make sets $(MAKE)... yes
checking whether NLS is requested... yes
checking for msgfmt... /usr/bin/msgfmt
checking for gmsgfmt... /usr/bin/msgfmt
checking for xgettext... /usr/bin/xgettext
checking for msgmerge... /usr/bin/msgmerge
checking for style of include used by make... GNU
checking for gcc... gcc
checking whether the C compiler works... yes
checking for C compiler default output file name... a.out
checking for suffix of executables... 
checking whether we are cross compiling... no
checking for suffix of object files... o
checking whether we are using the GNU C compiler... yes
checking whether gcc accepts -g... yes
checking for gcc option to accept ISO C89... none needed
checking dependency style of gcc... gcc3
checking for ld used by GCC... /usr/bin/ld
checking if the linker (/usr/bin/ld) is GNU ld... yes
checking for shared library run path origin... done
checking how to run the C preprocessor... gcc -E
checking for grep that handles long lines and -e... /bin/grep
checking for egrep... /bin/grep -E
checking for CFPreferencesCopyAppValue... no
checking for CFLocaleCopyCurrent... no
checking for GNU gettext in libc... yes
checking whether to use NLS... yes
checking where the gettext function comes from... libc
checking whether make sets $(MAKE)... (cached) yes
checking for gcc... (cached) gcc
checking whether we are using the GNU C compiler... (cached) yes
checking whether gcc accepts -g... (cached) yes
checking for gcc option to accept ISO C89... (cached) none needed
checking dependency style of gcc... (cached) gcc3
checking for g++... g++
checking whether we are using the GNU C++ compiler... yes
checking whether g++ accepts -g... yes
checking dependency style of g++... gcc3
checking how to run the C preprocessor... gcc -E
checking for ranlib... ranlib
checking for strip... strip
checking for windres... no
checking for g++... yes
checking CXXFLAGS for maximum warnings... -Wall
checking gcc version... 4.7
checking for sdl-config... /usr/bin/sdl-config
checking for SDL - version >= 1.2.6... yes
checking for ANSI C header files... yes
checking for sys/types.h... yes
checking for sys/stat.h... yes
checking for stdlib.h... yes
checking for string.h... yes
checking for memory.h... yes
checking for strings.h... yes
checking for inttypes.h... yes
checking for stdint.h... yes
checking for unistd.h... yes
checking X11/Xlib.h usability... yes
checking X11/Xlib.h presence... yes
checking for X11/Xlib.h... yes
checking for XOpenDisplay in -lX11... yes
checking for pkg-config... /usr/bin/pkg-config
checking pkg-config is at least version 0.9.0... yes
checking for LIBXML2... yes
checking for LIBPNG... yes
checking SDL_rotozoom.h usability... yes
checking SDL_rotozoom.h presence... yes
checking for SDL_rotozoom.h... yes
checking for rotozoomSurfaceXY in -lSDL_gfx... yes
checking whether SDL_gfx - version >= 2.0.22 ... 2.0.23, OK
checking for gawk... (cached) mawk
checking for curl-config... no
checking whether libcurl is usable... no
checking for IMG_Load in -lSDL_image... yes
checking for Mix_OpenAudio in -lSDL_mixer... yes
checking for TTF_OpenFont in -lSDL_ttf... yes
checking for SDLNet_Init in -lSDL_net... yes
checking for dirent.h that defines DIR... yes
checking for library containing opendir... none required
checking for ANSI C header files... (cached) yes
configure: creating ./config.status
***********************************************************
Configuration complete

* Game data will be installed into /usr/local/share/warmux/
* Game locale will be installed into /usr/local/share/locale
* Font file will be ${DATADIR}/font/Ubuntu-R.ttf

* [Optional] DEBUG                              : no
* [Optional] LOGGING feature                    : no

* [Optional] Bi-directional rendering (fribidi) : no
* [Optional] Internationalisation (gettext)     : yes
* [Optional] Index and game servers             : no
***********************************************************

Execute make to compile then execute make install to install...
 /bin/bash ./config.status
config.status: creating Makefile
config.status: creating data/Makefile
config.status: creating src/Makefile
config.status: creating lib/Makefile
config.status: creating lib/fixedpoint/Makefile
config.status: creating lib/warmux/Makefile
config.status: creating po/Makefile
config.status: creating lib/warmux-server/Makefile
config.status: creating doc/Makefile
config.status: creating tools/Makefile
config.status: creating tools/list_games/Makefile
config.status: creating tools/servers/Makefile
config.status: creating tools/servers/game_server/Makefile
config.status: creating tools/servers/index_server/Makefile
config.status: creating lib/warmux/include/config_autotools.h
config.status: lib/warmux/include/config_autotools.h is unchanged
config.status: executing po-directories commands
config.status: executing depfiles commands
CDPATH="${ZSH_VERSION+.}:" && cd . && /bin/bash /home/moi/Warmux/warmux-11.04.1+repack/missing --run aclocal-1.11 
 cd . && /bin/bash /home/moi/Warmux/warmux-11.04.1+repack/missing --run automake-1.11 --foreign
CDPATH="${ZSH_VERSION+.}:" && cd . && /bin/bash /home/moi/Warmux/warmux-11.04.1+repack/missing --run autoconf
/bin/bash ./config.status --recheck
running CONFIG_SHELL=/bin/bash /bin/bash ./configure --no-create --no-recursion
checking build system type... i686-pc-linux-gnu
checking host system type... i686-pc-linux-gnu
checking target system type... i686-pc-linux-gnu
checking for a BSD-compatible install... /usr/bin/install -c
checking whether build environment is sane... yes
checking for a thread-safe mkdir -p... /bin/mkdir -p
checking for gawk... no
checking for mawk... mawk
checking whether make sets $(MAKE)... yes
checking whether NLS is requested... yes
checking for msgfmt... /usr/bin/msgfmt
checking for gmsgfmt... /usr/bin/msgfmt
checking for xgettext... /usr/bin/xgettext
checking for msgmerge... /usr/bin/msgmerge
checking for style of include used by make... GNU
checking for gcc... gcc
checking whether the C compiler works... yes
checking for C compiler default output file name... a.out
checking for suffix of executables... 
checking whether we are cross compiling... no
checking for suffix of object files... o
checking whether we are using the GNU C compiler... yes
checking whether gcc accepts -g... yes
checking for gcc option to accept ISO C89... none needed
checking dependency style of gcc... gcc3
checking for ld used by GCC... /usr/bin/ld
checking if the linker (/usr/bin/ld) is GNU ld... yes
checking for shared library run path origin... done
checking how to run the C preprocessor... gcc -E
checking for grep that handles long lines and -e... /bin/grep
checking for egrep... /bin/grep -E
checking for CFPreferencesCopyAppValue... no
checking for CFLocaleCopyCurrent... no
checking for GNU gettext in libc... yes
checking whether to use NLS... yes
checking where the gettext function comes from... libc
checking whether make sets $(MAKE)... (cached) yes
checking for gcc... (cached) gcc
checking whether we are using the GNU C compiler... (cached) yes
checking whether gcc accepts -g... (cached) yes
checking for gcc option to accept ISO C89... (cached) none needed
checking dependency style of gcc... (cached) gcc3
checking for g++... g++
checking whether we are using the GNU C++ compiler... yes
checking whether g++ accepts -g... yes
checking dependency style of g++... gcc3
checking how to run the C preprocessor... gcc -E
checking for ranlib... ranlib
checking for strip... strip
checking for windres... no
checking for g++... yes
checking CXXFLAGS for maximum warnings... -Wall
checking gcc version... 4.7
checking for sdl-config... /usr/bin/sdl-config
checking for SDL - version >= 1.2.6... yes
checking for ANSI C header files... yes
checking for sys/types.h... yes
checking for sys/stat.h... yes
checking for stdlib.h... yes
checking for string.h... yes
checking for memory.h... yes
checking for strings.h... yes
checking for inttypes.h... yes
checking for stdint.h... yes
checking for unistd.h... yes
checking X11/Xlib.h usability... yes
checking X11/Xlib.h presence... yes
checking for X11/Xlib.h... yes
checking for XOpenDisplay in -lX11... yes
checking for pkg-config... /usr/bin/pkg-config
checking pkg-config is at least version 0.9.0... yes
checking for LIBXML2... yes
checking for LIBPNG... yes
checking SDL_rotozoom.h usability... yes
checking SDL_rotozoom.h presence... yes
checking for SDL_rotozoom.h... yes
checking for rotozoomSurfaceXY in -lSDL_gfx... yes
checking whether SDL_gfx - version >= 2.0.22 ... 2.0.23, OK
checking for gawk... (cached) mawk
checking for curl-config... no
checking whether libcurl is usable... no
checking for IMG_Load in -lSDL_image... yes
checking for Mix_OpenAudio in -lSDL_mixer... yes
checking for TTF_OpenFont in -lSDL_ttf... yes
checking for SDLNet_Init in -lSDL_net... yes
checking for dirent.h that defines DIR... yes
checking for library containing opendir... none required
checking for ANSI C header files... (cached) yes
configure: creating ./config.status
***********************************************************
Configuration complete

* Game data will be installed into /usr/local/share/warmux/
* Game locale will be installed into /usr/local/share/locale
* Font file will be ${DATADIR}/font/Ubuntu-R.ttf

* [Optional] DEBUG                              : no
* [Optional] LOGGING feature                    : no

* [Optional] Bi-directional rendering (fribidi) : no
* [Optional] Internationalisation (gettext)     : yes
* [Optional] Index and game servers             : no
***********************************************************

Execute make to compile then execute make install to install...
 /bin/bash ./config.status
config.status: creating Makefile
config.status: creating data/Makefile
config.status: creating src/Makefile
config.status: creating lib/Makefile
config.status: creating lib/fixedpoint/Makefile
config.status: creating lib/warmux/Makefile
config.status: creating po/Makefile
config.status: creating lib/warmux-server/Makefile
config.status: creating doc/Makefile
config.status: creating tools/Makefile
config.status: creating tools/list_games/Makefile
config.status: creating tools/servers/Makefile
config.status: creating tools/servers/game_server/Makefile
config.status: creating tools/servers/index_server/Makefile
config.status: creating lib/warmux/include/config_autotools.h
config.status: lib/warmux/include/config_autotools.h is unchanged
config.status: executing po-directories commands
config.status: executing depfiles commands
CDPATH="${ZSH_VERSION+.}:" && cd . && /bin/bash /home/moi/Warmux/warmux-11.04.1+repack/missing --run aclocal-1.11 
 cd . && /bin/bash /home/moi/Warmux/warmux-11.04.1+repack/missing --run automake-1.11 --foreign
CDPATH="${ZSH_VERSION+.}:" && cd . && /bin/bash /home/moi/Warmux/warmux-11.04.1+repack/missing --run autoconf
/bin/bash ./config.status --recheck
running CONFIG_SHELL=/bin/bash /bin/bash ./configure --no-create --no-recursion
checking build system type... i686-pc-linux-gnu
checking host system type... i686-pc-linux-gnu
checking target system type... i686-pc-linux-gnu
checking for a BSD-compatible install... /usr/bin/install -c
checking whether build environment is sane... yes
checking for a thread-safe mkdir -p... /bin/mkdir -p
checking for gawk... no
checking for mawk... mawk
checking whether make sets $(MAKE)... yes
checking whether NLS is requested... yes
checking for msgfmt... /usr/bin/msgfmt
checking for gmsgfmt... /usr/bin/msgfmt
checking for xgettext... /usr/bin/xgettext
checking for msgmerge... /usr/bin/msgmerge
checking for style of include used by make... GNU
checking for gcc... gcc
checking whether the C compiler works... yes
checking for C compiler default output file name... a.out
checking for suffix of executables... 
checking whether we are cross compiling... no
checking for suffix of object files... o
checking whether we are using the GNU C compiler... yes
checking whether gcc accepts -g... yes
checking for gcc option to accept ISO C89... none needed
checking dependency style of gcc... gcc3
checking for ld used by GCC... /usr/bin/ld
checking if the linker (/usr/bin/ld) is GNU ld... yes
checking for shared library run path origin... done
checking how to run the C preprocessor... gcc -E
checking for grep that handles long lines and -e... /bin/grep
checking for egrep... /bin/grep -E
checking for CFPreferencesCopyAppValue... no
checking for CFLocaleCopyCurrent... no
checking for GNU gettext in libc... yes
checking whether to use NLS... yes
checking where the gettext function comes from... libc
checking whether make sets $(MAKE)... (cached) yes
checking for gcc... (cached) gcc
checking whether we are using the GNU C compiler... (cached) yes
checking whether gcc accepts -g... (cached) yes
checking for gcc option to accept ISO C89... (cached) none needed
checking dependency style of gcc... (cached) gcc3
checking for g++... g++
checking whether we are using the GNU C++ compiler... yes
checking whether g++ accepts -g... yes
checking dependency style of g++... gcc3
checking how to run the C preprocessor... gcc -E
checking for ranlib... ranlib
checking for strip... strip
checking for windres... no
checking for g++... yes
checking CXXFLAGS for maximum warnings... -Wall
checking gcc version... 4.7
checking for sdl-config... /usr/bin/sdl-config
checking for SDL - version >= 1.2.6... yes
checking for ANSI C header files... yes
checking for sys/types.h... yes
checking for sys/stat.h... yes
checking for stdlib.h... yes
checking for string.h... yes
checking for memory.h... yes
checking for strings.h... yes
checking for inttypes.h... yes
checking for stdint.h... yes
checking for unistd.h... yes
checking X11/Xlib.h usability... yes
checking X11/Xlib.h presence... yes
checking for X11/Xlib.h... yes
checking for XOpenDisplay in -lX11... yes
checking for pkg-config... /usr/bin/pkg-config
checking pkg-config is at least version 0.9.0... yes
checking for LIBXML2... yes
checking for LIBPNG... yes
checking SDL_rotozoom.h usability... yes
checking SDL_rotozoom.h presence... yes
checking for SDL_rotozoom.h... yes
checking for rotozoomSurfaceXY in -lSDL_gfx... yes
checking whether SDL_gfx - version >= 2.0.22 ... 2.0.23, OK
checking for gawk... (cached) mawk
checking for curl-config... no
checking whether libcurl is usable... no
checking for IMG_Load in -lSDL_image... yes
checking for Mix_OpenAudio in -lSDL_mixer... yes
checking for TTF_OpenFont in -lSDL_ttf... yes
checking for SDLNet_Init in -lSDL_net... yes
checking for dirent.h that defines DIR... yes
checking for library containing opendir... none required
checking for ANSI C header files... (cached) yes
configure: creating ./config.status
***********************************************************
Configuration complete

* Game data will be installed into /usr/local/share/warmux/
* Game locale will be installed into /usr/local/share/locale
* Font file will be ${DATADIR}/font/Ubuntu-R.ttf

* [Optional] DEBUG                              : no
* [Optional] LOGGING feature                    : no

* [Optional] Bi-directional rendering (fribidi) : no
* [Optional] Internationalisation (gettext)     : yes
* [Optional] Index and game servers             : no
***********************************************************

Execute make to compile then execute make install to install...
 /bin/bash ./config.status
config.status: creating Makefile
config.status: creating data/Makefile
config.status: creating src/Makefile
config.status: creating lib/Makefile
config.status: creating lib/fixedpoint/Makefile
config.status: creating lib/warmux/Makefile
config.status: creating po/Makefile
config.status: creating lib/warmux-server/Makefile
config.status: creating doc/Makefile
config.status: creating tools/Makefile
config.status: creating tools/list_games/Makefile
config.status: creating tools/servers/Makefile
config.status: creating tools/servers/game_server/Makefile
config.status: creating tools/servers/index_server/Makefile
config.status: creating lib/warmux/include/config_autotools.h
config.status: lib/warmux/include/config_autotools.h is unchanged
config.status: executing po-directories commands
config.status: executing depfiles commands
CDPATH="${ZSH_VERSION+.}:" && cd . && /bin/bash /home/moi/Warmux/warmux-11.04.1+repack/missing --run aclocal-1.11 
 cd . && /bin/bash /home/moi/Warmux/warmux-11.04.1+repack/missing --run automake-1.11 --foreign
CDPATH="${ZSH_VERSION+.}:" && cd . && /bin/bash /home/moi/Warmux/warmux-11.04.1+repack/missing --run autoconf
/bin/bash ./config.status --recheck
running CONFIG_SHELL=/bin/bash /bin/bash ./configure --no-create --no-recursion
checking build system type... i686-pc-linux-gnu
checking host system type... i686-pc-linux-gnu
checking target system type... i686-pc-linux-gnu
checking for a BSD-compatible install... /usr/bin/install -c
checking whether build environment is sane... yes
checking for a thread-safe mkdir -p... /bin/mkdir -p
checking for gawk... no
checking for mawk... mawk
checking whether make sets $(MAKE)... yes
checking whether NLS is requested... yes
checking for msgfmt... /usr/bin/msgfmt
checking for gmsgfmt... /usr/bin/msgfmt
checking for xgettext... /usr/bin/xgettext
checking for msgmerge... /usr/bin/msgmerge
checking for style of include used by make... GNU
checking for gcc... gcc
checking whether the C compiler works... yes
checking for C compiler default output file name... a.out
checking for suffix of executables... 
checking whether we are cross compiling... no
checking for suffix of object files... o
checking whether we are using the GNU C compiler... yes
checking whether gcc accepts -g... yes
checking for gcc option to accept ISO C89... none needed
checking dependency style of gcc... gcc3
checking for ld used by GCC... /usr/bin/ld
checking if the linker (/usr/bin/ld) is GNU ld... yes
checking for shared library run path origin... done
checking how to run the C preprocessor... gcc -E
checking for grep that handles long lines and -e... /bin/grep
checking for egrep... /bin/grep -E
checking for CFPreferencesCopyAppValue... no
checking for CFLocaleCopyCurrent... no
checking for GNU gettext in libc... yes
checking whether to use NLS... yes
checking where the gettext function comes from... libc
checking whether make sets $(MAKE)... (cached) yes
checking for gcc... (cached) gcc
checking whether we are using the GNU C compiler... (cached) yes
checking whether gcc accepts -g... (cached) yes
checking for gcc option to accept ISO C89... (cached) none needed
checking dependency style of gcc... (cached) gcc3
checking for g++... g++
checking whether we are using the GNU C++ compiler... yes
checking whether g++ accepts -g... yes
checking dependency style of g++... gcc3
checking how to run the C preprocessor... gcc -E
checking for ranlib... ranlib
checking for strip... strip
checking for windres... no
checking for g++... yes
checking CXXFLAGS for maximum warnings... -Wall
checking gcc version... 4.7
checking for sdl-config... /usr/bin/sdl-config
checking for SDL - version >= 1.2.6... yes
checking for ANSI C header files... yes
checking for sys/types.h... yes
checking for sys/stat.h... yes
checking for stdlib.h... yes
checking for string.h... yes
checking for memory.h... yes
checking for strings.h... yes
checking for inttypes.h... yes
checking for stdint.h... yes
checking for unistd.h... yes
checking X11/Xlib.h usability... yes
checking X11/Xlib.h presence... yes
checking for X11/Xlib.h... yes
checking for XOpenDisplay in -lX11... yes
checking for pkg-config... /usr/bin/pkg-config
checking pkg-config is at least version 0.9.0... yes
checking for LIBXML2... yes
checking for LIBPNG... yes
checking SDL_rotozoom.h usability... yes
checking SDL_rotozoom.h presence... yes
checking for SDL_rotozoom.h... yes
checking for rotozoomSurfaceXY in -lSDL_gfx... yes
checking whether SDL_gfx - version >= 2.0.22 ... 2.0.23, OK
checking for gawk... (cached) mawk
checking for curl-config... no
checking whether libcurl is usable... no
checking for IMG_Load in -lSDL_image... yes
checking for Mix_OpenAudio in -lSDL_mixer... yes
checking for TTF_OpenFont in -lSDL_ttf... yes
checking for SDLNet_Init in -lSDL_net... yes
checking for dirent.h that defines DIR... yes
checking for library containing opendir... none required
checking for ANSI C header files... (cached) yes
configure: creating ./config.status
***********************************************************
Configuration complete

* Game data will be installed into /usr/local/share/warmux/
* Game locale will be installed into /usr/local/share/locale
* Font file will be ${DATADIR}/font/Ubuntu-R.ttf

* [Optional] DEBUG                              : no
* [Optional] LOGGING feature                    : no

* [Optional] Bi-directional rendering (fribidi) : no
* [Optional] Internationalisation (gettext)     : yes
* [Optional] Index and game servers             : no
***********************************************************

Execute make to compile then execute make install to install...
 /bin/bash ./config.status
config.status: creating Makefile
config.status: creating data/Makefile
config.status: creating src/Makefile
config.status: creating lib/Makefile
config.status: creating lib/fixedpoint/Makefile
config.status: creating lib/warmux/Makefile
config.status: creating po/Makefile
config.status: creating lib/warmux-server/Makefile
config.status: creating doc/Makefile
config.status: creating tools/Makefile
config.status: creating tools/list_games/Makefile
config.status: creating tools/servers/Makefile
config.status: creating tools/servers/game_server/Makefile
config.status: creating tools/servers/index_server/Makefile
config.status: creating lib/warmux/include/config_autotools.h
config.status: lib/warmux/include/config_autotools.h is unchanged
config.status: executing po-directories commands
config.status: executing depfiles commands
CDPATH="${ZSH_VERSION+.}:" && cd . && /bin/bash /home/moi/Warmux/warmux-11.04.1+repack/missing --run aclocal-1.11 
 cd . && /bin/bash /home/moi/Warmux/warmux-11.04.1+repack/missing --run automake-1.11 --foreign
CDPATH="${ZSH_VERSION+.}:" && cd . && /bin/bash /home/moi/Warmux/warmux-11.04.1+repack/missing --run autoconf
/bin/bash ./config.status --recheck
running CONFIG_SHELL=/bin/bash /bin/bash ./configure --no-create --no-recursion
checking build system type... i686-pc-linux-gnu
checking host system type... i686-pc-linux-gnu
checking target system type... i686-pc-linux-gnu
checking for a BSD-compatible install... /usr/bin/install -c
checking whether build environment is sane... yes
checking for a thread-safe mkdir -p... /bin/mkdir -p
checking for gawk... no
checking for mawk... mawk
checking whether make sets $(MAKE)... yes
checking whether NLS is requested... yes
checking for msgfmt... /usr/bin/msgfmt
checking for gmsgfmt... /usr/bin/msgfmt
checking for xgettext... /usr/bin/xgettext
checking for msgmerge... /usr/bin/msgmerge
checking for style of include used by make... GNU
checking for gcc... gcc
checking whether the C compiler works... yes
checking for C compiler default output file name... a.out
checking for suffix of executables... 
checking whether we are cross compiling... no
checking for suffix of object files... o
checking whether we are using the GNU C compiler... yes
checking whether gcc accepts -g... yes
checking for gcc option to accept ISO C89... none needed
checking dependency style of gcc... gcc3
checking for ld used by GCC... /usr/bin/ld
checking if the linker (/usr/bin/ld) is GNU ld... yes
checking for shared library run path origin... done
checking how to run the C preprocessor... gcc -E
checking for grep that handles long lines and -e... /bin/grep
checking for egrep... /bin/grep -E
checking for CFPreferencesCopyAppValue... no
checking for CFLocaleCopyCurrent... no
checking for GNU gettext in libc... yes
checking whether to use NLS... yes
checking where the gettext function comes from... libc
checking whether make sets $(MAKE)... (cached) yes
checking for gcc... (cached) gcc
checking whether we are using the GNU C compiler... (cached) yes
checking whether gcc accepts -g... (cached) yes
checking for gcc option to accept ISO C89... (cached) none needed
checking dependency style of gcc... (cached) gcc3
checking for g++... g++
checking whether we are using the GNU C++ compiler... yes
checking whether g++ accepts -g... yes
checking dependency style of g++... gcc3
checking how to run the C preprocessor... gcc -E
checking for ranlib... ranlib
checking for strip... strip
checking for windres... no
checking for g++... yes
checking CXXFLAGS for maximum warnings... -Wall
checking gcc version... 4.7
checking for sdl-config... /usr/bin/sdl-config
checking for SDL - version >= 1.2.6... yes
checking for ANSI C header files... yes
checking for sys/types.h... yes
checking for sys/stat.h... yes
checking for stdlib.h... yes
checking for string.h... yes
checking for memory.h... yes
checking for strings.h... yes
checking for inttypes.h... yes
checking for stdint.h... yes
checking for unistd.h... yes
checking X11/Xlib.h usability... yes
checking X11/Xlib.h presence... yes
checking for X11/Xlib.h... yes
checking for XOpenDisplay in -lX11... yes
checking for pkg-config... /usr/bin/pkg-config
checking pkg-config is at least version 0.9.0... yes
checking for LIBXML2... yes
checking for LIBPNG... yes
checking SDL_rotozoom.h usability... yes
checking SDL_rotozoom.h presence... yes
checking for SDL_rotozoom.h... yes
checking for rotozoomSurfaceXY in -lSDL_gfx... yes
checking whether SDL_gfx - version >= 2.0.22 ... 2.0.23, OK
checking for gawk... (cached) mawk
checking for curl-config... no
checking whether libcurl is usable... no
checking for IMG_Load in -lSDL_image... yes
checking for Mix_OpenAudio in -lSDL_mixer... yes
checking for TTF_OpenFont in -lSDL_ttf... yes
checking for SDLNet_Init in -lSDL_net... yes
checking for dirent.h that defines DIR... yes
checking for library containing opendir... none required
checking for ANSI C header files... (cached) yes
configure: creating ./config.status
***********************************************************
Configuration complete

* Game data will be installed into /usr/local/share/warmux/
* Game locale will be installed into /usr/local/share/locale
* Font file will be ${DATADIR}/font/Ubuntu-R.ttf

* [Optional] DEBUG                              : no
* [Optional] LOGGING feature                    : no

* [Optional] Bi-directional rendering (fribidi) : no
* [Optional] Internationalisation (gettext)     : yes
* [Optional] Index and game servers             : no
***********************************************************

Execute make to compile then execute make install to install...
 /bin/bash ./config.status
config.status: creating Makefile
config.status: creating data/Makefile
config.status: creating src/Makefile
config.status: creating lib/Makefile
config.status: creating lib/fixedpoint/Makefile
config.status: creating lib/warmux/Makefile
config.status: creating po/Makefile
config.status: creating lib/warmux-server/Makefile
config.status: creating doc/Makefile
config.status: creating tools/Makefile
config.status: creating tools/list_games/Makefile
config.status: creating tools/servers/Makefile
config.status: creating tools/servers/game_server/Makefile
config.status: creating tools/servers/index_server/Makefile
config.status: creating lib/warmux/include/config_autotools.h
config.status: lib/warmux/include/config_autotools.h is unchanged
config.status: executing po-directories commands
config.status: executing depfiles commands
CDPATH="${ZSH_VERSION+.}:" && cd . && /bin/bash /home/moi/Warmux/warmux-11.04.1+repack/missing --run aclocal-1.11 
 cd . && /bin/bash /home/moi/Warmux/warmux-11.04.1+repack/missing --run automake-1.11 --foreign
CDPATH="${ZSH_VERSION+.}:" && cd . && /bin/bash /home/moi/Warmux/warmux-11.04.1+repack/missing --run autoconf
/bin/bash ./config.status --recheck
running CONFIG_SHELL=/bin/bash /bin/bash ./configure --no-create --no-recursion
checking build system type... i686-pc-linux-gnu
checking host system type... i686-pc-linux-gnu
checking target system type... i686-pc-linux-gnu
checking for a BSD-compatible install... /usr/bin/install -c
checking whether build environment is sane... yes
checking for a thread-safe mkdir -p... /bin/mkdir -p
checking for gawk... no
checking for mawk... mawk
checking whether make sets $(MAKE)... yes
checking whether NLS is requested... yes
checking for msgfmt... /usr/bin/msgfmt
checking for gmsgfmt... /usr/bin/msgfmt
checking for xgettext... /usr/bin/xgettext
checking for msgmerge... /usr/bin/msgmerge
checking for style of include used by make... GNU
checking for gcc... gcc
checking whether the C compiler works... yes
checking for C compiler default output file name... a.out
checking for suffix of executables... 
checking whether we are cross compiling... no
checking for suffix of object files... o
checking whether we are using the GNU C compiler... yes
checking whether gcc accepts -g... yes
checking for gcc option to accept ISO C89... none needed
checking dependency style of gcc... gcc3
checking for ld used by GCC... /usr/bin/ld
checking if the linker (/usr/bin/ld) is GNU ld... yes
checking for shared library run path origin... done
checking how to run the C preprocessor... gcc -E
checking for grep that handles long lines and -e... /bin/grep
checking for egrep... /bin/grep -E
checking for CFPreferencesCopyAppValue... no
checking for CFLocaleCopyCurrent... no
checking for GNU gettext in libc... yes
checking whether to use NLS... yes
checking where the gettext function comes from... libc
checking whether make sets $(MAKE)... (cached) yes
checking for gcc... (cached) gcc
checking whether we are using the GNU C compiler... (cached) yes
checking whether gcc accepts -g... (cached) yes
checking for gcc option to accept ISO C89... (cached) none needed
checking dependency style of gcc... (cached) gcc3
checking for g++... g++
checking whether we are using the GNU C++ compiler... yes
checking whether g++ accepts -g... yes
checking dependency style of g++... gcc3
checking how to run the C preprocessor... gcc -E
checking for ranlib... ranlib
checking for strip... strip
checking for windres... no
checking for g++... yes
checking CXXFLAGS for maximum warnings... -Wall
checking gcc version... 4.7
checking for sdl-config... /usr/bin/sdl-config
checking for SDL - version >= 1.2.6... yes
checking for ANSI C header files... yes
checking for sys/types.h... yes
checking for sys/stat.h... yes
checking for stdlib.h... yes
checking for string.h... yes
checking for memory.h... yes
checking for strings.h... yes
checking for inttypes.h... yes
checking for stdint.h... yes
checking for unistd.h... yes
checking X11/Xlib.h usability... yes
checking X11/Xlib.h presence... yes
checking for X11/Xlib.h... yes
checking for XOpenDisplay in -lX11... yes
checking for pkg-config... /usr/bin/pkg-config
checking pkg-config is at least version 0.9.0... yes
checking for LIBXML2... yes
checking for LIBPNG... yes
checking SDL_rotozoom.h usability... yes
checking SDL_rotozoom.h presence... yes
checking for SDL_rotozoom.h... yes
checking for rotozoomSurfaceXY in -lSDL_gfx... yes
checking whether SDL_gfx - version >= 2.0.22 ... 2.0.23, OK
checking for gawk... (cached) mawk
checking for curl-config... no
checking whether libcurl is usable... no
checking for IMG_Load in -lSDL_image... yes
checking for Mix_OpenAudio in -lSDL_mixer... yes
checking for TTF_OpenFont in -lSDL_ttf... yes
checking for SDLNet_Init in -lSDL_net... yes
checking for dirent.h that defines DIR... yes
checking for library containing opendir... none required
checking for ANSI C header files... (cached) yes
configure: creating ./config.status
***********************************************************
Configuration complete

* Game data will be installed into /usr/local/share/warmux/
* Game locale will be installed into /usr/local/share/locale
* Font file will be ${DATADIR}/font/Ubuntu-R.ttf

* [Optional] DEBUG                              : no
* [Optional] LOGGING feature                    : no

* [Optional] Bi-directional rendering (fribidi) : no
* [Optional] Internationalisation (gettext)     : yes
* [Optional] Index and game servers             : no
***********************************************************

Execute make to compile then execute make install to install...
 /bin/bash ./config.status
config.status: creating Makefile
config.status: creating data/Makefile
config.status: creating src/Makefile
config.status: creating lib/Makefile
config.status: creating lib/fixedpoint/Makefile
config.status: creating lib/warmux/Makefile
config.status: creating po/Makefile
config.status: creating lib/warmux-server/Makefile
config.status: creating doc/Makefile
config.status: creating tools/Makefile
config.status: creating tools/list_games/Makefile
config.status: creating tools/servers/Makefile
config.status: creating tools/servers/game_server/Makefile
config.status: creating tools/servers/index_server/Makefile
config.status: creating lib/warmux/include/config_autotools.h
config.status: lib/warmux/include/config_autotools.h is unchanged
config.status: executing po-directories commands
config.status: executing depfiles commands
CDPATH="${ZSH_VERSION+.}:" && cd . && /bin/bash /home/moi/Warmux/warmux-11.04.1+repack/missing --run aclocal-1.11 
 cd . && /bin/bash /home/moi/Warmux/warmux-11.04.1+repack/missing --run automake-1.11 --foreign
CDPATH="${ZSH_VERSION+.}:" && cd . && /bin/bash /home/moi/Warmux/warmux-11.04.1+repack/missing --run autoconf
/bin/bash ./config.status --recheck
running CONFIG_SHELL=/bin/bash /bin/bash ./configure --no-create --no-recursion
checking build system type... i686-pc-linux-gnu
checking host system type... i686-pc-linux-gnu
checking target system type... i686-pc-linux-gnu
checking for a BSD-compatible install... /usr/bin/install -c
checking whether build environment is sane... yes
checking for a thread-safe mkdir -p... /bin/mkdir -p
checking for gawk... no
checking for mawk... mawk
checking whether make sets $(MAKE)... yes
checking whether NLS is requested... yes
checking for msgfmt... /usr/bin/msgfmt
checking for gmsgfmt... /usr/bin/msgfmt
checking for xgettext... /usr/bin/xgettext
checking for msgmerge... /usr/bin/msgmerge
checking for style of include used by make... GNU
checking for gcc... gcc
checking whether the C compiler works... yes
checking for C compiler default output file name... a.out
checking for suffix of executables... 
checking whether we are cross compiling... no
checking for suffix of object files... o
checking whether we are using the GNU C compiler... yes
checking whether gcc accepts -g... yes
checking for gcc option to accept ISO C89... none needed
checking dependency style of gcc... gcc3
checking for ld used by GCC... /usr/bin/ld
checking if the linker (/usr/bin/ld) is GNU ld... yes
checking for shared library run path origin... done
checking how to run the C preprocessor... gcc -E
checking for grep that handles long lines and -e... /bin/grep
checking for egrep... /bin/grep -E
checking for CFPreferencesCopyAppValue... no
checking for CFLocaleCopyCurrent... no
checking for GNU gettext in libc... yes
checking whether to use NLS... yes
checking where the gettext function comes from... libc
checking whether make sets $(MAKE)... (cached) yes
checking for gcc... (cached) gcc
checking whether we are using the GNU C compiler... (cached) yes
checking whether gcc accepts -g... (cached) yes
checking for gcc option to accept ISO C89... (cached) none needed
checking dependency style of gcc... (cached) gcc3
checking for g++... g++
checking whether we are using the GNU C++ compiler... yes
checking whether g++ accepts -g... yes
checking dependency style of g++... gcc3
checking how to run the C preprocessor... gcc -E
checking for ranlib... ranlib
checking for strip... strip
checking for windres... no
checking for g++... yes
checking CXXFLAGS for maximum warnings... -Wall
checking gcc version... 4.7
checking for sdl-config... /usr/bin/sdl-config
checking for SDL - version >= 1.2.6... yes
checking for ANSI C header files... yes
checking for sys/types.h... yes
checking for sys/stat.h... yes
checking for stdlib.h... yes
checking for string.h... yes
checking for memory.h... yes
checking for strings.h... yes
checking for inttypes.h... yes
checking for stdint.h... yes
checking for unistd.h... yes
checking X11/Xlib.h usability... yes
checking X11/Xlib.h presence... yes
checking for X11/Xlib.h... yes
checking for XOpenDisplay in -lX11... yes
checking for pkg-config... /usr/bin/pkg-config
checking pkg-config is at least version 0.9.0... yes
checking for LIBXML2... yes
checking for LIBPNG... yes
checking SDL_rotozoom.h usability... yes
checking SDL_rotozoom.h presence... yes
checking for SDL_rotozoom.h... yes
checking for rotozoomSurfaceXY in -lSDL_gfx... yes
checking whether SDL_gfx - version >= 2.0.22 ... 2.0.23, OK
checking for gawk... (cached) mawk
checking for curl-config... no
checking whether libcurl is usable... no
checking for IMG_Load in -lSDL_image... yes
checking for Mix_OpenAudio in -lSDL_mixer... yes
checking for TTF_OpenFont in -lSDL_ttf... yes
checking for SDLNet_Init in -lSDL_net... yes
checking for dirent.h that defines DIR... yes
checking for library containing opendir... none required
checking for ANSI C header files... (cached) yes
configure: creating ./config.status
***********************************************************
Configuration complete

* Game data will be installed into /usr/local/share/warmux/
* Game locale will be installed into /usr/local/share/locale
* Font file will be ${DATADIR}/font/Ubuntu-R.ttf

* [Optional] DEBUG                              : no
* [Optional] LOGGING feature                    : no

* [Optional] Bi-directional rendering (fribidi) : no
* [Optional] Internationalisation (gettext)     : yes
* [Optional] Index and game servers             : no
***********************************************************

Execute make to compile then execute make install to install...
 /bin/bash ./config.status
config.status: creating Makefile
config.status: creating data/Makefile
config.status: creating src/Makefile
config.status: creating lib/Makefile
config.status: creating lib/fixedpoint/Makefile
config.status: creating lib/warmux/Makefile
config.status: creating po/Makefile
config.status: creating lib/warmux-server/Makefile
config.status: creating doc/Makefile
config.status: creating tools/Makefile
config.status: creating tools/list_games/Makefile
config.status: creating tools/servers/Makefile
config.status: creating tools/servers/game_server/Makefile
config.status: creating tools/servers/index_server/Makefile
config.status: creating lib/warmux/include/config_autotools.h
config.status: lib/warmux/include/config_autotools.h is unchanged
config.status: executing po-directories commands
config.status: executing depfiles commands
CDPATH="${ZSH_VERSION+.}:" && cd . && /bin/bash /home/moi/Warmux/warmux-11.04.1+repack/missing --run aclocal-1.11 
 cd . && /bin/bash /home/moi/Warmux/warmux-11.04.1+repack/missing --run automake-1.11 --foreign
CDPATH="${ZSH_VERSION+.}:" && cd . && /bin/bash /home/moi/Warmux/warmux-11.04.1+repack/missing --run autoconf
/bin/bash ./config.status --recheck
running CONFIG_SHELL=/bin/bash /bin/bash ./configure --no-create --no-recursion
checking build system type... i686-pc-linux-gnu
checking host system type... i686-pc-linux-gnu
checking target system type... i686-pc-linux-gnu
checking for a BSD-compatible install... /usr/bin/install -c
checking whether build environment is sane... yes
checking for a thread-safe mkdir -p... /bin/mkdir -p
checking for gawk... no
checking for mawk... mawk
checking whether make sets $(MAKE)... yes
checking whether NLS is requested... yes
checking for msgfmt... /usr/bin/msgfmt
checking for gmsgfmt... /usr/bin/msgfmt
checking for xgettext... /usr/bin/xgettext
checking for msgmerge... /usr/bin/msgmerge
checking for style of include used by make... GNU
checking for gcc... gcc
checking whether the C compiler works... yes
checking for C compiler default output file name... a.out
checking for suffix of executables... 
checking whether we are cross compiling... no
checking for suffix of object files... o
checking whether we are using the GNU C compiler... yes
checking whether gcc accepts -g... yes
checking for gcc option to accept ISO C89... none needed
checking dependency style of gcc... gcc3
checking for ld used by GCC... /usr/bin/ld
checking if the linker (/usr/bin/ld) is GNU ld... yes
checking for shared library run path origin... done
checking how to run the C preprocessor... gcc -E
checking for grep that handles long lines and -e... /bin/grep
checking for egrep... /bin/grep -E
checking for CFPreferencesCopyAppValue... no
checking for CFLocaleCopyCurrent... no
checking for GNU gettext in libc... yes
checking whether to use NLS... yes
checking where the gettext function comes from... libc
checking whether make sets $(MAKE)... (cached) yes
checking for gcc... (cached) gcc
checking whether we are using the GNU C compiler... (cached) yes
checking whether gcc accepts -g... (cached) yes
checking for gcc option to accept ISO C89... (cached) none needed
checking dependency style of gcc... (cached) gcc3
checking for g++... g++
checking whether we are using the GNU C++ compiler... yes
checking whether g++ accepts -g... yes
checking dependency style of g++... gcc3
checking how to run the C preprocessor... gcc -E
checking for ranlib... ranlib
checking for strip... strip
checking for windres... no
checking for g++... yes
checking CXXFLAGS for maximum warnings... -Wall
checking gcc version... 4.7
checking for sdl-config... /usr/bin/sdl-config
checking for SDL - version >= 1.2.6... yes
checking for ANSI C header files... yes
checking for sys/types.h... yes
checking for sys/stat.h... yes
checking for stdlib.h... yes
checking for string.h... yes
checking for memory.h... yes
checking for strings.h... yes
checking for inttypes.h... yes
checking for stdint.h... yes
checking for unistd.h... yes
checking X11/Xlib.h usability... yes
checking X11/Xlib.h presence... yes
checking for X11/Xlib.h... yes
checking for XOpenDisplay in -lX11... yes
checking for pkg-config... /usr/bin/pkg-config
checking pkg-config is at least version 0.9.0... yes
checking for LIBXML2... yes
checking for LIBPNG... yes
checking SDL_rotozoom.h usability... yes
checking SDL_rotozoom.h presence... yes
checking for SDL_rotozoom.h... yes
checking for rotozoomSurfaceXY in -lSDL_gfx... yes
checking whether SDL_gfx - version >= 2.0.22 ... 2.0.23, OK
checking for gawk... (cached) mawk
checking for curl-config... no
checking whether libcurl is usable... no
checking for IMG_Load in -lSDL_image... yes
checking for Mix_OpenAudio in -lSDL_mixer... yes
checking for TTF_OpenFont in -lSDL_ttf... yes
checking for SDLNet_Init in -lSDL_net... yes
checking for dirent.h that defines DIR... yes
checking for library containing opendir... none required
checking for ANSI C header files... (cached) yes
configure: creating ./config.status
***********************************************************
Configuration complete

* Game data will be installed into /usr/local/share/warmux/
* Game locale will be installed into /usr/local/share/locale
* Font file will be ${DATADIR}/font/Ubuntu-R.ttf

* [Optional] DEBUG                              : no
* [Optional] LOGGING feature                    : no

* [Optional] Bi-directional rendering (fribidi) : no
* [Optional] Internationalisation (gettext)     : yes
* [Optional] Index and game servers             : no
***********************************************************

Execute make to compile then execute make install to install...
 /bin/bash ./config.status
