This file contains any messages produced by compilers while
running configure, to aid debugging if configure makes a mistake.

It was created by Warmux configure 11.04, which was
generated by GNU Autoconf 2.67.  Invocation command line was

  $ ./configure --no-create --no-recursion

## --------- ##
## Platform. ##
## --------- ##

hostname = moi
uname -m = i686
uname -r = 3.8.0-19-generic
uname -s = Linux
uname -v = #29-Ubuntu SMP Wed Apr 17 18:19:42 UTC 2013

/usr/bin/uname -p = unknown
/bin/uname -X     = unknown

/bin/arch              = unknown
/usr/bin/arch -k       = unknown
/usr/convex/getsysinfo = unknown
/usr/bin/hostinfo      = unknown
/bin/machine           = unknown
/usr/bin/oslevel       = unknown
/bin/universe          = unknown

PATH: /usr/local/sbin
PATH: /usr/local/bin
PATH: /usr/sbin
PATH: /usr/bin
PATH: /sbin
PATH: /bin


## ----------- ##
## Core tests. ##
## ----------- ##

configure:2359: checking build system type
configure:2373: result: i686-pc-linux-gnu
configure:2393: checking host system type
configure:2406: result: i686-pc-linux-gnu
configure:2426: checking target system type
configure:2439: result: i686-pc-linux-gnu
configure:2483: checking for a BSD-compatible install
configure:2551: result: /usr/bin/install -c
configure:2562: checking whether build environment is sane
configure:2612: result: yes
configure:2753: checking for a thread-safe mkdir -p
configure:2792: result: /bin/mkdir -p
configure:2805: checking for gawk
configure:2835: result: no
configure:2805: checking for mawk
configure:2821: found /usr/bin/mawk
configure:2832: result: mawk
configure:2843: checking whether make sets $(MAKE)
configure:2865: result: yes
configure:2947: checking whether NLS is requested
configure:2956: result: yes
configure:2994: checking for msgfmt
configure: trying /usr/bin/msgfmt...
0 translated messages.
configure:3026: result: /usr/bin/msgfmt
configure:3035: checking for gmsgfmt
configure:3066: result: /usr/bin/msgfmt
configure:3117: checking for xgettext
configure: trying /usr/bin/xgettext...
/usr/bin/xgettext: warning: file `/dev/null' extension `' is unknown; will try C
configure:3149: result: /usr/bin/xgettext
configure:3195: checking for msgmerge
configure: trying /usr/bin/msgmerge...
configure:3226: result: /usr/bin/msgmerge
configure:3268: checking for style of include used by make
configure:3296: result: GNU
configure:3366: checking for gcc
configure:3382: found /usr/bin/gcc
configure:3393: result: gcc
configure:3622: checking for C compiler version
configure:3631: gcc --version >&5
gcc (Ubuntu/Linaro 4.7.3-1ubuntu1) 4.7.3
Copyright (C) 2012 Free Software Foundation, Inc.
This is free software; see the source for copying conditions.  There is NO
warranty; not even for MERCHANTABILITY or FITNESS FOR A PARTICULAR PURPOSE.

configure:3642: $? = 0
configure:3631: gcc -v >&5
Using built-in specs.
COLLECT_GCC=gcc
COLLECT_LTO_WRAPPER=/usr/lib/gcc/i686-linux-gnu/4.7/lto-wrapper
Target: i686-linux-gnu
Configured with: ../src/configure -v --with-pkgversion='Ubuntu/Linaro 4.7.3-1ubuntu1' --with-bugurl=file:///usr/share/doc/gcc-4.7/README.Bugs --enable-languages=c,c++,go,fortran,objc,obj-c++ --prefix=/usr --program-suffix=-4.7 --enable-shared --enable-linker-build-id --libexecdir=/usr/lib --without-included-gettext --enable-threads=posix --with-gxx-include-dir=/usr/include/c++/4.7 --libdir=/usr/lib --enable-nls --with-sysroot=/ --enable-clocale=gnu --enable-libstdcxx-debug --enable-libstdcxx-time=yes --enable-gnu-unique-object --enable-plugin --with-system-zlib --enable-objc-gc --enable-targets=all --with-cloog --enable-cloog-backend=ppl --disable-cloog-version-check --disable-ppl-version-check --enable-multiarch --disable-werror --with-arch-32=i686 --with-multilib-list=m32,m64,mx32 --with-tune=generic --enable-checking=release --build=i686-linux-gnu --host=i686-linux-gnu --target=i686-linux-gnu
Thread model: posix
gcc version 4.7.3 (Ubuntu/Linaro 4.7.3-1ubuntu1) 
configure:3642: $? = 0
configure:3631: gcc -V >&5
gcc: error: unrecognized command line option '-V'
gcc: fatal error: no input files
compilation terminated.
configure:3642: $? = 4
configure:3631: gcc -qversion >&5
gcc: error: unrecognized command line option '-qversion'
gcc: fatal error: no input files
compilation terminated.
configure:3642: $? = 4
configure:3662: checking whether the C compiler works
configure:3684: gcc    conftest.c  >&5
configure:3688: $? = 0
configure:3736: result: yes
configure:3739: checking for C compiler default output file name
configure:3741: result: a.out
configure:3747: checking for suffix of executables
configure:3754: gcc -o conftest    conftest.c  >&5
configure:3758: $? = 0
configure:3780: result: 
configure:3802: checking whether we are cross compiling
configure:3810: gcc -o conftest    conftest.c  >&5
configure:3814: $? = 0
configure:3821: ./conftest
configure:3825: $? = 0
configure:3840: result: no
configure:3845: checking for suffix of object files
configure:3867: gcc -c   conftest.c >&5
configure:3871: $? = 0
configure:3892: result: o
configure:3896: checking whether we are using the GNU C compiler
configure:3915: gcc -c   conftest.c >&5
configure:3915: $? = 0
configure:3924: result: yes
configure:3933: checking whether gcc accepts -g
configure:3953: gcc -c -g  conftest.c >&5
configure:3953: $? = 0
configure:3994: result: yes
configure:4011: checking for gcc option to accept ISO C89
configure:4075: gcc  -c -g -O2  conftest.c >&5
configure:4075: $? = 0
configure:4088: result: none needed
configure:4110: checking dependency style of gcc
configure:4220: result: gcc3
configure:4259: checking for ld used by GCC
configure:4323: result: /usr/bin/ld
configure:4330: checking if the linker (/usr/bin/ld) is GNU ld
configure:4343: result: yes
configure:4350: checking for shared library run path origin
configure:4363: result: done
configure:4388: checking how to run the C preprocessor
configure:4419: gcc -E  conftest.c
configure:4419: $? = 0
configure:4433: gcc -E  conftest.c
conftest.c:11:28: fatal error: ac_nonexistent.h: No such file or directory
compilation terminated.
configure:4433: $? = 1
configure: failed program was:
| /* confdefs.h */
| #define PACKAGE_NAME "Warmux"
| #define PACKAGE_TARNAME "warmux"
| #define PACKAGE_VERSION "11.04"
| #define PACKAGE_STRING "Warmux 11.04"
| #define PACKAGE_BUGREPORT "warmux-dev@gna.org"
| #define PACKAGE_URL ""
| #define PACKAGE "warmux"
| #define VERSION "11.04"
| /* end confdefs.h.  */
| #include <ac_nonexistent.h>
configure:4458: result: gcc -E
configure:4478: gcc -E  conftest.c
configure:4478: $? = 0
configure:4492: gcc -E  conftest.c
conftest.c:11:28: fatal error: ac_nonexistent.h: No such file or directory
compilation terminated.
configure:4492: $? = 1
configure: failed program was:
| /* confdefs.h */
| #define PACKAGE_NAME "Warmux"
| #define PACKAGE_TARNAME "warmux"
| #define PACKAGE_VERSION "11.04"
| #define PACKAGE_STRING "Warmux 11.04"
| #define PACKAGE_BUGREPORT "warmux-dev@gna.org"
| #define PACKAGE_URL ""
| #define PACKAGE "warmux"
| #define VERSION "11.04"
| /* end confdefs.h.  */
| #include <ac_nonexistent.h>
configure:4521: checking for grep that handles long lines and -e
configure:4579: result: /bin/grep
configure:4584: checking for egrep
configure:4646: result: /bin/grep -E
configure:5204: checking for CFPreferencesCopyAppValue
configure:5222: gcc -o conftest -g -O2   conftest.c  -Wl,-framework -Wl,CoreFoundation >&5
conftest.c:11:42: fatal error: CoreFoundation/CFPreferences.h: No such file or directory
compilation terminated.
configure:5222: $? = 1
configure: failed program was:
| /* confdefs.h */
| #define PACKAGE_NAME "Warmux"
| #define PACKAGE_TARNAME "warmux"
| #define PACKAGE_VERSION "11.04"
| #define PACKAGE_STRING "Warmux 11.04"
| #define PACKAGE_BUGREPORT "warmux-dev@gna.org"
| #define PACKAGE_URL ""
| #define PACKAGE "warmux"
| #define VERSION "11.04"
| /* end confdefs.h.  */
| #include <CoreFoundation/CFPreferences.h>
| int
| main ()
| {
| CFPreferencesCopyAppValue(NULL, NULL)
|   ;
|   return 0;
| }
configure:5231: result: no
configure:5238: checking for CFLocaleCopyCurrent
configure:5256: gcc -o conftest -g -O2   conftest.c  -Wl,-framework -Wl,CoreFoundation >&5
conftest.c:11:37: fatal error: CoreFoundation/CFLocale.h: No such file or directory
compilation terminated.
configure:5256: $? = 1
configure: failed program was:
| /* confdefs.h */
| #define PACKAGE_NAME "Warmux"
| #define PACKAGE_TARNAME "warmux"
| #define PACKAGE_VERSION "11.04"
| #define PACKAGE_STRING "Warmux 11.04"
| #define PACKAGE_BUGREPORT "warmux-dev@gna.org"
| #define PACKAGE_URL ""
| #define PACKAGE "warmux"
| #define VERSION "11.04"
| /* end confdefs.h.  */
| #include <CoreFoundation/CFLocale.h>
| int
| main ()
| {
| CFLocaleCopyCurrent();
|   ;
|   return 0;
| }
configure:5265: result: no
configure:5314: checking for GNU gettext in libc
configure:5334: gcc -o conftest -g -O2   conftest.c  >&5
configure:5334: $? = 0
configure:5343: result: yes
configure:6134: checking whether to use NLS
configure:6136: result: yes
configure:6139: checking where the gettext function comes from
configure:6150: result: libc
configure:6217: checking whether make sets $(MAKE)
configure:6239: result: yes
configure:6296: checking for gcc
configure:6323: result: gcc
configure:6552: checking for C compiler version
configure:6561: gcc --version >&5
gcc (Ubuntu/Linaro 4.7.3-1ubuntu1) 4.7.3
Copyright (C) 2012 Free Software Foundation, Inc.
This is free software; see the source for copying conditions.  There is NO
warranty; not even for MERCHANTABILITY or FITNESS FOR A PARTICULAR PURPOSE.

configure:6572: $? = 0
configure:6561: gcc -v >&5
Using built-in specs.
COLLECT_GCC=gcc
COLLECT_LTO_WRAPPER=/usr/lib/gcc/i686-linux-gnu/4.7/lto-wrapper
Target: i686-linux-gnu
Configured with: ../src/configure -v --with-pkgversion='Ubuntu/Linaro 4.7.3-1ubuntu1' --with-bugurl=file:///usr/share/doc/gcc-4.7/README.Bugs --enable-languages=c,c++,go,fortran,objc,obj-c++ --prefix=/usr --program-suffix=-4.7 --enable-shared --enable-linker-build-id --libexecdir=/usr/lib --without-included-gettext --enable-threads=posix --with-gxx-include-dir=/usr/include/c++/4.7 --libdir=/usr/lib --enable-nls --with-sysroot=/ --enable-clocale=gnu --enable-libstdcxx-debug --enable-libstdcxx-time=yes --enable-gnu-unique-object --enable-plugin --with-system-zlib --enable-objc-gc --enable-targets=all --with-cloog --enable-cloog-backend=ppl --disable-cloog-version-check --disable-ppl-version-check --enable-multiarch --disable-werror --with-arch-32=i686 --with-multilib-list=m32,m64,mx32 --with-tune=generic --enable-checking=release --build=i686-linux-gnu --host=i686-linux-gnu --target=i686-linux-gnu
Thread model: posix
gcc version 4.7.3 (Ubuntu/Linaro 4.7.3-1ubuntu1) 
configure:6572: $? = 0
configure:6561: gcc -V >&5
gcc: error: unrecognized command line option '-V'
gcc: fatal error: no input files
compilation terminated.
configure:6572: $? = 4
configure:6561: gcc -qversion >&5
gcc: error: unrecognized command line option '-qversion'
gcc: fatal error: no input files
compilation terminated.
configure:6572: $? = 4
configure:6576: checking whether we are using the GNU C compiler
configure:6604: result: yes
configure:6613: checking whether gcc accepts -g
configure:6674: result: yes
configure:6691: checking for gcc option to accept ISO C89
configure:6768: result: none needed
configure:6790: checking dependency style of gcc
configure:6900: result: gcc3
configure:6973: checking for g++
configure:6989: found /usr/bin/g++
configure:7000: result: g++
configure:7027: checking for C++ compiler version
configure:7036: g++ --version >&5
g++ (Ubuntu/Linaro 4.7.3-1ubuntu1) 4.7.3
Copyright (C) 2012 Free Software Foundation, Inc.
This is free software; see the source for copying conditions.  There is NO
warranty; not even for MERCHANTABILITY or FITNESS FOR A PARTICULAR PURPOSE.

configure:7047: $? = 0
configure:7036: g++ -v >&5
Using built-in specs.
COLLECT_GCC=g++
COLLECT_LTO_WRAPPER=/usr/lib/gcc/i686-linux-gnu/4.7/lto-wrapper
Target: i686-linux-gnu
Configured with: ../src/configure -v --with-pkgversion='Ubuntu/Linaro 4.7.3-1ubuntu1' --with-bugurl=file:///usr/share/doc/gcc-4.7/README.Bugs --enable-languages=c,c++,go,fortran,objc,obj-c++ --prefix=/usr --program-suffix=-4.7 --enable-shared --enable-linker-build-id --libexecdir=/usr/lib --without-included-gettext --enable-threads=posix --with-gxx-include-dir=/usr/include/c++/4.7 --libdir=/usr/lib --enable-nls --with-sysroot=/ --enable-clocale=gnu --enable-libstdcxx-debug --enable-libstdcxx-time=yes --enable-gnu-unique-object --enable-plugin --with-system-zlib --enable-objc-gc --enable-targets=all --with-cloog --enable-cloog-backend=ppl --disable-cloog-version-check --disable-ppl-version-check --enable-multiarch --disable-werror --with-arch-32=i686 --with-multilib-list=m32,m64,mx32 --with-tune=generic --enable-checking=release --build=i686-linux-gnu --host=i686-linux-gnu --target=i686-linux-gnu
Thread model: posix
gcc version 4.7.3 (Ubuntu/Linaro 4.7.3-1ubuntu1) 
configure:7047: $? = 0
configure:7036: g++ -V >&5
g++: error: unrecognized command line option '-V'
g++: fatal error: no input files
compilation terminated.
configure:7047: $? = 4
configure:7036: g++ -qversion >&5
g++: error: unrecognized command line option '-qversion'
g++: fatal error: no input files
compilation terminated.
configure:7047: $? = 4
configure:7051: checking whether we are using the GNU C++ compiler
configure:7070: g++ -c   conftest.cpp >&5
configure:7070: $? = 0
configure:7079: result: yes
configure:7088: checking whether g++ accepts -g
configure:7108: g++ -c -g  conftest.cpp >&5
configure:7108: $? = 0
configure:7149: result: yes
configure:7174: checking dependency style of g++
configure:7284: result: gcc3
configure:7304: checking how to run the C preprocessor
configure:7374: result: gcc -E
configure:7394: gcc -E  conftest.c
configure:7394: $? = 0
configure:7408: gcc -E  conftest.c
conftest.c:14:28: fatal error: ac_nonexistent.h: No such file or directory
compilation terminated.
configure:7408: $? = 1
configure: failed program was:
| /* confdefs.h */
| #define PACKAGE_NAME "Warmux"
| #define PACKAGE_TARNAME "warmux"
| #define PACKAGE_VERSION "11.04"
| #define PACKAGE_STRING "Warmux 11.04"
| #define PACKAGE_BUGREPORT "warmux-dev@gna.org"
| #define PACKAGE_URL ""
| #define PACKAGE "warmux"
| #define VERSION "11.04"
| #define ENABLE_NLS 1
| #define HAVE_GETTEXT 1
| #define HAVE_DCGETTEXT 1
| /* end confdefs.h.  */
| #include <ac_nonexistent.h>
configure:7480: checking for ranlib
configure:7496: found /usr/bin/ranlib
configure:7507: result: ranlib
configure:7572: checking for strip
configure:7588: found /usr/bin/strip
configure:7599: result: strip
configure:7664: checking for windres
configure:7694: result: no
configure:7716: checking for g++
configure:7732: found /usr/bin/g++
configure:7744: result: yes
configure:7756: checking CXXFLAGS for maximum warnings
configure:7783: gcc -c -g -O2 -pedantic  -Wall  conftest.c >&5
configure:7783: $? = 0
configure:7797: result: -Wall
configure:7810: : CXXFLAGS="$CXXFLAGS $ac_cv_cflags_warn_all"
configure:7813: $? = 0
configure:7871: WARNING: Building of servers is disabled. If you want build the index and servers, please use configure with this option : --enable-servers
configure:7980: checking gcc version
configure:7986: result: 4.7
configure:8064: checking for sdl-config
configure:8082: found /usr/bin/sdl-config
configure:8095: result: /usr/bin/sdl-config
configure:8104: checking for SDL - version >= 1.2.6
configure:8189: gcc -o conftest -Wall -Wextra -O2 -g -O2 -I/usr/include/SDL -D_GNU_SOURCE=1 -D_REENTRANT   conftest.c  -L/usr/lib/i386-linux-gnu -lSDL >&5
conftest.c: In function 'main':
conftest.c:36:15: warning: unused parameter 'argc' [-Wunused-parameter]
conftest.c:36:27: warning: unused parameter 'argv' [-Wunused-parameter]
configure:8189: $? = 0
configure:8189: ./conftest
configure:8189: $? = 0
configure:8203: result: yes
configure:8276: checking for ANSI C header files
configure:8296: gcc -c -Wall -Wextra -O2 -g -O2 -I/usr/include/SDL -D_GNU_SOURCE=1 -D_REENTRANT  -I/usr/include/SDL -D_GNU_SOURCE=1 -D_REENTRANT conftest.c >&5
configure:8296: $? = 0
configure:8369: gcc -o conftest -Wall -Wextra -O2 -g -O2 -I/usr/include/SDL -D_GNU_SOURCE=1 -D_REENTRANT  -I/usr/include/SDL -D_GNU_SOURCE=1 -D_REENTRANT  conftest.c  -L/usr/lib/i386-linux-gnu -lSDL >&5
configure:8369: $? = 0
configure:8369: ./conftest
configure:8369: $? = 0
configure:8380: result: yes
configure:8393: checking for sys/types.h
configure:8393: gcc -c -Wall -Wextra -O2 -g -O2 -I/usr/include/SDL -D_GNU_SOURCE=1 -D_REENTRANT  -I/usr/include/SDL -D_GNU_SOURCE=1 -D_REENTRANT conftest.c >&5
configure:8393: $? = 0
configure:8393: result: yes
configure:8393: checking for sys/stat.h
configure:8393: gcc -c -Wall -Wextra -O2 -g -O2 -I/usr/include/SDL -D_GNU_SOURCE=1 -D_REENTRANT  -I/usr/include/SDL -D_GNU_SOURCE=1 -D_REENTRANT conftest.c >&5
configure:8393: $? = 0
configure:8393: result: yes
configure:8393: checking for stdlib.h
configure:8393: gcc -c -Wall -Wextra -O2 -g -O2 -I/usr/include/SDL -D_GNU_SOURCE=1 -D_REENTRANT  -I/usr/include/SDL -D_GNU_SOURCE=1 -D_REENTRANT conftest.c >&5
configure:8393: $? = 0
configure:8393: result: yes
configure:8393: checking for string.h
configure:8393: gcc -c -Wall -Wextra -O2 -g -O2 -I/usr/include/SDL -D_GNU_SOURCE=1 -D_REENTRANT  -I/usr/include/SDL -D_GNU_SOURCE=1 -D_REENTRANT conftest.c >&5
configure:8393: $? = 0
configure:8393: result: yes
configure:8393: checking for memory.h
configure:8393: gcc -c -Wall -Wextra -O2 -g -O2 -I/usr/include/SDL -D_GNU_SOURCE=1 -D_REENTRANT  -I/usr/include/SDL -D_GNU_SOURCE=1 -D_REENTRANT conftest.c >&5
configure:8393: $? = 0
configure:8393: result: yes
configure:8393: checking for strings.h
configure:8393: gcc -c -Wall -Wextra -O2 -g -O2 -I/usr/include/SDL -D_GNU_SOURCE=1 -D_REENTRANT  -I/usr/include/SDL -D_GNU_SOURCE=1 -D_REENTRANT conftest.c >&5
configure:8393: $? = 0
configure:8393: result: yes
configure:8393: checking for inttypes.h
configure:8393: gcc -c -Wall -Wextra -O2 -g -O2 -I/usr/include/SDL -D_GNU_SOURCE=1 -D_REENTRANT  -I/usr/include/SDL -D_GNU_SOURCE=1 -D_REENTRANT conftest.c >&5
configure:8393: $? = 0
configure:8393: result: yes
configure:8393: checking for stdint.h
configure:8393: gcc -c -Wall -Wextra -O2 -g -O2 -I/usr/include/SDL -D_GNU_SOURCE=1 -D_REENTRANT  -I/usr/include/SDL -D_GNU_SOURCE=1 -D_REENTRANT conftest.c >&5
configure:8393: $? = 0
configure:8393: result: yes
configure:8393: checking for unistd.h
configure:8393: gcc -c -Wall -Wextra -O2 -g -O2 -I/usr/include/SDL -D_GNU_SOURCE=1 -D_REENTRANT  -I/usr/include/SDL -D_GNU_SOURCE=1 -D_REENTRANT conftest.c >&5
configure:8393: $? = 0
configure:8393: result: yes
configure:8405: checking X11/Xlib.h usability
configure:8405: gcc -c -Wall -Wextra -O2 -g -O2 -I/usr/include/SDL -D_GNU_SOURCE=1 -D_REENTRANT  -I/usr/include/SDL -D_GNU_SOURCE=1 -D_REENTRANT conftest.c >&5
configure:8405: $? = 0
configure:8405: result: yes
configure:8405: checking X11/Xlib.h presence
configure:8405: gcc -E  -I/usr/include/SDL -D_GNU_SOURCE=1 -D_REENTRANT conftest.c
configure:8405: $? = 0
configure:8405: result: yes
configure:8405: checking for X11/Xlib.h
configure:8405: result: yes
configure:8425: checking for XOpenDisplay in -lX11
configure:8450: gcc -o conftest -Wall -Wextra -O2 -g -O2 -I/usr/include/SDL -D_GNU_SOURCE=1 -D_REENTRANT  -I/usr/include/SDL -D_GNU_SOURCE=1 -D_REENTRANT  conftest.c -lX11   -L/usr/lib/i386-linux-gnu -lSDL >&5
configure:8450: $? = 0
configure:8459: result: yes
configure:8524: checking for pkg-config
configure:8542: found /usr/bin/pkg-config
configure:8554: result: /usr/bin/pkg-config
configure:8579: checking pkg-config is at least version 0.9.0
configure:8582: result: yes
configure:8592: checking for LIBXML2
configure:8599: $PKG_CONFIG --exists --print-errors "libxml-2.0"
configure:8602: $? = 0
configure:8615: $PKG_CONFIG --exists --print-errors "libxml-2.0"
configure:8618: $? = 0
configure:8661: result: yes
configure:8667: checking for LIBPNG
configure:8674: $PKG_CONFIG --exists --print-errors "libpng"
configure:8677: $? = 0
configure:8690: $PKG_CONFIG --exists --print-errors "libpng"
configure:8693: $? = 0
configure:8736: result: yes
configure:8837: WARNING: fribidi is disabled. If you want bi-directional text rendering, please use configure with this option : --enable-fribidi
configure:8858: checking SDL_rotozoom.h usability
configure:8858: gcc -c -Wall -Wextra -O2 -g -O2 -I/usr/include/SDL -D_GNU_SOURCE=1 -D_REENTRANT -I/usr/include/libpng12   -I/usr/include/libxml2    -I/usr/include/SDL -D_GNU_SOURCE=1 -D_REENTRANT conftest.c >&5
configure:8858: $? = 0
configure:8858: result: yes
configure:8858: checking SDL_rotozoom.h presence
configure:8858: gcc -E  -I/usr/include/SDL -D_GNU_SOURCE=1 -D_REENTRANT conftest.c
configure:8858: $? = 0
configure:8858: result: yes
configure:8858: checking for SDL_rotozoom.h
configure:8858: result: yes
configure:8866: checking for rotozoomSurfaceXY in -lSDL_gfx
configure:8891: gcc -o conftest -Wall -Wextra -O2 -g -O2 -I/usr/include/SDL -D_GNU_SOURCE=1 -D_REENTRANT -I/usr/include/libpng12   -I/usr/include/libxml2    -I/usr/include/SDL -D_GNU_SOURCE=1 -D_REENTRANT  conftest.c -lSDL_gfx   -L/usr/lib/i386-linux-gnu -lSDL -lX11 -lpng12   -lxml2   >&5
configure:8891: $? = 0
configure:8900: result: yes
configure:8913: checking whether SDL_gfx - version >= 2.0.22 
configure:8937: gcc -o conftest -Wall -Wextra -O2 -g -O2 -I/usr/include/SDL -D_GNU_SOURCE=1 -D_REENTRANT -I/usr/include/libpng12   -I/usr/include/libxml2    -I/usr/include/SDL -D_GNU_SOURCE=1 -D_REENTRANT  conftest.c -lSDL_gfx  -L/usr/lib/i386-linux-gnu -lSDL -lX11 -lpng12   -lxml2   >&5
configure:8937: $? = 0
configure:8937: ./conftest
configure:8937: $? = 0
configure:8984: checking for gawk
configure:9011: result: mawk
configure:9074: checking for curl-config
configure:9107: result: no
configure:9183: checking whether libcurl is usable
configure:9216: gcc -o conftest -Wall -Wextra -O2 -g -O2 -I/usr/include/SDL -D_GNU_SOURCE=1 -D_REENTRANT -I/usr/include/libpng12   -I/usr/include/libxml2     -I/usr/include/SDL -D_GNU_SOURCE=1 -D_REENTRANT  conftest.c  -lcurl -lSDL_gfx  -L/usr/lib/i386-linux-gnu -lSDL -lX11 -lpng12   -lxml2   >&5
conftest.c:26:23: fatal error: curl/curl.h: No such file or directory
compilation terminated.
configure:9216: $? = 1
configure: failed program was:
| /* confdefs.h */
| #define PACKAGE_NAME "Warmux"
| #define PACKAGE_TARNAME "warmux"
| #define PACKAGE_VERSION "11.04"
| #define PACKAGE_STRING "Warmux 11.04"
| #define PACKAGE_BUGREPORT "warmux-dev@gna.org"
| #define PACKAGE_URL ""
| #define PACKAGE "warmux"
| #define VERSION "11.04"
| #define ENABLE_NLS 1
| #define HAVE_GETTEXT 1
| #define HAVE_DCGETTEXT 1
| #define STDC_HEADERS 1
| #define HAVE_SYS_TYPES_H 1
| #define HAVE_SYS_STAT_H 1
| #define HAVE_STDLIB_H 1
| #define HAVE_STRING_H 1
| #define HAVE_MEMORY_H 1
| #define HAVE_STRINGS_H 1
| #define HAVE_INTTYPES_H 1
| #define HAVE_STDINT_H 1
| #define HAVE_UNISTD_H 1
| #define USE_X11 1
| #define HAVE_LIBSDL_GFX 1
| /* end confdefs.h.  */
| #include <curl/curl.h>
| int
| main ()
| {
| 
| /* Try and use a few common options to force a failure if we are
|    missing symbols or can't link. */
| int x;
| curl_easy_setopt(NULL,CURLOPT_URL,NULL);
| x=CURL_ERROR_SIZE;
| x=CURLOPT_WRITEFUNCTION;
| x=CURLOPT_FILE;
| x=CURLOPT_ERRORBUFFER;
| x=CURLOPT_STDERR;
| x=CURLOPT_VERBOSE;
| 
|   ;
|   return 0;
| }
configure:9230: result: no
configure:9571: checking for IMG_Load in -lSDL_image
configure:9596: gcc -o conftest -Wall -Wextra -O2 -g -O2 -I/usr/include/SDL -D_GNU_SOURCE=1 -D_REENTRANT -I/usr/include/libpng12   -I/usr/include/libxml2    -I/usr/include/SDL -D_GNU_SOURCE=1 -D_REENTRANT  conftest.c -lSDL_image  -lSDL_gfx  -L/usr/lib/i386-linux-gnu -lSDL -lX11 -lpng12   -lxml2   >&5
configure:9596: $? = 0
configure:9605: result: yes
configure:9618: checking for Mix_OpenAudio in -lSDL_mixer
configure:9643: gcc -o conftest -Wall -Wextra -O2 -g -O2 -I/usr/include/SDL -D_GNU_SOURCE=1 -D_REENTRANT -I/usr/include/libpng12   -I/usr/include/libxml2    -I/usr/include/SDL -D_GNU_SOURCE=1 -D_REENTRANT  conftest.c -lSDL_mixer  -lSDL_image -lSDL_gfx  -L/usr/lib/i386-linux-gnu -lSDL -lX11 -lpng12   -lxml2   >&5
configure:9643: $? = 0
configure:9652: result: yes
configure:9665: checking for TTF_OpenFont in -lSDL_ttf
configure:9690: gcc -o conftest -Wall -Wextra -O2 -g -O2 -I/usr/include/SDL -D_GNU_SOURCE=1 -D_REENTRANT -I/usr/include/libpng12   -I/usr/include/libxml2    -I/usr/include/SDL -D_GNU_SOURCE=1 -D_REENTRANT  conftest.c -lSDL_ttf  -lSDL_mixer -lSDL_image -lSDL_gfx  -L/usr/lib/i386-linux-gnu -lSDL -lX11 -lpng12   -lxml2   >&5
configure:9690: $? = 0
configure:9699: result: yes
configure:9712: checking for SDLNet_Init in -lSDL_net
configure:9737: gcc -o conftest -Wall -Wextra -O2 -g -O2 -I/usr/include/SDL -D_GNU_SOURCE=1 -D_REENTRANT -I/usr/include/libpng12   -I/usr/include/libxml2    -I/usr/include/SDL -D_GNU_SOURCE=1 -D_REENTRANT  conftest.c -lSDL_net  -lSDL_ttf -lSDL_mixer -lSDL_image -lSDL_gfx  -L/usr/lib/i386-linux-gnu -lSDL -lX11 -lpng12   -lxml2   >&5
configure:9737: $? = 0
configure:9746: result: yes
configure:9811: checking for dirent.h that defines DIR
configure:9830: gcc -c -Wall -Wextra -O2 -g -O2 -I/usr/include/SDL -D_GNU_SOURCE=1 -D_REENTRANT -I/usr/include/libpng12   -I/usr/include/libxml2    -I/usr/include/SDL -D_GNU_SOURCE=1 -D_REENTRANT conftest.c >&5
configure:9830: $? = 0
configure:9838: result: yes
configure:9851: checking for library containing opendir
configure:9882: gcc -o conftest -Wall -Wextra -O2 -g -O2 -I/usr/include/SDL -D_GNU_SOURCE=1 -D_REENTRANT -I/usr/include/libpng12   -I/usr/include/libxml2    -I/usr/include/SDL -D_GNU_SOURCE=1 -D_REENTRANT  conftest.c -lSDL_net -lSDL_ttf -lSDL_mixer -lSDL_image -lSDL_gfx  -L/usr/lib/i386-linux-gnu -lSDL -lX11 -lpng12   -lxml2   >&5
configure:9882: $? = 0
configure:9899: result: none required
configure:9966: checking for ANSI C header files
configure:10070: result: yes
configure:10250: creating ./config.status

## ---------------- ##
## Cache variables. ##
## ---------------- ##

ac_cv_build=i686-pc-linux-gnu
ac_cv_c_compiler_gnu=yes
ac_cv_cflags_warn_all=-Wall
ac_cv_cxx_compiler_gnu=yes
ac_cv_env_CCC_set=
ac_cv_env_CCC_value=
ac_cv_env_CC_set=
ac_cv_env_CC_value=
ac_cv_env_CFLAGS_set=
ac_cv_env_CFLAGS_value=
ac_cv_env_CPPFLAGS_set=
ac_cv_env_CPPFLAGS_value=
ac_cv_env_CPP_set=
ac_cv_env_CPP_value=
ac_cv_env_CXXFLAGS_set=
ac_cv_env_CXXFLAGS_value=
ac_cv_env_CXX_set=
ac_cv_env_CXX_value=
ac_cv_env_FRIBIDI_CFLAGS_set=
ac_cv_env_FRIBIDI_CFLAGS_value=
ac_cv_env_FRIBIDI_LIBS_set=
ac_cv_env_FRIBIDI_LIBS_value=
ac_cv_env_LDFLAGS_set=
ac_cv_env_LDFLAGS_value=
ac_cv_env_LIBDBUS_CFLAGS_set=
ac_cv_env_LIBDBUS_CFLAGS_value=
ac_cv_env_LIBDBUS_LIBS_set=
ac_cv_env_LIBDBUS_LIBS_value=
ac_cv_env_LIBGLIB_CFLAGS_set=
ac_cv_env_LIBGLIB_CFLAGS_value=
ac_cv_env_LIBGLIB_LIBS_set=
ac_cv_env_LIBGLIB_LIBS_value=
ac_cv_env_LIBPNG_CFLAGS_set=
ac_cv_env_LIBPNG_CFLAGS_value=
ac_cv_env_LIBPNG_LIBS_set=
ac_cv_env_LIBPNG_LIBS_value=
ac_cv_env_LIBS_set=
ac_cv_env_LIBS_value=
ac_cv_env_LIBXML2_CFLAGS_set=
ac_cv_env_LIBXML2_CFLAGS_value=
ac_cv_env_LIBXML2_LIBS_set=
ac_cv_env_LIBXML2_LIBS_value=
ac_cv_env_PKG_CONFIG_LIBDIR_set=
ac_cv_env_PKG_CONFIG_LIBDIR_value=
ac_cv_env_PKG_CONFIG_PATH_set=
ac_cv_env_PKG_CONFIG_PATH_value=
ac_cv_env_PKG_CONFIG_set=
ac_cv_env_PKG_CONFIG_value=
ac_cv_env_build_alias_set=
ac_cv_env_build_alias_value=
ac_cv_env_host_alias_set=
ac_cv_env_host_alias_value=
ac_cv_env_osso_CFLAGS_set=
ac_cv_env_osso_CFLAGS_value=
ac_cv_env_osso_LIBS_set=
ac_cv_env_osso_LIBS_value=
ac_cv_env_target_alias_set=
ac_cv_env_target_alias_value=
ac_cv_header_SDL_rotozoom_h=yes
ac_cv_header_X11_Xlib_h=yes
ac_cv_header_dirent_dirent_h=yes
ac_cv_header_inttypes_h=yes
ac_cv_header_memory_h=yes
ac_cv_header_stdc=yes
ac_cv_header_stdint_h=yes
ac_cv_header_stdlib_h=yes
ac_cv_header_string_h=yes
ac_cv_header_strings_h=yes
ac_cv_header_sys_stat_h=yes
ac_cv_header_sys_types_h=yes
ac_cv_header_unistd_h=yes
ac_cv_host=i686-pc-linux-gnu
ac_cv_lib_SDL_gfx_rotozoomSurfaceXY=yes
ac_cv_lib_SDL_image_IMG_Load=yes
ac_cv_lib_SDL_mixer_Mix_OpenAudio=yes
ac_cv_lib_SDL_net_SDLNet_Init=yes
ac_cv_lib_SDL_ttf_TTF_OpenFont=yes
ac_cv_lib_X11_XOpenDisplay=yes
ac_cv_objext=o
ac_cv_path_EGREP='/bin/grep -E'
ac_cv_path_GMSGFMT=/usr/bin/msgfmt
ac_cv_path_GREP=/bin/grep
ac_cv_path_MSGFMT=/usr/bin/msgfmt
ac_cv_path_MSGMERGE=/usr/bin/msgmerge
ac_cv_path_SDL_CONFIG=/usr/bin/sdl-config
ac_cv_path_XGETTEXT=/usr/bin/xgettext
ac_cv_path_ac_pt_PKG_CONFIG=/usr/bin/pkg-config
ac_cv_path_install='/usr/bin/install -c'
ac_cv_path_mkdir=/bin/mkdir
ac_cv_prog_AWK=mawk
ac_cv_prog_CPP='gcc -E'
ac_cv_prog_ac_ct_CC=gcc
ac_cv_prog_ac_ct_CXX=g++
ac_cv_prog_ac_ct_RANLIB=ranlib
ac_cv_prog_ac_ct_STRIP=strip
ac_cv_prog_cc_c89=
ac_cv_prog_cc_g=yes
ac_cv_prog_cxx_g=yes
ac_cv_prog_cxx_present=yes
ac_cv_prog_make_make_set=yes
ac_cv_search_opendir='none required'
ac_cv_target=i686-pc-linux-gnu
acl_cv_path_LD=/usr/bin/ld
acl_cv_prog_gnu_ld=yes
acl_cv_rpath=done
am_cv_CC_dependencies_compiler_type=gcc3
am_cv_CXX_dependencies_compiler_type=gcc3
gt_cv_func_CFLocaleCopyCurrent=no
gt_cv_func_CFPreferencesCopyAppValue=no
gt_cv_func_gnugettext2_libc=yes
libcurl_cv_lib_curl_usable=no
pkg_cv_LIBPNG_CFLAGS='-I/usr/include/libpng12  '
pkg_cv_LIBPNG_LIBS='-lpng12  '
pkg_cv_LIBXML2_CFLAGS='-I/usr/include/libxml2  '
pkg_cv_LIBXML2_LIBS='-lxml2  '

## ----------------- ##
## Output variables. ##
## ----------------- ##

ACLOCAL='${SHELL} /home/moi/Warmux/warmux-11.04.1+repack/missing --run aclocal-1.11'
AMDEPBACKSLASH='\'
AMDEP_FALSE='#'
AMDEP_TRUE=''
AMTAR='${SHELL} /home/moi/Warmux/warmux-11.04.1+repack/missing --run tar'
AUTOCONF='${SHELL} /home/moi/Warmux/warmux-11.04.1+repack/missing --run autoconf'
AUTOHEADER='${SHELL} /home/moi/Warmux/warmux-11.04.1+repack/missing --run autoheader'
AUTOMAKE='${SHELL} /home/moi/Warmux/warmux-11.04.1+repack/missing --run automake-1.11'
AWK='mawk'
BUILD_ENV=''
BUILD_SERVERS_FALSE=''
BUILD_SERVERS_TRUE='#'
CC='gcc'
CCDEPMODE='depmode=gcc3'
CFLAGS='-Wall -Wextra -O2 -g -O2 -I/usr/include/SDL -D_GNU_SOURCE=1 -D_REENTRANT -I/usr/include/libpng12   -I/usr/include/libxml2  '
CPP='gcc -E'
CPPFLAGS=' -I/usr/include/SDL -D_GNU_SOURCE=1 -D_REENTRANT'
CXX='g++'
CXXDEPMODE='depmode=gcc3'
CXXFLAGS='-Wall -Wextra -O2 -Wall -Wextra -O2 -g -O2 -I/usr/include/SDL -D_GNU_SOURCE=1 -D_REENTRANT -I/usr/include/libpng12   -I/usr/include/libxml2   -fno-rtti -fno-exceptions'
CYGPATH_W='echo'
DATADIR='/usr/local/share/warmux/'
DATA_FILES='./graphism.xml ./weapons.xml ./menu.xml ./cursors.xml ./weapons.dtd ./warmux_default_config.xml ./warmux_default_symbian_config.xml ./interface/whitetheme/cursors/here-from-right.png ./interface/whitetheme/cursors/hand-cursor.png ./interface/whitetheme/cursors/arrow-down.left.png ./interface/whitetheme/cursors/hand-move.png ./interface/whitetheme/cursors/arrow-down.png ./interface/whitetheme/cursors/arrow-right.png ./interface/whitetheme/cursors/arrow-top.png ./interface/whitetheme/cursors/arrow-down.right.png ./interface/whitetheme/cursors/hand-fire.png ./interface/whitetheme/cursors/arrow-left.png ./interface/whitetheme/cursors/here-from-left.png ./interface/whitetheme/cursors/arrow-top.left.png ./interface/whitetheme/cursors/arrow-top.right.png ./interface/whitetheme/arrow_turn.png ./interface/whitetheme/clock_emergency.png ./interface/whitetheme/box_little_hide.png ./interface/whitetheme/box_little.png ./interface/whitetheme/lastfire.png ./interface/whitetheme/clock.png ./interface/whitetheme/wind_indicator.png ./interface/whitetheme/wind.png ./interface/whitetheme/box_big_hide.png ./interface/whitetheme/hourglass.png ./interface/whitetheme/box_big.png ./interface/whitetheme/arrow_jump.png ./interface/whitetheme/pointer.png ./interface/not_skin/background_control_interface.png ./interface/not_skin/readme.txt ./interface/not_skin/background_interface.png ./interface/not_skin/small_background_interface.png ./interface/not_skin/background_replay.png ./interface/not_skin/background_help.png ./object/barrel.png ./object/star.png ./object/medkit.png ./object/pink_star.png ./object/smokea.png ./object/dark_smoke.png ./object/smoke3.png ./object/smoke2.png ./object/smoke.png ./object/blue_star.png ./object/yellow_star.png ./object/ill_bubble.png ./object/bonus_box.png ./object/kaboomk.png ./object/fire.png ./object/kaboom.png ./icon/uninstall_64x64.png ./icon/warmux.icns ./icon/warmux_256x256.png ./icon/warmux_32x32.png ./icon/warmux.ico ./icon/install.ico ./icon/warmux.xpm ./icon/warmux.mif ./icon/uninstall_128x128.png ./icon/warmux_128x128.png ./icon/uninstall.ico ./icon/warmux.svg ./icon/uninstall.svg ./icon/warmux_512x512.png ./icon/warmux_128x128.xpm ./icon/install.svg ./icon/warmux.mbm ./icon/install_128x128.png ./icon/install_32x32.png ./icon/install_64x64.png ./icon/uninstall_32x32.png ./icon/install.xpm ./icon/uninstall.xpm ./icon/warmux_64x64.png ./.nomedia ./sound/profile.dtd ./sound/default/weapons/construct.ogg ./sound/default/weapons/explosion4.ogg ./sound/default/weapons/m16_cartridge.ogg ./sound/default/weapons/riot_flying.ogg ./sound/default/weapons/slap.ogg ./sound/default/weapons/homerun.ogg ./sound/default/weapons/load.ogg ./sound/default/weapons/airhammer_selected.ogg ./sound/default/weapons/auto_rocket_flying.ogg ./sound/default/weapons/explosion9.ogg ./sound/default/weapons/gun.ogg ./sound/default/weapons/blowtorch.ogg ./sound/default/weapons/embers1.ogg ./sound/default/weapons/syringe.ogg ./sound/default/weapons/explosion2.ogg ./sound/default/weapons/embers2.ogg ./sound/default/weapons/mine_beep.ogg ./sound/default/weapons/flame.ogg ./sound/default/weapons/polecat.ogg ./sound/default/weapons/aircraft_bomb_falling.ogg ./sound/default/weapons/baseball.ogg ./sound/default/weapons/grenade_bounce.ogg ./sound/default/weapons/explosion8.ogg ./sound/default/weapons/cluzooka_shot.ogg ./sound/default/weapons/explosion5.ogg ./sound/default/weapons/explosion7.ogg ./sound/default/weapons/supertux_flying.ogg ./sound/default/weapons/riot_bomb_exp.ogg ./sound/default/weapons/dynamite_exp.ogg ./sound/default/weapons/dynamite_fuze.ogg ./sound/default/weapons/teleport_land.ogg ./sound/default/weapons/grapple_cable.ogg ./sound/default/weapons/footbomb_bounce.ogg ./sound/default/weapons/teleport_start.ogg ./sound/default/weapons/explosion3.ogg ./sound/default/weapons/cluzooka_hit.ogg ./sound/default/weapons/jetpack.ogg ./sound/default/weapons/gnu_bounce.ogg ./sound/default/weapons/airhammer_used.ogg ./sound/default/weapons/explosion6.ogg ./sound/default/weapons/grapple_attaching.ogg ./sound/default/weapons/anvil_fall.ogg ./sound/default/weapons/shotgun.ogg ./sound/default/weapons/ricoche3.ogg ./sound/default/weapons/rocket_flying.ogg ./sound/default/weapons/suicide.ogg ./sound/default/weapons/m16.ogg ./sound/default/weapons/explosion1.ogg ./sound/default/weapons/ricoche1.ogg ./sound/default/weapons/grapple_detaching.ogg ./sound/default/weapons/ricoche2.ogg ./sound/default/weapons/supertux_swimming.ogg ./sound/default/weapons/aircraft_flying.ogg ./sound/default/weapons/disco_grenade_music.ogg ./sound/default/weapons/embers3.ogg ./sound/default/weapons/lowgravity.ogg ./sound/default/weapons/anvil_collision.ogg ./sound/default/misc/weapon_show.ogg ./sound/default/misc/newcomer.ogg ./sound/default/misc/change_weapon.ogg ./sound/default/misc/character_change.ogg ./sound/default/misc/countdown-endturn.ogg ./sound/default/misc/frog_music.ogg ./sound/default/misc/clic.ogg ./sound/default/misc/box_picking_up.ogg ./sound/default/misc/end_turn.ogg ./sound/default/misc/skip_turn.ogg ./sound/default/misc/box_hitting_ground.ogg ./sound/default/misc/cancel.ogg ./sound/default/misc/weapon_hide.ogg ./sound/default/misc/error.ogg ./sound/default/misc/ok.ogg ./sound/default/misc/start_turn.ogg ./sound/default/misc/step.ogg ./sound/default/misc/sink.ogg ./sound/default/misc/sherif.ogg ./sound/default/misc/box_falling.ogg ./sound/default/misc/victory.ogg ./sound/default/voices/theme8.ogg ./sound/default/voices/fire6.ogg ./sound/default/voices/fire2.ogg ./sound/default/voices/backjump.ogg ./sound/default/voices/death4.ogg ./sound/default/voices/injured_medium5.ogg ./sound/default/voices/death2.ogg ./sound/default/voices/injured_light5.ogg ./sound/default/voices/injured_medium4.ogg ./sound/default/voices/superjump.ogg ./sound/default/voices/injured_light2.ogg ./sound/default/voices/friendly_fire2.ogg ./sound/default/voices/theme7.ogg ./sound/default/voices/theme9.ogg ./sound/default/voices/out.ogg ./sound/default/voices/friendly_fire3.ogg ./sound/default/voices/death5.ogg ./sound/default/voices/theme2.ogg ./sound/default/voices/injured_light3.ogg ./sound/default/voices/happy1.ogg ./sound/default/voices/injured_high2.ogg ./sound/default/voices/injured_high3.ogg ./sound/default/voices/injured_high4.ogg ./sound/default/voices/theme5.ogg ./sound/default/voices/jump.ogg ./sound/default/voices/injured_medium3.ogg ./sound/default/voices/fire3.ogg ./sound/default/voices/fire1.ogg ./sound/default/voices/injured_high1.ogg ./sound/default/voices/injured_medium2.ogg ./sound/default/voices/theme3.ogg ./sound/default/voices/death1.ogg ./sound/default/voices/suicide.ogg ./sound/default/voices/fire4.ogg ./sound/default/voices/injured_high5.ogg ./sound/default/voices/theme4.ogg ./sound/default/voices/injured_light4.ogg ./sound/default/voices/death3.ogg ./sound/default/voices/theme1.ogg ./sound/default/voices/friendly_fire1.ogg ./sound/default/voices/injured_light1.ogg ./sound/default/voices/theme6.ogg ./sound/default/voices/fire5.ogg ./sound/default/voices/injured_medium1.ogg ./sound/default/profile.xml ./authors.dtd ./font/VL-Gothic-Regular.ttf ./font/wqy-microhei-lite.ttc ./water/lava/lava.png ./water/lava/lava_drop.png ./water/radioactive/radioactive_drop.png ./water/radioactive/radioactive.png ./water/dirtywater/dirtywater.png ./water/dirtywater/dirtywater_drop.png ./water/wine/wine.png ./water/wine/wine_drop.png ./water/water/water.png ./water/water/water_drop.png ./water/chocolate/chocolate.png ./water/chocolate/chocolate_drop.png ./cursors.dtd ./warmux_default_maemo_config.xml ./game_mode/game_mode.dtd ./game_mode/blitz.xml ./game_mode/skin_viewer.xml ./game_mode/objects.dtd ./game_mode/benchmark.xml ./game_mode/unlimited.xml ./game_mode/classic.xml ./game_mode/default_objects.xml ./authors.xml ./weapon/parachute/parachute.png ./weapon/parachute/parachute_ico.png ./weapon/skip_turn/skipturn_ico.png ./weapon/skip_turn/skipturn.png ./weapon/lowgrav/lowgrav_ico.png ./weapon/polecat/polecat.png ./weapon/polecat/polecat_ico.png ./weapon/polecat/polecatlauncher.png ./weapon/polecat/polecat_fart.png ./weapon/flamethrower/flame_ico.png ./weapon/flamethrower/flame.png ./weapon/flamethrower/flame_bullet.png ./weapon/grenade/grenade_ico.png ./weapon/grenade/grenade.png ./weapon/grapple/grapple_hook.png ./weapon/grapple/grapple_ico.png ./weapon/grapple/grapple_node.png ./weapon/grapple/grapple.png ./weapon/baseball/baseball.png ./weapon/baseball/baseball_hit.png ./weapon/baseball/baseball_ico.png ./weapon/footbomb/footbomb_ico.png ./weapon/footbomb/bilson.png ./weapon/dynamite/dynamite_ani.png ./weapon/dynamite/dynamite.png ./weapon/dynamite/dynamite_ico.png ./weapon/syringe/syringe_ico.png ./weapon/syringe/syringe.png ./weapon/blowtorch/blowtorch.png ./weapon/blowtorch/blowtorch_ico.png ./weapon/blowtorch/fire.png ./weapon/air_attack/obus.png ./weapon/air_attack/air_attack.png ./weapon/air_attack/air_attack_plane.png ./weapon/air_attack/air_attack_ico.png ./weapon/gnu/gnu_ico.png ./weapon/gnu/gnu.png ./weapon/gnu/gnulauncher.png ./weapon/shotgun/shotgun.png ./weapon/shotgun/buckshot.png ./weapon/shotgun/shotgun_ico.png ./weapon/supertux/supertux_ico.png ./weapon/supertux/superman.png ./weapon/supertux/supertux.png ./weapon/anvil/anvil_ico.png ./weapon/anvil/anvil_launcher.png ./weapon/anvil/anvil.png ./weapon/bounce_ball/bounce_ball.png ./weapon/bounce_ball/bounce_ball_ico.png ./weapon/suicide/suicide.png ./weapon/suicide/suicide_ico.png ./weapon/cluster_bomb/cluster.png ./weapon/cluster_bomb/clusterbomb.png ./weapon/cluster_bomb/clusterbomb_ico.png ./weapon/rail_gun/rail_gun_laser.png ./weapon/rail_gun/gun_fire.png ./weapon/rail_gun/rail_gun_ico.png ./weapon/rail_gun/rail_bullet.png ./weapon/rail_gun/rail_gun.png ./weapon/riot_bomb/missile.png ./weapon/riot_bomb/riot_ico.png ./weapon/snipe_rifle/gun_fire.png ./weapon/snipe_rifle/snipe_rifle_laser.png ./weapon/snipe_rifle/snipe_rifle_ico.png ./weapon/snipe_rifle/snipe_rifle.png ./weapon/disco_grenade/disco_grenade.png ./weapon/disco_grenade/disco_grenade_ico.png ./weapon/m16/m16_ico.png ./weapon/m16/m16.png ./weapon/gun/gun_fire.png ./weapon/gun/gun.png ./weapon/gun/gun_bullet.png ./weapon/gun/gun_ico.png ./weapon/teleportation/teleportation.png ./weapon/teleportation/teleportation_ico.png ./weapon/slap/slap.png ./weapon/slap/slap_ico.png ./weapon/airhammer/airhammer_impact.png ./weapon/airhammer/airhammer_ico.png ./weapon/airhammer/airhammer.png ./weapon/mine/mine_impact.png ./weapon/mine/mine.png ./weapon/mine/mine_anim.png ./weapon/mine/mine_ico.png ./weapon/cluzooka/cluster.png ./weapon/cluzooka/dark_bazooka.png ./weapon/cluzooka/missile.png ./weapon/cluzooka/cluz_ico.png ./weapon/construct/construct_spr.png ./weapon/construct/construct_icon_mini.png ./weapon/construct/construct_icon.png ./weapon/jet_pack/jet_pack_ico.png ./weapon/bazooka/missile.png ./weapon/bazooka/bazooka_ico.png ./weapon/bazooka/baz_cible.png ./weapon/bazooka/brown_bazooka.png ./weapon/bazooka/green_bazooka.png ./weapon/bazooka/yellow_bazooka.png ./weapon/bazooka/bazooka_auto_ico.png ./map/junglemountain/goo_drop.png ./map/junglemountain/preview.jpg ./map/junglemountain/drseuss.jpg ./map/junglemountain/dseuss_fg.png ./map/junglemountain/config.xml ./map/randomisland/sky.jpg ./map/randomisland/tresor2.png ./map/randomisland/tresor1.png ./map/randomisland/preview.jpg ./map/randomisland/texture.png ./map/randomisland/palm-tree.png ./map/randomisland/config.xml ./map/champignon/sky.jpg ./map/champignon/preview.jpg ./map/champignon/config.xml ./map/champignon/background.png ./map/catacombes/preview.jpg ./map/catacombes/sky1.jpg ./map/catacombes/background1.png ./map/catacombes/config.xml ./map/abyss/bubble.png ./map/abyss/preview.jpg ./map/abyss/foreground.png ./map/abyss/background.jpg ./map/abyss/config.xml ./map/qingqong/sky.jpg ./map/qingqong/preview.jpg ./map/qingqong/config.xml ./map/qingqong/qingqong.png ./map/goodandevil/sky.jpg ./map/goodandevil/preview.jpg ./map/goodandevil/goodandevil.png ./map/goodandevil/config.xml ./map/frog/sky.jpg ./map/frog/preview.jpg ./map/frog/map.png ./map/frog/config.xml ./map/crystal/sky.jpg ./map/crystal/preview.jpg ./map/crystal/crystal.png ./map/crystal/config.xml ./map/electronik/sky.jpg ./map/electronik/preview.jpg ./map/electronik/config.xml ./map/electronik/background.png ./map/icebergs/sky.jpg ./map/icebergs/wp.png ./map/icebergs/preview.jpg ./map/icebergs/map.png ./map/icebergs/config.xml ./map/pillars/preview.jpg ./map/pillars/fg.png ./map/pillars/config.xml ./map/pillars/bg.jpg ./map/hell/hell.png ./map/hell/preview.jpg ./map/hell/bones.png ./map/hell/config.xml ./map/hell/hellsky.jpg ./map/wildwestdv/sky.jpg ./map/wildwestdv/preview.jpg ./map/wildwestdv/map.png ./map/wildwestdv/config.xml ./map/island/sky.jpg ./map/island/island.png ./map/island/preview.jpg ./map/island/config.xml ./map/arcaderoom/preview.jpg ./map/arcaderoom/map.png ./map/arcaderoom/background.jpg ./map/arcaderoom/config.xml ./map/arcaderoom/wind_particle.png ./map/urbanheights/radar_fg.png ./map/urbanheights/earthstrip.png ./map/urbanheights/radar_pr.jpg ./map/urbanheights/radar_bg.jpg ./map/urbanheights/config.xml ./map/random_map.jpg ./map/birds/sky_layer-2.png ./map/birds/preview.jpg ./map/birds/map.png ./map/birds/sky_layer-0.jpg ./map/birds/one_layer_sky.jpg ./map/birds/config.xml ./map/birds/particule.png ./map/birds/sky_layer-1.png ./map/pumpkins/sky.jpg ./map/pumpkins/preview.jpg ./map/pumpkins/map.png ./map/pumpkins/feuille.png ./map/pumpkins/config.xml ./map/map.dtd ./map/battlenight/battlenight-bg.jpg ./map/battlenight/battlenight-all.jpg ./map/battlenight/battlenight-fg.png ./map/battlenight/config.xml ./map/apocalypse/apocalypse.jpg ./map/apocalypse/vent.png ./map/apocalypse/apocalypse.png ./map/apocalypse/config.xml ./map/apocalypse/mini.jpg ./map/farm/sky_layer-2.png ./map/farm/sky_layer-3.png ./map/farm/preview.jpg ./map/farm/map.png ./map/farm/sky_layer-0.jpg ./map/farm/one_layer_sky.jpg ./map/farm/config.xml ./map/farm/particule.png ./map/farm/sky_layer-1.png ./map/tic-tac-toe/preview.jpg ./map/tic-tac-toe/fg.png ./map/tic-tac-toe/part_effect_strip.png ./map/tic-tac-toe/config.xml ./map/tic-tac-toe/bg.jpg ./map/hive/preview.jpg ./map/hive/fg.png ./map/hive/part_effect_strip.png ./map/hive/config.xml ./map/hive/bg.jpg ./map/construction/sky.jpg ./map/construction/preview.jpg ./map/construction/map.png ./map/construction/sky2.png ./map/construction/config.xml ./map/construction/sky1.png ./map/construction/sky0.png ./map/construction/raindrop.png ./map/towers/sky.jpg ./map/towers/preview.jpg ./map/towers/map.png ./map/towers/config.xml ./map/halloween/sky.jpg ./map/halloween/wp.png ./map/halloween/preview.jpg ./map/halloween/map.png ./map/halloween/config.xml ./map/arbre/preview.jpg ./map/arbre/fond.jpg ./map/arbre/arbre.png ./map/arbre/config.xml ./map/arbre/gland-anim.png ./map/prehistorik/preview.jpg ./map/prehistorik/fond.jpg ./map/prehistorik/prehistorik.png ./map/prehistorik/config.xml ./map/aquarium/sky.jpg ./map/aquarium/preview.jpg ./map/aquarium/config.xml ./map/aquarium/background.png ./map/snow/preview.jpg ./map/snow/map.png ./map/snow/one_layer_sky.jpg ./map/snow/config.xml ./map/snow/particule.png ./map/paradis/paradis_preview.jpg ./map/paradis/decor_paradis.png ./map/paradis/decor_paradis_bg.jpg ./map/paradis/config.xml ./map/ninja/sky_layer-2.png ./map/ninja/sky_layer-4.png ./map/ninja/sky_layer-3.png ./map/ninja/preview.jpg ./map/ninja/map.png ./map/ninja/sky_layer-0.jpg ./map/ninja/one_layer_sky.jpg ./map/ninja/sky_layer-5.png ./map/ninja/config.xml ./map/ninja/particule.png ./map/ninja/sky_layer-1.png ./map/monkeybubble/sky_layer-2.png ./map/monkeybubble/sky_layer-3.png ./map/monkeybubble/preview.jpg ./map/monkeybubble/map.png ./map/monkeybubble/feuille.png ./map/monkeybubble/sky_layer-0.jpg ./map/monkeybubble/one_layer_sky.jpg ./map/monkeybubble/config.xml ./map/monkeybubble/sky_layer-1.png ./map/funky_island/island.png ./map/funky_island/preview.jpg ./map/funky_island/clouds.png ./map/funky_island/config.xml ./map/funky_island/island_bg.jpg ./map/pirates/islands.jpg ./map/pirates/preview.jpg ./map/pirates/pirates.png ./map/pirates/config.xml ./map/country/sky.jpg ./map/country/preview.jpg ./map/country/map.png ./map/country/config.xml ./map/vulcano/preview.jpg ./map/vulcano/sky2.jpg ./map/vulcano/config.xml ./map/vulcano/background.png ./map/chess/sky.jpg ./map/chess/preview.jpg ./map/chess/map.png ./map/chess/config.xml ./map/chess/sky1.png ./map/chess/sky0.png ./map/bankiz/sky.jpg ./map/bankiz/preview.jpg ./map/bankiz/bankiz.png ./map/bankiz/config.xml ./map/bankiz/flocon.png ./map/moon-4m/sky.jpg ./map/moon-4m/preview.jpg ./map/moon-4m/map.png ./map/moon-4m/config.xml ./map/leafs/front.png ./map/leafs/back.jpg ./map/leafs/preview.jpg ./map/leafs/config.xml ./map/leafs/birds.png ./map/desert/desert_preview.jpg ./map/desert/desert_bg.jpg ./map/desert/desert.png ./map/desert/config.xml ./map/cheese/sky.jpg ./map/cheese/emmental.png ./map/cheese/preview.jpg ./map/cheese/minicheese.png ./map/cheese/config.xml ./map/lonely_island/sky.jpg ./map/lonely_island/preview.jpg ./map/lonely_island/map.png ./map/lonely_island/wind_particules.png ./map/lonely_island/config.xml ./map/space2/sky.jpg ./map/space2/preview.jpg ./map/space2/map.png ./map/space2/config.xml ./map/oktopus/sky.jpg ./map/oktopus/preview.jpg ./map/oktopus/map.png ./map/oktopus/bulle.png ./map/oktopus/config.xml ./map/paint/preview.jpg ./map/paint/sky.png ./map/paint/map.png ./map/paint/config.xml ./map/greehills/star.png ./map/greehills/preview.jpg ./map/greehills/greenhills.png ./map/greehills/config.xml ./map/greehills/greenhills_sky.jpg ./map/easterisland/sky.jpg ./map/easterisland/wp.png ./map/easterisland/preview.jpg ./map/easterisland/map.png ./map/easterisland/config.xml ./map/montagnes/sky.jpg ./map/montagnes/preview.jpg ./map/montagnes/map.png ./map/montagnes/config.xml ./map/montagnes/flocon.png ./map/banquise/banquise.png ./map/banquise/preview.jpg ./map/banquise/background.jpg ./map/banquise/config.xml ./map/banquise/flocon.png ./map/randomamoebas/sky.jpg ./map/randomamoebas/preview.jpg ./map/randomamoebas/texture.png ./map/randomamoebas/config.xml ./warmux_default_android_config.xml ./music/menu/Divertissement_pour_flute.ogg ./music/menu/menu.m3u ./music/ingame/sea.m3u ./music/ingame/exoticux.ogg ./music/ingame/woodlux.ogg ./music/ingame/Olivier_Militon.-.Apnee2.ogg ./music/ingame/diabolicux.ogg ./music/ingame/Olivier_Militon.-.Vogue_a_lame.ogg ./music/ingame/Olivier_Militon.-.Like_a_rock.ogg ./music/ingame/Mike_Errecart.-.Monkey-bubble.ogg ./music/ingame/circux.m3u ./music/ingame/ingame.m3u ./music/ingame/circux.ogg ./music/ingame/exoticux.m3u ./music/ingame/construction.m3u ./music/ingame/Olivier_Militon.-.Apnee.ogg ./music/ingame/monkey.m3u ./music/ingame/funfair.m3u ./music/ingame/diabolicux.m3u ./music/ingame/Olivier_Militon.-.Vers_solitaire.ogg ./music/ingame/woodlux.m3u ./music/ingame/construction.ogg ./music/ingame/fear.m3u ./music/ingame/Olivier_Militon.-.Etrange_epouvantable.ogg ./music/profile.xml ./graphism.dtd ./menu/send_txt.png ./menu/i_replay.png ./menu/i_credits.png ./menu/fullscreen.png ./menu/death_energy.png ./menu/refresh.png ./menu/del_custom_team.png ./menu/timing_end_turn.png ./menu/help_replay.png ./menu/game_mode.png ./menu/ico_skins.png ./menu/help_ingame.jpg ./menu/ico_maps.png ./menu/sound_frequency.png ./menu/annulus_background.png ./menu/gravity.png ./menu/ico_network.png ./menu/init_energy.png ./menu/big_right.png ./menu/display_energy.png ./menu/disabled_back.png ./menu/i_network.png ./menu/help_minimap.png ./menu/timing_switch.png ./menu/timing_death.png ./menu/team_number.png ./menu/background_main.jpg ./menu/player_remote_human.png ./menu/sound_effects_enable.png ./menu/right.png ./menu/i_options.png ./menu/down.png ./menu/enabled.png ./menu/up.png ./menu/resolution.png ./menu/left.png ./menu/help_touch_interface.png ./menu/quit.png ./menu/add_custom_team.png ./menu/cancel.png ./menu/help_game_mode.jpg ./menu/help_shortkeys.png ./menu/player_local_ai.png ./menu/big_left.png ./menu/validate.png ./menu/help_interface.png ./menu/plus.png ./menu/i_backtobattle.png ./menu/i_update.png ./menu/i_quit.png ./menu/i_help.png ./menu/help_team_selection.jpg ./menu/player_remote_ai.png ./menu/padlock.png ./menu/key_shift.png ./menu/display_wind_particles.png ./menu/background_loading.jpg ./menu/bip.png ./menu/fps.png ./menu/multisky.png ./menu/background.jpg ./menu/save.png ./menu/background_network.jpg ./menu/scroll_on_border.png ./menu/disabled_front.png ./menu/annulus_foreground.png ./menu/i_benchmark.png ./menu/ico_weapons.png ./menu/i_play.png ./menu/key_ctrl.png ./menu/display_name.png ./menu/podium.png ./menu/check.png ./menu/warning.png ./menu/player_local_human.png ./menu/key_alt.png ./menu/button.png ./menu/minus.png ./menu/ico_sounds.png ./menu/timing_turn.png ./menu/max_energy.png ./menu/music_enable.png ./menu/left-right_mouse.png ./body/pidgin/black_noze.png ./body/pidgin/black_eyes.png ./body/pidgin/hornunderright.png ./body/pidgin/hat.png ./body/pidgin/pupil.png ./body/pidgin/arm1left.png ./body/pidgin/black_back.png ./body/pidgin/black_pupil.png ./body/pidgin/black_eyelid.png ./body/pidgin/black_tail.png ./body/pidgin/hornoverright.png ./body/pidgin/black_arm1left.png ./body/pidgin/black_hornunderright.png ./body/pidgin/arm3left.png ./body/pidgin/hornoverleft.png ./body/pidgin/arm1right.png ./body/pidgin/black_arm2left.png ./body/pidgin/black_arm1right.png ./body/pidgin/arm2right.png ./body/pidgin/hornunderleft.png ./body/pidgin/black_arm3right.png ./body/pidgin/sick_head.png ./body/pidgin/head.png ./body/pidgin/dead.png ./body/pidgin/black_hornunderleft.png ./body/pidgin/eyes.png ./body/pidgin/noze.png ./body/pidgin/tail.png ./body/pidgin/arm2left.png ./body/pidgin/black_hat.png ./body/pidgin/footright.png ./body/pidgin/black_arm3left.png ./body/pidgin/black_footleft.png ./body/pidgin/black_footright.png ./body/pidgin/black_hornoverright.png ./body/pidgin/black_head.png ./body/pidgin/body.png ./body/pidgin/black_arm2right.png ./body/pidgin/eyelid.png ./body/pidgin/config.xml ./body/pidgin/footleft.png ./body/pidgin/black_hornoverleft.png ./body/pidgin/black_body.png ./body/pidgin/back.png ./body/pidgin/arm3right.png ./body/aliases.xml ./body/all_skins_objects/foothelmet2.png ./body/all_skins_objects/helmet.png ./body/all_skins_objects/belt.png ./body/all_skins_objects/jetpack.png ./body/all_skins_objects/yoyo.png ./body/all_skins_objects/baseball_tshirt.png ./body/all_skins_objects/jetpack-fire.png ./body/all_skins_objects/hula.png ./body/all_skins_objects/cowboy_hat.png ./body/all_skins_objects/c2.png ./body/all_skins_objects/foothelmet1.png ./body/all_skins_objects/c1.png ./body/all_skins_objects/hoop.png ./body/all_skins_objects/baseball_cap.png ./body/clothes.xml ./body/firefox/black_noze.png ./body/firefox/black_eyes.png ./body/firefox/hornunderright.png ./body/firefox/hat.png ./body/firefox/pupil.png ./body/firefox/arm1left.png ./body/firefox/black_back.png ./body/firefox/black_pupil.png ./body/firefox/black_eyelid.png ./body/firefox/black_tail.png ./body/firefox/hornoverright.png ./body/firefox/black_arm1left.png ./body/firefox/black_hornunderright.png ./body/firefox/arm3left.png ./body/firefox/hornoverleft.png ./body/firefox/arm1right.png ./body/firefox/black_arm2left.png ./body/firefox/black_arm1right.png ./body/firefox/arm2right.png ./body/firefox/hornunderleft.png ./body/firefox/black_arm3right.png ./body/firefox/sick_head.png ./body/firefox/head.png ./body/firefox/dead.png ./body/firefox/black_hornunderleft.png ./body/firefox/eyes.png ./body/firefox/noze.png ./body/firefox/tail.png ./body/firefox/arm2left.png ./body/firefox/black_hat.png ./body/firefox/footright.png ./body/firefox/black_arm3left.png ./body/firefox/black_footleft.png ./body/firefox/black_footright.png ./body/firefox/black_hornoverright.png ./body/firefox/black_head.png ./body/firefox/body.png ./body/firefox/black_arm2right.png ./body/firefox/eyelid.png ./body/firefox/config.xml ./body/firefox/footleft.png ./body/firefox/black_hornoverleft.png ./body/firefox/black_body.png ./body/firefox/back.png ./body/firefox/arm3right.png ./body/skeletons.xml ./body/spip/black_noze.png ./body/spip/black_eyes.png ./body/spip/hornunderright.png ./body/spip/hat.png ./body/spip/pupil.png ./body/spip/arm1left.png ./body/spip/black_back.png ./body/spip/black_pupil.png ./body/spip/black_eyelid.png ./body/spip/black_tail.png ./body/spip/hornoverright.png ./body/spip/black_arm1left.png ./body/spip/black_hornunderright.png ./body/spip/arm3left.png ./body/spip/hornoverleft.png ./body/spip/arm1right.png ./body/spip/black_arm2left.png ./body/spip/black_arm1right.png ./body/spip/arm2right.png ./body/spip/hornunderleft.png ./body/spip/black_arm3right.png ./body/spip/sick_head.png ./body/spip/head.png ./body/spip/dead.png ./body/spip/black_hornunderleft.png ./body/spip/eyes.png ./body/spip/noze.png ./body/spip/tail.png ./body/spip/arm2left.png ./body/spip/black_hat.png ./body/spip/footright.png ./body/spip/black_arm3left.png ./body/spip/black_footleft.png ./body/spip/black_footright.png ./body/spip/black_hornoverright.png ./body/spip/black_head.png ./body/spip/body.png ./body/spip/black_arm2right.png ./body/spip/eyelid.png ./body/spip/config.xml ./body/spip/footleft.png ./body/spip/black_hornoverleft.png ./body/spip/black_body.png ./body/spip/back.png ./body/spip/arm3right.png ./body/beastie/black_noze.png ./body/beastie/black_eyes.png ./body/beastie/hornunderright.png ./body/beastie/hat.png ./body/beastie/pupil.png ./body/beastie/arm1left.png ./body/beastie/black_back.png ./body/beastie/black_pupil.png ./body/beastie/black_eyelid.png ./body/beastie/black_tail.png ./body/beastie/hornoverright.png ./body/beastie/black_arm1left.png ./body/beastie/black_hornunderright.png ./body/beastie/arm3left.png ./body/beastie/hornoverleft.png ./body/beastie/arm1right.png ./body/beastie/black_arm2left.png ./body/beastie/black_arm1right.png ./body/beastie/arm2right.png ./body/beastie/hornunderleft.png ./body/beastie/black_arm3right.png ./body/beastie/sick_head.png ./body/beastie/head.png ./body/beastie/dead.png ./body/beastie/black_hornunderleft.png ./body/beastie/eyes.png ./body/beastie/noze.png ./body/beastie/tail.png ./body/beastie/arm2left.png ./body/beastie/black_hat.png ./body/beastie/footright.png ./body/beastie/black_arm3left.png ./body/beastie/black_footleft.png ./body/beastie/black_footright.png ./body/beastie/black_hornoverright.png ./body/beastie/black_head.png ./body/beastie/body.png ./body/beastie/black_arm2right.png ./body/beastie/eyelid.png ./body/beastie/config.xml ./body/beastie/footleft.png ./body/beastie/black_hornoverleft.png ./body/beastie/black_body.png ./body/beastie/back.png ./body/beastie/arm3right.png ./body/wilber/black_noze.png ./body/wilber/black_eyes.png ./body/wilber/hornunderright.png ./body/wilber/hat.png ./body/wilber/pupil.png ./body/wilber/arm1left.png ./body/wilber/black_back.png ./body/wilber/black_pupil.png ./body/wilber/black_eyelid.png ./body/wilber/black_tail.png ./body/wilber/hornoverright.png ./body/wilber/black_arm1left.png ./body/wilber/black_hornunderright.png ./body/wilber/arm3left.png ./body/wilber/hornoverleft.png ./body/wilber/arm1right.png ./body/wilber/black_arm2left.png ./body/wilber/black_arm1right.png ./body/wilber/arm2right.png ./body/wilber/hornunderleft.png ./body/wilber/black_arm3right.png ./body/wilber/sick_head.png ./body/wilber/head.png ./body/wilber/dead.png ./body/wilber/black_hornunderleft.png ./body/wilber/eyes.png ./body/wilber/noze.png ./body/wilber/tail.png ./body/wilber/arm2left.png ./body/wilber/black_hat.png ./body/wilber/footright.png ./body/wilber/black_arm3left.png ./body/wilber/black_footleft.png ./body/wilber/black_footright.png ./body/wilber/black_hornoverright.png ./body/wilber/black_head.png ./body/wilber/body.png ./body/wilber/black_arm2right.png ./body/wilber/eyelid.png ./body/wilber/config.xml ./body/wilber/footleft.png ./body/wilber/black_hornoverleft.png ./body/wilber/black_body.png ./body/wilber/back.png ./body/wilber/arm3right.png ./body/gnu/black_noze.png ./body/gnu/black_eyes.png ./body/gnu/hornunderright.png ./body/gnu/hat.png ./body/gnu/pupil.png ./body/gnu/arm1left.png ./body/gnu/black_back.png ./body/gnu/black_pupil.png ./body/gnu/black_eyelid.png ./body/gnu/black_tail.png ./body/gnu/hornoverright.png ./body/gnu/black_arm1left.png ./body/gnu/black_hornunderright.png ./body/gnu/arm3left.png ./body/gnu/hornoverleft.png ./body/gnu/arm1right.png ./body/gnu/black_arm2left.png ./body/gnu/black_arm1right.png ./body/gnu/arm2right.png ./body/gnu/hornunderleft.png ./body/gnu/black_arm3right.png ./body/gnu/sick_head.png ./body/gnu/head.png ./body/gnu/dead.png ./body/gnu/black_hornunderleft.png ./body/gnu/eyes.png ./body/gnu/noze.png ./body/gnu/tail.png ./body/gnu/arm2left.png ./body/gnu/black_hat.png ./body/gnu/footright.png ./body/gnu/black_arm3left.png ./body/gnu/black_footleft.png ./body/gnu/black_footright.png ./body/gnu/black_hornoverright.png ./body/gnu/black_head.png ./body/gnu/body.png ./body/gnu/black_arm2right.png ./body/gnu/eyelid.png ./body/gnu/config.xml ./body/gnu/footleft.png ./body/gnu/black_hornoverleft.png ./body/gnu/black_body.png ./body/gnu/back.png ./body/gnu/arm3right.png ./body/hexley/black_noze.png ./body/hexley/black_eyes.png ./body/hexley/hornunderright.png ./body/hexley/hat.png ./body/hexley/pupil.png ./body/hexley/arm1left.png ./body/hexley/black_back.png ./body/hexley/black_pupil.png ./body/hexley/black_eyelid.png ./body/hexley/black_hornleft.png ./body/hexley/black_tail.png ./body/hexley/hornoverright.png ./body/hexley/black_arm1left.png ./body/hexley/black_hornunderright.png ./body/hexley/arm3left.png ./body/hexley/hornoverleft.png ./body/hexley/arm1right.png ./body/hexley/black_arm2left.png ./body/hexley/black_arm1right.png ./body/hexley/arm2right.png ./body/hexley/hornunderleft.png ./body/hexley/black_arm3right.png ./body/hexley/sick_head.png ./body/hexley/head.png ./body/hexley/dead.png ./body/hexley/black_hornunderleft.png ./body/hexley/eyes.png ./body/hexley/noze.png ./body/hexley/tail.png ./body/hexley/arm2left.png ./body/hexley/black_hat.png ./body/hexley/footright.png ./body/hexley/black_arm3left.png ./body/hexley/black_footleft.png ./body/hexley/hornright.png ./body/hexley/black_footright.png ./body/hexley/black_hornoverright.png ./body/hexley/black_head.png ./body/hexley/body.png ./body/hexley/black_arm2right.png ./body/hexley/eyelid.png ./body/hexley/config.xml ./body/hexley/hornleft.png ./body/hexley/footleft.png ./body/hexley/black_hornright.png ./body/hexley/black_hornoverleft.png ./body/hexley/black_body.png ./body/hexley/back.png ./body/hexley/arm3right.png ./body/hexley/hornoveleft.png ./body/body.dtd ./body/tux/black_noze.png ./body/tux/black_eyes.png ./body/tux/hornunderright.png ./body/tux/hat.png ./body/tux/pupil.png ./body/tux/arm1left.png ./body/tux/black_back.png ./body/tux/black_pupil.png ./body/tux/black_eyelid.png ./body/tux/black_tail.png ./body/tux/hornoverright.png ./body/tux/black_arm1left.png ./body/tux/black_hornunderright.png ./body/tux/arm3left.png ./body/tux/hornoverleft.png ./body/tux/arm1right.png ./body/tux/black_arm2left.png ./body/tux/black_arm1right.png ./body/tux/arm2right.png ./body/tux/hornunderleft.png ./body/tux/black_arm3right.png ./body/tux/sick_head.png ./body/tux/head.png ./body/tux/dead.png ./body/tux/black_hornunderleft.png ./body/tux/eyes.png ./body/tux/noze.png ./body/tux/tail.png ./body/tux/arm2left.png ./body/tux/black_hat.png ./body/tux/footright.png ./body/tux/black_arm3left.png ./body/tux/black_footleft.png ./body/tux/black_footright.png ./body/tux/black_hornoverright.png ./body/tux/black_head.png ./body/tux/body.png ./body/tux/black_arm2right.png ./body/tux/eyelid.png ./body/tux/config.xml ./body/tux/footleft.png ./body/tux/black_hornoverleft.png ./body/tux/black_body.png ./body/tux/back.png ./body/tux/arm3right.png ./body/workrave/black_noze.png ./body/workrave/black_eyes.png ./body/workrave/hornunderright.png ./body/workrave/hat.png ./body/workrave/pupil.png ./body/workrave/arm1left.png ./body/workrave/black_back.png ./body/workrave/black_pupil.png ./body/workrave/black_eyelid.png ./body/workrave/black_hornleft.png ./body/workrave/black_tail.png ./body/workrave/hornoverright.png ./body/workrave/black_arm1left.png ./body/workrave/black_hornunderright.png ./body/workrave/arm3left.png ./body/workrave/hornoverleft.png ./body/workrave/arm1right.png ./body/workrave/black_arm2left.png ./body/workrave/black_arm1right.png ./body/workrave/arm2right.png ./body/workrave/hornunderleft.png ./body/workrave/black_arm3right.png ./body/workrave/sick_head.png ./body/workrave/head.png ./body/workrave/dead.png ./body/workrave/black_hornunderleft.png ./body/workrave/eyes.png ./body/workrave/noze.png ./body/workrave/tail.png ./body/workrave/arm2left.png ./body/workrave/black_hat.png ./body/workrave/footright.png ./body/workrave/black_arm3left.png ./body/workrave/black_footleft.png ./body/workrave/hornright.png ./body/workrave/black_footright.png ./body/workrave/black_hornoverright.png ./body/workrave/black_head.png ./body/workrave/body.png ./body/workrave/black_arm2right.png ./body/workrave/eyelid.png ./body/workrave/config.xml ./body/workrave/hornleft.png ./body/workrave/footleft.png ./body/workrave/black_hornright.png ./body/workrave/black_hornoverleft.png ./body/workrave/black_body.png ./body/workrave/back.png ./body/workrave/arm3right.png ./body/konqi/black_noze.png ./body/konqi/black_eyes.png ./body/konqi/hornunderright.png ./body/konqi/hat.png ./body/konqi/pupil.png ./body/konqi/arm1left.png ./body/konqi/black_back.png ./body/konqi/black_pupil.png ./body/konqi/black_eyelid.png ./body/konqi/black_tail.png ./body/konqi/hornoverright.png ./body/konqi/black_arm1left.png ./body/konqi/black_hornunderright.png ./body/konqi/arm3left.png ./body/konqi/hornoverleft.png ./body/konqi/arm1right.png ./body/konqi/black_arm2left.png ./body/konqi/black_arm1right.png ./body/konqi/arm2right.png ./body/konqi/hornunderleft.png ./body/konqi/black_arm3right.png ./body/konqi/sick_head.png ./body/konqi/head.png ./body/konqi/dead.png ./body/konqi/black_hornunderleft.png ./body/konqi/eyes.png ./body/konqi/noze.png ./body/konqi/tail.png ./body/konqi/arm2left.png ./body/konqi/black_hat.png ./body/konqi/footright.png ./body/konqi/black_arm3left.png ./body/konqi/black_footleft.png ./body/konqi/black_footright.png ./body/konqi/black_hornoverright.png ./body/konqi/black_head.png ./body/konqi/body.png ./body/konqi/black_arm2right.png ./body/konqi/eyelid.png ./body/konqi/config.xml ./body/konqi/footleft.png ./body/konqi/black_hornoverleft.png ./body/konqi/black_body.png ./body/konqi/back.png ./body/konqi/arm3right.png ./body/suse/black_noze.png ./body/suse/black_eyes.png ./body/suse/hornunderright.png ./body/suse/hat.png ./body/suse/pupil.png ./body/suse/arm1left.png ./body/suse/black_back.png ./body/suse/black_pupil.png ./body/suse/black_eyelid.png ./body/suse/black_tail.png ./body/suse/hornoverright.png ./body/suse/black_arm1left.png ./body/suse/black_hornunderright.png ./body/suse/arm3left.png ./body/suse/hornoverleft.png ./body/suse/arm1right.png ./body/suse/black_arm2left.png ./body/suse/black_arm1right.png ./body/suse/arm2right.png ./body/suse/hornunderleft.png ./body/suse/black_arm3right.png ./body/suse/sick_head.png ./body/suse/head.png ./body/suse/dead.png ./body/suse/black_hornunderleft.png ./body/suse/eyes.png ./body/suse/noze.png ./body/suse/tail.png ./body/suse/arm2left.png ./body/suse/black_hat.png ./body/suse/footright.png ./body/suse/black_arm3left.png ./body/suse/black_footleft.png ./body/suse/black_footright.png ./body/suse/black_hornoverright.png ./body/suse/black_head.png ./body/suse/body.png ./body/suse/black_arm2right.png ./body/suse/eyelid.png ./body/suse/config.xml ./body/suse/footleft.png ./body/suse/black_hornoverleft.png ./body/suse/black_body.png ./body/suse/back.png ./body/suse/arm3right.png ./body/snort/black_noze.png ./body/snort/black_eyes.png ./body/snort/hornunderright.png ./body/snort/hat.png ./body/snort/pupil.png ./body/snort/arm1left.png ./body/snort/black_back.png ./body/snort/black_pupil.png ./body/snort/black_eyelid.png ./body/snort/black_tail.png ./body/snort/hornoverright.png ./body/snort/black_arm1left.png ./body/snort/black_hornunderright.png ./body/snort/arm3left.png ./body/snort/hornoverleft.png ./body/snort/arm1right.png ./body/snort/black_arm2left.png ./body/snort/black_arm1right.png ./body/snort/arm2right.png ./body/snort/hornunderleft.png ./body/snort/black_arm3right.png ./body/snort/sick_head.png ./body/snort/head.png ./body/snort/dead.png ./body/snort/black_hornunderleft.png ./body/snort/eyes.png ./body/snort/noze.png ./body/snort/tail.png ./body/snort/arm2left.png ./body/snort/black_hat.png ./body/snort/footright.png ./body/snort/black_arm3left.png ./body/snort/black_footleft.png ./body/snort/black_footright.png ./body/snort/black_hornoverright.png ./body/snort/black_head.png ./body/snort/body.png ./body/snort/black_arm2right.png ./body/snort/eyelid.png ./body/snort/config.xml ./body/snort/footleft.png ./body/snort/black_hornoverleft.png ./body/snort/black_body.png ./body/snort/back.png ./body/snort/arm3right.png ./body/thunderbird/black_noze.png ./body/thunderbird/black_eyes.png ./body/thunderbird/hornunderright.png ./body/thunderbird/hat.png ./body/thunderbird/pupil.png ./body/thunderbird/arm1left.png ./body/thunderbird/black_back.png ./body/thunderbird/black_pupil.png ./body/thunderbird/black_eyelid.png ./body/thunderbird/black_hornleft.png ./body/thunderbird/black_tail.png ./body/thunderbird/hornoverright.png ./body/thunderbird/black_arm1left.png ./body/thunderbird/black_hornunderright.png ./body/thunderbird/arm3left.png ./body/thunderbird/hornoverleft.png ./body/thunderbird/arm1right.png ./body/thunderbird/black_arm2left.png ./body/thunderbird/black_arm1right.png ./body/thunderbird/arm2right.png ./body/thunderbird/hornunderleft.png ./body/thunderbird/black_arm3right.png ./body/thunderbird/sick_head.png ./body/thunderbird/head.png ./body/thunderbird/dead.png ./body/thunderbird/black_hornunderleft.png ./body/thunderbird/eyes.png ./body/thunderbird/noze.png ./body/thunderbird/tail.png ./body/thunderbird/arm2left.png ./body/thunderbird/black_hat.png ./body/thunderbird/footright.png ./body/thunderbird/black_arm3left.png ./body/thunderbird/black_footleft.png ./body/thunderbird/hornright.png ./body/thunderbird/black_footright.png ./body/thunderbird/black_hornoverright.png ./body/thunderbird/black_head.png ./body/thunderbird/body.png ./body/thunderbird/black_arm2right.png ./body/thunderbird/eyelid.png ./body/thunderbird/config.xml ./body/thunderbird/hornleft.png ./body/thunderbird/footleft.png ./body/thunderbird/black_hornright.png ./body/thunderbird/black_hornoverleft.png ./body/thunderbird/black_body.png ./body/thunderbird/back.png ./body/thunderbird/arm3right.png ./body/movements.xml ./body/php/black_noze.png ./body/php/black_eyes.png ./body/php/hornunderright.png ./body/php/hat.png ./body/php/pupil.png ./body/php/arm1left.png ./body/php/black_back.png ./body/php/black_pupil.png ./body/php/black_eyelid.png ./body/php/black_hornleft.png ./body/php/black_tail.png ./body/php/hornoverright.png ./body/php/black_arm1left.png ./body/php/black_hornunderright.png ./body/php/arm3left.png ./body/php/hornoverleft.png ./body/php/arm1right.png ./body/php/black_arm2left.png ./body/php/black_arm1right.png ./body/php/arm2right.png ./body/php/hornunderleft.png ./body/php/black_arm3right.png ./body/php/sick_head.png ./body/php/head.png ./body/php/dead.png ./body/php/black_hornunderleft.png ./body/php/eyes.png ./body/php/noze.png ./body/php/tail.png ./body/php/arm2left.png ./body/php/black_hat.png ./body/php/footright.png ./body/php/black_arm3left.png ./body/php/black_footleft.png ./body/php/black_footright.png ./body/php/black_hornoverright.png ./body/php/black_head.png ./body/php/body.png ./body/php/black_arm2right.png ./body/php/eyelid.png ./body/php/config.xml ./body/php/footleft.png ./body/php/black_hornright.png ./body/php/black_hornoverleft.png ./body/php/black_body.png ./body/php/hornrightright.png ./body/php/back.png ./body/php/arm3right.png ./body/bugzilla/black_noze.png ./body/bugzilla/black_eyes.png ./body/bugzilla/hornunderright.png ./body/bugzilla/hat.png ./body/bugzilla/pupil.png ./body/bugzilla/arm1left.png ./body/bugzilla/black_back.png ./body/bugzilla/black_pupil.png ./body/bugzilla/black_eyelid.png ./body/bugzilla/black_tail.png ./body/bugzilla/hornoverright.png ./body/bugzilla/black_arm1left.png ./body/bugzilla/black_hornunderright.png ./body/bugzilla/arm3left.png ./body/bugzilla/hornoverleft.png ./body/bugzilla/arm1right.png ./body/bugzilla/black_arm2left.png ./body/bugzilla/black_arm1right.png ./body/bugzilla/arm2right.png ./body/bugzilla/hornunderleft.png ./body/bugzilla/black_arm3right.png ./body/bugzilla/sick_head.png ./body/bugzilla/head.png ./body/bugzilla/dead.png ./body/bugzilla/black_hornunderleft.png ./body/bugzilla/eyes.png ./body/bugzilla/noze.png ./body/bugzilla/tail.png ./body/bugzilla/arm2left.png ./body/bugzilla/black_hat.png ./body/bugzilla/footright.png ./body/bugzilla/black_arm3left.png ./body/bugzilla/black_footleft.png ./body/bugzilla/black_footright.png ./body/bugzilla/black_hornoverright.png ./body/bugzilla/black_head.png ./body/bugzilla/body.png ./body/bugzilla/black_arm2right.png ./body/bugzilla/eyelid.png ./body/bugzilla/config.xml ./body/bugzilla/footleft.png ./body/bugzilla/black_hornoverleft.png ./body/bugzilla/black_body.png ./body/bugzilla/back.png ./body/bugzilla/arm3right.png ./body/postfix/black_noze.png ./body/postfix/black_eyes.png ./body/postfix/hornunderright.png ./body/postfix/hat.png ./body/postfix/pupil.png ./body/postfix/arm1left.png ./body/postfix/black_back.png ./body/postfix/black_pupil.png ./body/postfix/black_eyelid.png ./body/postfix/black_hornleft.png ./body/postfix/black_tail.png ./body/postfix/hornoverright.png ./body/postfix/black_arm1left.png ./body/postfix/black_hornunderright.png ./body/postfix/arm3left.png ./body/postfix/hornoverleft.png ./body/postfix/arm1right.png ./body/postfix/black_arm2left.png ./body/postfix/black_arm1right.png ./body/postfix/arm2right.png ./body/postfix/hornunderleft.png ./body/postfix/black_arm3right.png ./body/postfix/sick_head.png ./body/postfix/head.png ./body/postfix/dead.png ./body/postfix/black_hornunderleft.png ./body/postfix/eyes.png ./body/postfix/noze.png ./body/postfix/tail.png ./body/postfix/arm2left.png ./body/postfix/black_hat.png ./body/postfix/footright.png ./body/postfix/black_arm3left.png ./body/postfix/black_footleft.png ./body/postfix/hornright.png ./body/postfix/black_footright.png ./body/postfix/black_hornoverright.png ./body/postfix/black_head.png ./body/postfix/body.png ./body/postfix/black_arm2right.png ./body/postfix/eyelid.png ./body/postfix/config.xml ./body/postfix/hornleft.png ./body/postfix/footleft.png ./body/postfix/black_hornright.png ./body/postfix/black_hornoverleft.png ./body/postfix/black_body.png ./body/postfix/back.png ./body/postfix/arm3right.png ./team/pidgin/flag.png ./team/pidgin/flag64.png ./team/pidgin/team.xml ./team/pidgin/dead.png ./team/firefox/flag.png ./team/firefox/flag64.png ./team/firefox/team.xml ./team/firefox/dead.png ./team/spip/flag.png ./team/spip/flag64.png ./team/spip/team.xml ./team/spip/dead.png ./team/beastie/flag.png ./team/beastie/flag64.png ./team/beastie/team.xml ./team/beastie/dead.png ./team/wilber/flag.png ./team/wilber/flag64.png ./team/wilber/team.xml ./team/wilber/dead.png ./team/gnu/flag.png ./team/gnu/flag64.png ./team/gnu/team.xml ./team/gnu/dead.png ./team/hexley/flag.png ./team/hexley/flag64.png ./team/hexley/team.xml ./team/hexley/dead.png ./team/tux/flag.png ./team/tux/flag64.png ./team/tux/team.xml ./team/tux/dead.png ./team/workrave/flag.png ./team/workrave/flag64.png ./team/workrave/team.xml ./team/workrave/dead.png ./team/konqi/flag.png ./team/konqi/flag64.png ./team/konqi/team.xml ./team/konqi/dead.png ./team/suse/flag.png ./team/suse/flag64.png ./team/suse/team.xml ./team/suse/dead.png ./team/snort/flag.png ./team/snort/flag64.png ./team/snort/team.xml ./team/snort/dead.png ./team/thunderbird/flag.png ./team/thunderbird/flag64.png ./team/thunderbird/team.xml ./team/thunderbird/dead.png ./team/php/flag.png ./team/php/flag64.png ./team/php/team.xml ./team/php/dead.png ./team/bugzilla/flag.png ./team/bugzilla/flag64.png ./team/bugzilla/team.xml ./team/bugzilla/dead.png ./team/postfix/flag.png ./team/postfix/flag64.png ./team/postfix/team.xml ./team/postfix/dead.png ./team/team.dtd'
DEFS='-DHAVE_CONFIG_H'
DEPDIR='.deps'
ECHO_C=''
ECHO_N='-n'
ECHO_T=''
EGREP='/bin/grep -E'
EXEEXT=''
FONTFILE='${DATADIR}/font/Ubuntu-R.ttf'
FRIBIDI_CFLAGS=''
FRIBIDI_LIBS=''
GCC_FALSE='#'
GCC_TRUE=''
GMSGFMT='/usr/bin/msgfmt'
GMSGFMT_015='/usr/bin/msgfmt'
GREP='/bin/grep'
INSTALL_DATA='${INSTALL} -m 644'
INSTALL_PROGRAM='${INSTALL}'
INSTALL_SCRIPT='${INSTALL}'
INSTALL_STRIP_PROGRAM='$(install_sh) -c -s'
INTLLIBS=''
INTL_MACOSX_LIBS=''
LDFLAGS=''
LIBCURL=''
LIBCURL_CPPFLAGS=''
LIBDBUS_CFLAGS=''
LIBDBUS_LIBS=''
LIBGLIB_CFLAGS=''
LIBGLIB_LIBS=''
LIBICONV='-liconv'
LIBINTL=''
LIBOBJS=''
LIBPNG_CFLAGS='-I/usr/include/libpng12  '
LIBPNG_LIBS='-lpng12  '
LIBS='-lSDL_net -lSDL_ttf -lSDL_mixer -lSDL_image -lSDL_gfx  -L/usr/lib/i386-linux-gnu -lSDL -lX11 -lpng12   -lxml2  '
LIBXML2_CFLAGS='-I/usr/include/libxml2  '
LIBXML2_LIBS='-lxml2  '
LOCALEDIR='/usr/local/share/locale'
LTLIBICONV='-liconv'
LTLIBINTL=''
LTLIBOBJS=''
MAEMO_FALSE=''
MAEMO_TRUE='#'
MAKEINFO='${SHELL} /home/moi/Warmux/warmux-11.04.1+repack/missing --run makeinfo'
MKDIR_P='/bin/mkdir -p'
MSGFMT='/usr/bin/msgfmt'
MSGFMT_015='/usr/bin/msgfmt'
MSGMERGE='/usr/bin/msgmerge'
NLS_FALSE='#'
NLS_TRUE=''
OBJEXT='o'
PACKAGE='warmux'
PACKAGE_BUGREPORT='warmux-dev@gna.org'
PACKAGE_NAME='Warmux'
PACKAGE_STRING='Warmux 11.04'
PACKAGE_TARNAME='warmux'
PACKAGE_URL=''
PACKAGE_VERSION='11.04'
PATH_SEPARATOR=':'
PKG_CONFIG='/usr/bin/pkg-config'
PKG_CONFIG_LIBDIR=''
PKG_CONFIG_PATH=''
POSUB='po'
RANLIB='ranlib'
SDL_CFLAGS='-I/usr/include/SDL -D_GNU_SOURCE=1 -D_REENTRANT'
SDL_CONFIG='/usr/bin/sdl-config'
SDL_GFX_PREFIX=''
SDL_LIBS='-L/usr/lib/i386-linux-gnu -lSDL'
SET_MAKE=''
SHELL='/bin/bash'
STATIC_FALSE=''
STATIC_TRUE='#'
STRIP='strip'
USE_NLS='yes'
VERSION='11.04'
WIN32_FALSE=''
WIN32_TRUE='#'
WINDRES=''
XGETTEXT='/usr/bin/xgettext'
XGETTEXT_015='/usr/bin/xgettext'
_libcurl_config=''
ac_ct_CC='gcc'
ac_ct_CXX='g++'
am__EXEEXT_FALSE=''
am__EXEEXT_TRUE='#'
am__fastdepCC_FALSE='#'
am__fastdepCC_TRUE=''
am__fastdepCXX_FALSE='#'
am__fastdepCXX_TRUE=''
am__include='include'
am__isrc=''
am__leading_dot='.'
am__quote=''
am__tar='${AMTAR} chof - "$$tardir"'
am__untar='${AMTAR} xf -'
bindir='${exec_prefix}/bin'
build='i686-pc-linux-gnu'
build_alias=''
build_cpu='i686'
build_os='linux-gnu'
build_vendor='pc'
cxx_present='yes'
datadir='${datarootdir}'
datarootdir='${prefix}/share'
docdir='${datarootdir}/doc/${PACKAGE_TARNAME}'
dvidir='${docdir}'
exec_prefix='${prefix}'
host='i686-pc-linux-gnu'
host_alias=''
host_cpu='i686'
host_os='linux-gnu'
host_vendor='pc'
htmldir='${docdir}'
includedir='${prefix}/include'
infodir='${datarootdir}/info'
install_sh='${SHELL} /home/moi/Warmux/warmux-11.04.1+repack/install-sh'
libdir='${exec_prefix}/lib'
libexecdir='${exec_prefix}/libexec'
localedir='${datarootdir}/locale'
localstatedir='${prefix}/var'
mandir='${datarootdir}/man'
mkdir_p='/bin/mkdir -p'
oldincludedir='/usr/include'
osso_CFLAGS=''
osso_LIBS=''
pdfdir='${docdir}'
prefix='/usr/local'
program_transform_name='s,x,x,'
psdir='${docdir}'
sbindir='${exec_prefix}/sbin'
sharedstatedir='${prefix}/com'
sysconfdir='${prefix}/etc'
target='i686-pc-linux-gnu'
target_alias=''
target_cpu='i686'
target_os='linux-gnu'
target_vendor='pc'

## ----------- ##
## confdefs.h. ##
## ----------- ##

/* confdefs.h */
#define PACKAGE_NAME "Warmux"
#define PACKAGE_TARNAME "warmux"
#define PACKAGE_VERSION "11.04"
#define PACKAGE_STRING "Warmux 11.04"
#define PACKAGE_BUGREPORT "warmux-dev@gna.org"
#define PACKAGE_URL ""
#define PACKAGE "warmux"
#define VERSION "11.04"
#define ENABLE_NLS 1
#define HAVE_GETTEXT 1
#define HAVE_DCGETTEXT 1
#define STDC_HEADERS 1
#define HAVE_SYS_TYPES_H 1
#define HAVE_SYS_STAT_H 1
#define HAVE_STDLIB_H 1
#define HAVE_STRING_H 1
#define HAVE_MEMORY_H 1
#define HAVE_STRINGS_H 1
#define HAVE_INTTYPES_H 1
#define HAVE_STDINT_H 1
#define HAVE_UNISTD_H 1
#define USE_X11 1
#define HAVE_LIBSDL_GFX 1
#define HAVE_LIBSDL_IMAGE 1
#define HAVE_LIBSDL_MIXER 1
#define HAVE_LIBSDL_TTF 1
#define HAVE_LIBSDL_NET 1
#define HAVE_DIRENT_H 1
#define STDC_HEADERS 1

configure: caught signal 2
configure: exit 1
